-- Install configuration: ""
-- Execute custom install script
-- Up-to-date symlink: /home/ubuntu/workspaces/diff_robot/install/my_bot/share/my_bot/config/empty.yaml
-- Symlinking: /home/ubuntu/workspaces/diff_robot/install/my_bot/share/my_bot/config/gaz_ros2_ctl_use_sim.yaml
-- Symlinking: /home/ubuntu/workspaces/diff_robot/install/my_bot/share/my_bot/config/gazebo_params.yaml
-- Symlinking: /home/ubuntu/workspaces/diff_robot/install/my_bot/share/my_bot/config/joystick.yaml
-- Up-to-date symlink: /home/ubuntu/workspaces/diff_robot/install/my_bot/share/my_bot/config/my_controllers.yaml
-- Up-to-date symlink: /home/ubuntu/workspaces/diff_robot/install/my_bot/share/my_bot/config/view_bot.rviz
-- Up-to-date symlink: /home/ubuntu/workspaces/diff_robot/install/my_bot/share/my_bot/description/gazebo_control.xacro
-- Up-to-date symlink: /home/ubuntu/workspaces/diff_robot/install/my_bot/share/my_bot/description/inertial_macros.xacro
-- Up-to-date symlink: /home/ubuntu/workspaces/diff_robot/install/my_bot/share/my_bot/description/robot.urdf.xacro
-- Up-to-date symlink: /home/ubuntu/workspaces/diff_robot/install/my_bot/share/my_bot/description/robot_core.xacro
-- Up-to-date symlink: /home/ubuntu/workspaces/diff_robot/install/my_bot/share/my_bot/description/ros2_control.xacro
-- Symlinking: /home/ubuntu/workspaces/diff_robot/install/my_bot/share/my_bot/launch/joystick.launch.py
-- Symlinking: /home/ubuntu/workspaces/diff_robot/install/my_bot/share/my_bot/launch/launch_robot.launch.py
-- Up-to-date symlink: /home/ubuntu/workspaces/diff_robot/install/my_bot/share/my_bot/launch/launch_sim.launch.py
-- Up-to-date symlink: /home/ubuntu/workspaces/diff_robot/install/my_bot/share/my_bot/launch/rsp.launch.py
-- Up-to-date symlink: /home/ubuntu/workspaces/diff_robot/install/my_bot/share/my_bot/worlds/empty.world
-- Up-to-date symlink: /home/ubuntu/workspaces/diff_robot/install/my_bot/share/my_bot/worlds/obstacles.world
-- Up-to-date symlink: /home/ubuntu/workspaces/diff_robot/install/my_bot/share/ament_index/resource_index/package_run_dependencies/my_bot
-- Up-to-date symlink: /home/ubuntu/workspaces/diff_robot/install/my_bot/share/ament_index/resource_index/parent_prefix_path/my_bot
-- Up-to-date symlink: /home/ubuntu/workspaces/diff_robot/install/my_bot/share/my_bot/environment/ament_prefix_path.sh
-- Up-to-date symlink: /home/ubuntu/workspaces/diff_robot/install/my_bot/share/my_bot/environment/ament_prefix_path.dsv
-- Up-to-date symlink: /home/ubuntu/workspaces/diff_robot/install/my_bot/share/my_bot/environment/path.sh
-- Up-to-date symlink: /home/ubuntu/workspaces/diff_robot/install/my_bot/share/my_bot/environment/path.dsv
-- Up-to-date symlink: /home/ubuntu/workspaces/diff_robot/install/my_bot/share/my_bot/local_setup.bash
-- Up-to-date symlink: /home/ubuntu/workspaces/diff_robot/install/my_bot/share/my_bot/local_setup.sh
-- Up-to-date symlink: /home/ubuntu/workspaces/diff_robot/install/my_bot/share/my_bot/local_setup.zsh
-- Up-to-date symlink: /home/ubuntu/workspaces/diff_robot/install/my_bot/share/my_bot/local_setup.dsv
-- Symlinking: /home/ubuntu/workspaces/diff_robot/install/my_bot/share/my_bot/package.dsv
-- Up-to-date symlink: /home/ubuntu/workspaces/diff_robot/install/my_bot/share/ament_index/resource_index/packages/my_bot
-- Up-to-date symlink: /home/ubuntu/workspaces/diff_robot/install/my_bot/share/my_bot/cmake/my_botConfig.cmake
-- Up-to-date symlink: /home/ubuntu/workspaces/diff_robot/install/my_bot/share/my_bot/cmake/my_botConfig-version.cmake
-- Up-to-date symlink: /home/ubuntu/workspaces/diff_robot/install/my_bot/share/my_bot/package.xml
