[0.096s] Invoking command in '/home/ubuntu/workspaces/diff_robot/build/my_bot': CMAKE_PREFIX_PATH=/opt/ros/foxy /usr/bin/cmake --build /home/ubuntu/workspaces/diff_robot/build/my_bot -- -j4 -l4
[0.285s] Invoked command in '/home/ubuntu/workspaces/diff_robot/build/my_bot' returned '0': CMAKE_PREFIX_PATH=/opt/ros/foxy /usr/bin/cmake --build /home/ubuntu/workspaces/diff_robot/build/my_bot -- -j4 -l4
[0.466s] Invoking command in '/home/ubuntu/workspaces/diff_robot/build/my_bot': CMAKE_PREFIX_PATH=/opt/ros/foxy /usr/bin/cmake --install /home/ubuntu/workspaces/diff_robot/build/my_bot
[0.526s] -- Install configuration: ""
[0.526s] -- Execute custom install script
[0.527s] -- Up-to-date symlink: /home/ubuntu/workspaces/diff_robot/install/my_bot/share/my_bot/config/empty.yaml
[0.527s] -- Symlinking: /home/ubuntu/workspaces/diff_robot/install/my_bot/share/my_bot/config/gaz_ros2_ctl_use_sim.yaml
[0.575s] -- Symlinking: /home/ubuntu/workspaces/diff_robot/install/my_bot/share/my_bot/config/gazebo_params.yaml
[0.629s] -- Symlinking: /home/ubuntu/workspaces/diff_robot/install/my_bot/share/my_bot/config/joystick.yaml
[0.674s] -- Up-to-date symlink: /home/ubuntu/workspaces/diff_robot/install/my_bot/share/my_bot/config/my_controllers.yaml
[0.676s] -- Up-to-date symlink: /home/ubuntu/workspaces/diff_robot/install/my_bot/share/my_bot/config/view_bot.rviz
[0.679s] -- Up-to-date symlink: /home/ubuntu/workspaces/diff_robot/install/my_bot/share/my_bot/description/gazebo_control.xacro
[0.680s] -- Up-to-date symlink: /home/ubuntu/workspaces/diff_robot/install/my_bot/share/my_bot/description/inertial_macros.xacro
[0.682s] -- Up-to-date symlink: /home/ubuntu/workspaces/diff_robot/install/my_bot/share/my_bot/description/robot.urdf.xacro
[0.683s] -- Up-to-date symlink: /home/ubuntu/workspaces/diff_robot/install/my_bot/share/my_bot/description/robot_core.xacro
[0.684s] -- Up-to-date symlink: /home/ubuntu/workspaces/diff_robot/install/my_bot/share/my_bot/description/ros2_control.xacro
[0.687s] -- Symlinking: /home/ubuntu/workspaces/diff_robot/install/my_bot/share/my_bot/launch/joystick.launch.py
[0.735s] -- Symlinking: /home/ubuntu/workspaces/diff_robot/install/my_bot/share/my_bot/launch/launch_robot.launch.py
[0.785s] -- Up-to-date symlink: /home/ubuntu/workspaces/diff_robot/install/my_bot/share/my_bot/launch/launch_sim.launch.py
[0.785s] -- Up-to-date symlink: /home/ubuntu/workspaces/diff_robot/install/my_bot/share/my_bot/launch/rsp.launch.py
[0.786s] -- Up-to-date symlink: /home/ubuntu/workspaces/diff_robot/install/my_bot/share/my_bot/worlds/empty.world
[0.795s] -- Up-to-date symlink: /home/ubuntu/workspaces/diff_robot/install/my_bot/share/my_bot/worlds/obstacles.world
[0.797s] -- Up-to-date symlink: /home/ubuntu/workspaces/diff_robot/install/my_bot/share/ament_index/resource_index/package_run_dependencies/my_bot
[0.798s] -- Up-to-date symlink: /home/ubuntu/workspaces/diff_robot/install/my_bot/share/ament_index/resource_index/parent_prefix_path/my_bot
[0.799s] -- Up-to-date symlink: /home/ubuntu/workspaces/diff_robot/install/my_bot/share/my_bot/environment/ament_prefix_path.sh
[0.799s] -- Up-to-date symlink: /home/ubuntu/workspaces/diff_robot/install/my_bot/share/my_bot/environment/ament_prefix_path.dsv
[0.806s] -- Up-to-date symlink: /home/ubuntu/workspaces/diff_robot/install/my_bot/share/my_bot/environment/path.sh
[0.808s] -- Up-to-date symlink: /home/ubuntu/workspaces/diff_robot/install/my_bot/share/my_bot/environment/path.dsv
[0.809s] -- Up-to-date symlink: /home/ubuntu/workspaces/diff_robot/install/my_bot/share/my_bot/local_setup.bash
[0.810s] -- Up-to-date symlink: /home/ubuntu/workspaces/diff_robot/install/my_bot/share/my_bot/local_setup.sh
[0.811s] -- Up-to-date symlink: /home/ubuntu/workspaces/diff_robot/install/my_bot/share/my_bot/local_setup.zsh
[0.811s] -- Up-to-date symlink: /home/ubuntu/workspaces/diff_robot/install/my_bot/share/my_bot/local_setup.dsv
[0.812s] -- Symlinking: /home/ubuntu/workspaces/diff_robot/install/my_bot/share/my_bot/package.dsv
[0.847s] -- Up-to-date symlink: /home/ubuntu/workspaces/diff_robot/install/my_bot/share/ament_index/resource_index/packages/my_bot
[0.849s] -- Up-to-date symlink: /home/ubuntu/workspaces/diff_robot/install/my_bot/share/my_bot/cmake/my_botConfig.cmake
[0.849s] -- Up-to-date symlink: /home/ubuntu/workspaces/diff_robot/install/my_bot/share/my_bot/cmake/my_botConfig-version.cmake
[0.852s] -- Up-to-date symlink: /home/ubuntu/workspaces/diff_robot/install/my_bot/share/my_bot/package.xml
[0.869s] Invoked command in '/home/ubuntu/workspaces/diff_robot/build/my_bot' returned '0': CMAKE_PREFIX_PATH=/opt/ros/foxy /usr/bin/cmake --install /home/ubuntu/workspaces/diff_robot/build/my_bot
