[0.101s] Invoking command in '/home/ubuntu/workspaces/diff_robot/build/diff_interface': CMAKE_PREFIX_PATH=${CMAKE_PREFIX_PATH}:/opt/ros/foxy /usr/bin/cmake --build /home/ubuntu/workspaces/diff_robot/build/diff_interface -- -j4 -l4
[0.230s] -- Found ament_cmake: 0.9.12 (/opt/ros/foxy/share/ament_cmake/cmake)
[0.337s] -- Using PYTHON_EXECUTABLE: /usr/bin/python3
[1.248s] -- Found hardware_interface: 0.11.0 (/opt/ros/foxy/share/hardware_interface/cmake)
[1.386s] -- Using all available rosidl_typesupport_c: rosidl_typesupport_fastrtps_c;rosidl_typesupport_introspection_c
[1.399s] -- Found rosidl_adapter: 1.3.1 (/opt/ros/foxy/share/rosidl_adapter/cmake)
[2.351s] -- Using all available rosidl_typesupport_cpp: rosidl_typesupport_fastrtps_cpp;rosidl_typesupport_introspection_cpp
[4.174s] -- Found controller_manager: 0.11.0 (/opt/ros/foxy/share/controller_manager/cmake)
[4.367s] -- Found rmw_implementation_cmake: 1.0.4 (/opt/ros/foxy/share/rmw_implementation_cmake/cmake)
[4.374s] -- Using RMW implementation 'rmw_fastrtps_cpp' as default
[6.233s] -- Configuring done
[6.347s] -- Generating done
[6.355s] -- Build files have been written to: /home/ubuntu/workspaces/diff_robot/build/diff_interface
[6.471s] [35m[1mScanning dependencies of target diff_interface[0m
[6.640s] [ 20%] [32mBuilding CXX object CMakeFiles/diff_interface.dir/src/diffdrive_MyBot.cpp.o[0m
[6.655s] [ 40%] [32mBuilding CXX object CMakeFiles/diff_interface.dir/src/motor_control.cpp.o[0m
[6.669s] [ 60%] [32mBuilding CXX object CMakeFiles/diff_interface.dir/src/rotary_encoder.cpp.o[0m
[6.860s] [01m[K/home/ubuntu/workspaces/diff_robot/src/diff_interface/src/rotary_encoder.cpp:5:10:[m[K [01;31m[Kfatal error: [m[Krotary_encoder.hpp: No such file or directory
[6.861s]     5 | #include [01;31m[K"rotary_encoder.hpp"[m[K
[6.861s]       |          [01;31m[K^~~~~~~~~~~~~~~~~~~~[m[K
[6.862s] compilation terminated.
[6.868s] make[2]: *** [CMakeFiles/diff_interface.dir/build.make:102: CMakeFiles/diff_interface.dir/src/rotary_encoder.cpp.o] Error 1
[6.869s] make[2]: *** Waiting for unfinished jobs....
[12.208s] In file included from [01m[K/opt/ros/foxy/include/rclcpp/client.hpp:40[m[K,
[12.209s]                  from [01m[K/opt/ros/foxy/include/rclcpp/callback_group.hpp:23[m[K,
[12.212s]                  from [01m[K/opt/ros/foxy/include/rclcpp/any_executable.hpp:20[m[K,
[12.213s]                  from [01m[K/opt/ros/foxy/include/rclcpp/memory_strategy.hpp:24[m[K,
[12.213s]                  from [01m[K/opt/ros/foxy/include/rclcpp/memory_strategies.hpp:18[m[K,
[12.214s]                  from [01m[K/opt/ros/foxy/include/rclcpp/executor_options.hpp:20[m[K,
[12.215s]                  from [01m[K/opt/ros/foxy/include/rclcpp/executor.hpp:33[m[K,
[12.215s]                  from [01m[K/opt/ros/foxy/include/rclcpp/executors/multi_threaded_executor.hpp:26[m[K,
[12.216s]                  from [01m[K/opt/ros/foxy/include/rclcpp/executors.hpp:21[m[K,
[12.217s]                  from [01m[K/opt/ros/foxy/include/rclcpp/rclcpp.hpp:146[m[K,
[12.218s]                  from [01m[K/home/ubuntu/workspaces/diff_robot/src/diff_interface/include/diff_interface/motor_control.h:6[m[K,
[12.219s]                  from [01m[K/home/ubuntu/workspaces/diff_robot/src/diff_interface/src/motor_control.cpp:1[m[K:
[12.220s] [01m[K/home/ubuntu/workspaces/diff_robot/src/diff_interface/src/motor_control.cpp:[m[K In member function ‘[01m[Kvoid motor_control::callback1(int)[m[K’:
[12.220s] [01m[K/home/ubuntu/workspaces/diff_robot/src/diff_interface/src/motor_control.cpp:15:26:[m[K [01;35m[Kwarning: [m[Kleft operand of comma operator has no effect [[01;35m[K-Wunused-value[m[K]
[12.221s]    15 |    RCLCPP_INFO(logger_, ([01;35m[K"pos1= %f \n"[m[K, pos ));
[12.222s]       |                          [01;35m[K^~~~~~~~~~~~~[m[K
[12.222s] [01m[K/home/ubuntu/workspaces/diff_robot/src/diff_interface/src/motor_control.cpp:15:39:[m[K [01;31m[Kerror: [m[Kinvalid conversion from ‘[01m[Kint[m[K’ to ‘[01m[Kconst char*[m[K’ [[01;31m[K-fpermissive[m[K]
[12.223s]    15 |    RCLCPP_INFO(logger_, [01;31m[K("pos1= %f \n", pos )[m[K);
[12.224s]       |                         [01;31m[K~~~~~~~~~~~~~~^~~~~~~[m[K
[12.224s]       |                                       [01;31m[K|[m[K
[12.225s]       |                                       [01;31m[Kint[m[K
[12.226s] In file included from [01m[K/opt/ros/foxy/include/rclcpp/client.hpp:36[m[K,
[12.226s]                  from [01m[K/opt/ros/foxy/include/rclcpp/callback_group.hpp:23[m[K,
[12.227s]                  from [01m[K/opt/ros/foxy/include/rclcpp/any_executable.hpp:20[m[K,
[12.227s]                  from [01m[K/opt/ros/foxy/include/rclcpp/memory_strategy.hpp:24[m[K,
[12.228s]                  from [01m[K/opt/ros/foxy/include/rclcpp/memory_strategies.hpp:18[m[K,
[12.228s]                  from [01m[K/opt/ros/foxy/include/rclcpp/executor_options.hpp:20[m[K,
[12.229s]                  from [01m[K/opt/ros/foxy/include/rclcpp/executor.hpp:33[m[K,
[12.230s]                  from [01m[K/opt/ros/foxy/include/rclcpp/executors/multi_threaded_executor.hpp:26[m[K,
[12.231s]                  from [01m[K/opt/ros/foxy/include/rclcpp/executors.hpp:21[m[K,
[12.231s]                  from [01m[K/opt/ros/foxy/include/rclcpp/rclcpp.hpp:146[m[K,
[12.232s]                  from [01m[K/home/ubuntu/workspaces/diff_robot/src/diff_interface/include/diff_interface/motor_control.h:6[m[K,
[12.233s]                  from [01m[K/home/ubuntu/workspaces/diff_robot/src/diff_interface/src/motor_control.cpp:1[m[K:
[12.233s] [01m[K/opt/ros/foxy/include/rclcpp/utilities.hpp:296:27:[m[K [01;36m[Knote: [m[K  initializing argument 1 of ‘[01m[Kconst char* rclcpp::get_c_string(const char*)[m[K’
[12.234s]   296 | get_c_string([01;36m[Kconst char * string_in[m[K);
[12.235s]       |              [01;36m[K~~~~~~~~~~~~~^~~~~~~~~[m[K
[12.236s] In file included from [01m[K/opt/ros/foxy/include/rclcpp/client.hpp:40[m[K,
[12.237s]                  from [01m[K/opt/ros/foxy/include/rclcpp/callback_group.hpp:23[m[K,
[12.237s]                  from [01m[K/opt/ros/foxy/include/rclcpp/any_executable.hpp:20[m[K,
[12.239s]                  from [01m[K/opt/ros/foxy/include/rclcpp/memory_strategy.hpp:24[m[K,
[12.239s]                  from [01m[K/opt/ros/foxy/include/rclcpp/memory_strategies.hpp:18[m[K,
[12.240s]                  from [01m[K/opt/ros/foxy/include/rclcpp/executor_options.hpp:20[m[K,
[12.240s]                  from [01m[K/opt/ros/foxy/include/rclcpp/executor.hpp:33[m[K,
[12.241s]                  from [01m[K/opt/ros/foxy/include/rclcpp/executors/multi_threaded_executor.hpp:26[m[K,
[12.242s]                  from [01m[K/opt/ros/foxy/include/rclcpp/executors.hpp:21[m[K,
[12.254s]                  from [01m[K/opt/ros/foxy/include/rclcpp/rclcpp.hpp:146[m[K,
[12.261s]                  from [01m[K/home/ubuntu/workspaces/diff_robot/src/diff_interface/include/diff_interface/motor_control.h:6[m[K,
[12.261s]                  from [01m[K/home/ubuntu/workspaces/diff_robot/src/diff_interface/src/motor_control.cpp:1[m[K:
[12.262s] [01m[K/home/ubuntu/workspaces/diff_robot/src/diff_interface/src/motor_control.cpp:[m[K In member function ‘[01m[Kvoid motor_control::callback2(int)[m[K’:
[12.268s] [01m[K/home/ubuntu/workspaces/diff_robot/src/diff_interface/src/motor_control.cpp:24:26:[m[K [01;35m[Kwarning: [m[Kleft operand of comma operator has no effect [[01;35m[K-Wunused-value[m[K]
[12.269s]    24 |    RCLCPP_INFO(logger_, ([01;35m[K"pos2= %f \n"[m[K, pos ));
[12.270s]       |                          [01;35m[K^~~~~~~~~~~~~[m[K
[12.271s] [01m[K/home/ubuntu/workspaces/diff_robot/src/diff_interface/src/motor_control.cpp:24:39:[m[K [01;31m[Kerror: [m[Kinvalid conversion from ‘[01m[Kint[m[K’ to ‘[01m[Kconst char*[m[K’ [[01;31m[K-fpermissive[m[K]
[12.273s]    24 |    RCLCPP_INFO(logger_, [01;31m[K("pos2= %f \n", pos )[m[K);
[12.274s]       |                         [01;31m[K~~~~~~~~~~~~~~^~~~~~~[m[K
[12.275s]       |                                       [01;31m[K|[m[K
[12.275s]       |                                       [01;31m[Kint[m[K
[12.276s] In file included from [01m[K/opt/ros/foxy/include/rclcpp/client.hpp:36[m[K,
[12.277s]                  from [01m[K/opt/ros/foxy/include/rclcpp/callback_group.hpp:23[m[K,
[12.277s]                  from [01m[K/opt/ros/foxy/include/rclcpp/any_executable.hpp:20[m[K,
[12.278s]                  from [01m[K/opt/ros/foxy/include/rclcpp/memory_strategy.hpp:24[m[K,
[12.279s]                  from [01m[K/opt/ros/foxy/include/rclcpp/memory_strategies.hpp:18[m[K,
[12.279s]                  from [01m[K/opt/ros/foxy/include/rclcpp/executor_options.hpp:20[m[K,
[12.280s]                  from [01m[K/opt/ros/foxy/include/rclcpp/executor.hpp:33[m[K,
[12.280s]                  from [01m[K/opt/ros/foxy/include/rclcpp/executors/multi_threaded_executor.hpp:26[m[K,
[12.281s]                  from [01m[K/opt/ros/foxy/include/rclcpp/executors.hpp:21[m[K,
[12.282s]                  from [01m[K/opt/ros/foxy/include/rclcpp/rclcpp.hpp:146[m[K,
[12.282s]                  from [01m[K/home/ubuntu/workspaces/diff_robot/src/diff_interface/include/diff_interface/motor_control.h:6[m[K,
[12.283s]                  from [01m[K/home/ubuntu/workspaces/diff_robot/src/diff_interface/src/motor_control.cpp:1[m[K:
[12.284s] [01m[K/opt/ros/foxy/include/rclcpp/utilities.hpp:296:27:[m[K [01;36m[Knote: [m[K  initializing argument 1 of ‘[01m[Kconst char* rclcpp::get_c_string(const char*)[m[K’
[12.285s]   296 | get_c_string([01;36m[Kconst char * string_in[m[K);
[12.285s]       |              [01;36m[K~~~~~~~~~~~~~^~~~~~~~~[m[K
[12.286s] [01m[K/home/ubuntu/workspaces/diff_robot/src/diff_interface/src/motor_control.cpp:[m[K In member function ‘[01m[Kint motor_control::start_encoders()[m[K’:
[12.287s] [01m[K/home/ubuntu/workspaces/diff_robot/src/diff_interface/src/motor_control.cpp:34:45:[m[K [01;31m[Kerror: [m[Kinvalid use of non-static member function ‘[01m[Kvoid motor_control::callback1(int)[m[K’
[12.287s]    34 |     re_decoder *dec1 = new re_decoder(7, 8, [01;31m[Kcallback1[m[K);
[12.288s]       |                                             [01;31m[K^~~~~~~~~[m[K
[12.288s] [01m[K/home/ubuntu/workspaces/diff_robot/src/diff_interface/src/motor_control.cpp:9:6:[m[K [01;36m[Knote: [m[Kdeclared here
[12.289s]     9 | void [01;36m[Kmotor_control[m[K::callback1(int way)
[12.290s]       |      [01;36m[K^~~~~~~~~~~~~[m[K
[12.290s] [01m[K/home/ubuntu/workspaces/diff_robot/src/diff_interface/src/motor_control.cpp:35:47:[m[K [01;31m[Kerror: [m[Kinvalid use of non-static member function ‘[01m[Kvoid motor_control::callback2(int)[m[K’
[12.291s]    35 |     re_decoder *dec2 = new re_decoder(17, 18, [01;31m[Kcallback2[m[K);
[12.292s]       |                                               [01;31m[K^~~~~~~~~[m[K
[12.292s] [01m[K/home/ubuntu/workspaces/diff_robot/src/diff_interface/src/motor_control.cpp:18:6:[m[K [01;36m[Knote: [m[Kdeclared here
[12.293s]    18 | void [01;36m[Kmotor_control[m[K::callback2(int way)
[12.293s]       |      [01;36m[K^~~~~~~~~~~~~[m[K
[12.294s] [01m[K/home/ubuntu/workspaces/diff_robot/src/diff_interface/src/motor_control.cpp:34:17:[m[K [01;35m[Kwarning: [m[Kunused variable ‘[01m[Kdec1[m[K’ [[01;35m[K-Wunused-variable[m[K]
[12.295s]    34 |     re_decoder *[01;35m[Kdec1[m[K = new re_decoder(7, 8, callback1);
[12.295s]       |                 [01;35m[K^~~~[m[K
[12.296s] [01m[K/home/ubuntu/workspaces/diff_robot/src/diff_interface/src/motor_control.cpp:35:17:[m[K [01;35m[Kwarning: [m[Kunused variable ‘[01m[Kdec2[m[K’ [[01;35m[K-Wunused-variable[m[K]
[12.297s]    35 |     re_decoder *[01;35m[Kdec2[m[K = new re_decoder(17, 18, callback2);
[12.297s]       |                 [01;35m[K^~~~[m[K
[12.437s] [01m[K/home/ubuntu/workspaces/diff_robot/src/diff_interface/src/diffdrive_MyBot.cpp:[m[K In member function ‘[01m[Kvirtual hardware_interface::return_type DiffDriveMyBot::configure(const hardware_interface::HardwareInfo&)[m[K’:
[12.438s] [01m[K/home/ubuntu/workspaces/diff_robot/src/diff_interface/src/diffdrive_MyBot.cpp:33:5:[m[K [01;31m[Kerror: [m[K‘[01m[Kstop_encoders[m[K’ was not declared in this scope
[12.439s]    33 |     [01;31m[Kstop_encoders[m[K();
[12.440s]       |     [01;31m[K^~~~~~~~~~~~~[m[K
[13.680s] make[2]: *** [CMakeFiles/diff_interface.dir/build.make:89: CMakeFiles/diff_interface.dir/src/motor_control.cpp.o] Error 1
[15.032s] make[2]: *** [CMakeFiles/diff_interface.dir/build.make:63: CMakeFiles/diff_interface.dir/src/diffdrive_MyBot.cpp.o] Error 1
[15.033s] make[1]: *** [CMakeFiles/Makefile2:78: CMakeFiles/diff_interface.dir/all] Error 2
[15.034s] make: *** [Makefile:141: all] Error 2
[15.039s] Invoked command in '/home/ubuntu/workspaces/diff_robot/build/diff_interface' returned '2': CMAKE_PREFIX_PATH=${CMAKE_PREFIX_PATH}:/opt/ros/foxy /usr/bin/cmake --build /home/ubuntu/workspaces/diff_robot/build/diff_interface -- -j4 -l4
