[0.098s] Invoking command in '/home/ubuntu/workspaces/diff_robot/build/diff_interface': CMAKE_PREFIX_PATH=${CMAKE_PREFIX_PATH}:/opt/ros/foxy /usr/bin/cmake --build /home/ubuntu/workspaces/diff_robot/build/diff_interface -- -j4 -l4
[0.311s] [35m[1mScanning dependencies of target diff_interface[0m
[0.520s] [ 20%] [32mBuilding CXX object CMakeFiles/diff_interface.dir/src/diffdrive_MyBot.cpp.o[0m
[0.597s] [ 60%] [32mBuilding CXX object CMakeFiles/diff_interface.dir/src/motor_control.cpp.o[0m
[0.600s] [ 40%] [32mBuilding CXX object CMakeFiles/diff_interface.dir/src/rotary_encoder.cpp.o[0m
[0.871s] [01m[K/home/ubuntu/workspaces/diff_robot/src/diff_interface/src/rotary_encoder.cpp:[m[K In function ‘[01m[Kvoid _cb(int, unsigned int, unsigned int, uint32_t, void*)[m[K’:
[0.872s] [01m[K/home/ubuntu/workspaces/diff_robot/src/diff_interface/src/rotary_encoder.cpp:53:16:[m[K [01;31m[Kerror: [m[Kinvalid conversion from ‘[01m[Kvoid*[m[K’ to ‘[01m[KRED_t*[m[K’ {aka ‘[01m[K_RED_s*[m[K’} [[01;31m[K-fpermissive[m[K]
[0.873s]    53 |    RED_t *self=[01;31m[Kuser[m[K;
[0.874s]       |                [01;31m[K^~~~[m[K
[0.878s]       |                [01;31m[K|[m[K
[0.879s]       |                [01;31m[Kvoid*[m[K
[0.880s] [01m[K/home/ubuntu/workspaces/diff_robot/src/diff_interface/src/rotary_encoder.cpp:58:16:[m[K [01;35m[Kwarning: [m[Kcomparison of integer expressions of different signedness: ‘[01m[Kunsigned int[m[K’ and ‘[01m[Kint[m[K’ [[01;35m[K-Wsign-compare[m[K]
[0.881s]    58 |       if ([01;35m[Kgpio == self->gpioA[m[K)
[0.881s]       |           [01;35m[K~~~~~^~~~~~~~~~~~~~[m[K
[0.882s] [01m[K/home/ubuntu/workspaces/diff_robot/src/diff_interface/src/rotary_encoder.cpp:51:8:[m[K [01;35m[Kwarning: [m[Kunused parameter ‘[01m[Kpi[m[K’ [[01;35m[K-Wunused-parameter[m[K]
[0.882s]    51 |    [01;35m[Kint pi[m[K, unsigned gpio, unsigned level, uint32_t tick, void *user)
[0.883s]       |    [01;35m[K~~~~^~[m[K
[0.883s] [01m[K/home/ubuntu/workspaces/diff_robot/src/diff_interface/src/rotary_encoder.cpp:51:52:[m[K [01;35m[Kwarning: [m[Kunused parameter ‘[01m[Ktick[m[K’ [[01;35m[K-Wunused-parameter[m[K]
[0.884s]    51 |    int pi, unsigned gpio, unsigned level, [01;35m[Kuint32_t tick[m[K, void *user)
[0.884s]       |                                           [01;35m[K~~~~~~~~~^~~~[m[K
[0.885s] [01m[K/home/ubuntu/workspaces/diff_robot/src/diff_interface/src/rotary_encoder.cpp:[m[K In function ‘[01m[KRED_t* RED(int, int, int, int, RED_CB_t)[m[K’:
[0.885s] [01m[K/home/ubuntu/workspaces/diff_robot/src/diff_interface/src/rotary_encoder.cpp:93:17:[m[K [01;31m[Kerror: [m[Kinvalid conversion from ‘[01m[Kvoid*[m[K’ to ‘[01m[KRED_t*[m[K’ {aka ‘[01m[K_RED_s*[m[K’} [[01;31m[K-fpermissive[m[K]
[0.886s]    93 |    self = [01;31m[Kmalloc(sizeof(RED_t))[m[K;
[0.886s]       |           [01;31m[K~~~~~~^~~~~~~~~~~~~~~[m[K
[0.887s]       |                 [01;31m[K|[m[K
[0.887s]       |                 [01;31m[Kvoid*[m[K
[0.914s] make[2]: *** [CMakeFiles/diff_interface.dir/build.make:102: CMakeFiles/diff_interface.dir/src/rotary_encoder.cpp.o] Error 1
[0.916s] make[2]: *** Waiting for unfinished jobs....
[6.672s] In file included from [01m[K/home/ubuntu/workspaces/diff_robot/src/diff_interface/src/motor_control.cpp:1[m[K:
[6.673s] [01m[K/home/ubuntu/workspaces/diff_robot/src/diff_interface/include/diff_interface/motor_control.h:27:9:[m[K [01;31m[Kerror: [m[K‘[01m[KRED_t[m[K’ does not name a type
[6.673s]    27 |         [01;31m[KRED_t[m[K *renc;
[6.674s]       |         [01;31m[K^~~~~[m[K
[6.684s] [01m[K/home/ubuntu/workspaces/diff_robot/src/diff_interface/include/diff_interface/motor_control.h:31:23:[m[K [01;31m[Kerror: [m[K‘[01m[KRED_MODE_DETENT[m[K’ was not declared in this scope
[6.686s]    31 |         int optMode = [01;31m[KRED_MODE_DETENT[m[K;
[6.687s]       |                       [01;31m[K^~~~~~~~~~~~~~~[m[K
[6.687s] [01m[K/home/ubuntu/workspaces/diff_robot/src/diff_interface/src/motor_control.cpp:[m[K In function ‘[01m[Kvoid callback1(int)[m[K’:
[6.688s] [01m[K/home/ubuntu/workspaces/diff_robot/src/diff_interface/src/motor_control.cpp:9:20:[m[K [01;35m[Kwarning: [m[Kunused parameter ‘[01m[Kway[m[K’ [[01;35m[K-Wunused-parameter[m[K]
[6.689s]     9 | void callback1([01;35m[Kint way[m[K)
[6.689s]       |                [01;35m[K~~~~^~~[m[K
[6.702s] [01m[K/home/ubuntu/workspaces/diff_robot/src/diff_interface/src/motor_control.cpp:[m[K In member function ‘[01m[Kint motor_control::start_encoders()[m[K’:
[6.704s] [01m[K/home/ubuntu/workspaces/diff_robot/src/diff_interface/src/motor_control.cpp:43:5:[m[K [01;31m[Kerror: [m[K‘[01m[Krenc[m[K’ was not declared in this scope
[6.704s]    43 |     [01;31m[Krenc[m[K = RED(pi_, optGpioA, optGpioB, optMode, callback1);
[6.705s]       |     [01;31m[K^~~~[m[K
[6.708s] [01m[K/home/ubuntu/workspaces/diff_robot/src/diff_interface/src/motor_control.cpp:43:12:[m[K [01;31m[Kerror: [m[K‘[01m[KRED[m[K’ was not declared in this scope
[6.709s]    43 |     renc = [01;31m[KRED[m[K(pi_, optGpioA, optGpioB, optMode, callback1);
[6.711s]       |            [01;31m[K^~~[m[K
[6.739s] [01m[K/home/ubuntu/workspaces/diff_robot/src/diff_interface/src/motor_control.cpp:44:5:[m[K [01;31m[Kerror: [m[K‘[01m[KRED_set_glitch_filter[m[K’ was not declared in this scope; did you mean ‘[01m[Kset_glitch_filter[m[K’?
[6.740s]    44 |     [01;31m[KRED_set_glitch_filter[m[K(renc, optGlitch);
[6.741s]       |     [01;31m[K^~~~~~~~~~~~~~~~~~~~~[m[K
[6.742s]       |     [32m[Kset_glitch_filter[m[K
[6.743s] [01m[K/home/ubuntu/workspaces/diff_robot/src/diff_interface/src/motor_control.cpp:[m[K In destructor ‘[01m[Kmotor_control::~motor_control()[m[K’:
[6.744s] [01m[K/home/ubuntu/workspaces/diff_robot/src/diff_interface/src/motor_control.cpp:55:20:[m[K [01;31m[Kerror: [m[K‘[01m[Krenc[m[K’ was not declared in this scope
[6.745s]    55 |         RED_cancel([01;31m[Krenc[m[K);
[6.746s]       |                    [01;31m[K^~~~[m[K
[6.746s] [01m[K/home/ubuntu/workspaces/diff_robot/src/diff_interface/src/motor_control.cpp:55:9:[m[K [01;31m[Kerror: [m[K‘[01m[KRED_cancel[m[K’ was not declared in this scope
[6.747s]    55 |         [01;31m[KRED_cancel[m[K(renc);
[6.748s]       |         [01;31m[K^~~~~~~~~~[m[K
[6.772s] In file included from [01m[K/home/ubuntu/workspaces/diff_robot/src/diff_interface/include/diff_interface/diffdrive_MyBot.h:16[m[K,
[6.772s]                  from [01m[K/home/ubuntu/workspaces/diff_robot/src/diff_interface/src/diffdrive_MyBot.cpp:1[m[K:
[6.773s] [01m[K/home/ubuntu/workspaces/diff_robot/src/diff_interface/include/diff_interface/motor_control.h:27:9:[m[K [01;31m[Kerror: [m[K‘[01m[KRED_t[m[K’ does not name a type
[6.774s]    27 |         [01;31m[KRED_t[m[K *renc;
[6.774s]       |         [01;31m[K^~~~~[m[K
[6.786s] [01m[K/home/ubuntu/workspaces/diff_robot/src/diff_interface/include/diff_interface/motor_control.h:31:23:[m[K [01;31m[Kerror: [m[K‘[01m[KRED_MODE_DETENT[m[K’ was not declared in this scope
[6.788s]    31 |         int optMode = [01;31m[KRED_MODE_DETENT[m[K;
[6.790s]       |                       [01;31m[K^~~~~~~~~~~~~~~[m[K
[8.212s] make[2]: *** [CMakeFiles/diff_interface.dir/build.make:89: CMakeFiles/diff_interface.dir/src/motor_control.cpp.o] Error 1
[9.391s] make[2]: *** [CMakeFiles/diff_interface.dir/build.make:63: CMakeFiles/diff_interface.dir/src/diffdrive_MyBot.cpp.o] Error 1
[9.391s] make[1]: *** [CMakeFiles/Makefile2:78: CMakeFiles/diff_interface.dir/all] Error 2
[9.392s] make: *** [Makefile:141: all] Error 2
[9.399s] Invoked command in '/home/ubuntu/workspaces/diff_robot/build/diff_interface' returned '2': CMAKE_PREFIX_PATH=${CMAKE_PREFIX_PATH}:/opt/ros/foxy /usr/bin/cmake --build /home/ubuntu/workspaces/diff_robot/build/diff_interface -- -j4 -l4
