[01m[K/home/ubuntu/workspaces/diff_robot/src/diff_interface/src/rotary_encoder.cpp:[m[K In function ‘[01m[Kvoid _cb(int, int, unsigned int, uint32_t, void*)[m[K’:
[01m[K/home/ubuntu/workspaces/diff_robot/src/diff_interface/src/rotary_encoder.cpp:51:8:[m[K [01;35m[Kwarning: [m[Kunused parameter ‘[01m[Kpi[m[K’ [[01;35m[K-Wunused-parameter[m[K]
   51 |    [01;35m[Kint pi[m[K, int gpio, unsigned level, uint32_t tick, void *user)
      |    [01;35m[K~~~~^~[m[K
[01m[K/home/ubuntu/workspaces/diff_robot/src/diff_interface/src/rotary_encoder.cpp:51:47:[m[K [01;35m[Kwarning: [m[Kunused parameter ‘[01m[Ktick[m[K’ [[01;35m[K-Wunused-parameter[m[K]
   51 |    int pi, int gpio, unsigned level, [01;35m[Kuint32_t tick[m[K, void *user)
      |                                      [01;35m[K~~~~~~~~~^~~~[m[K
[01m[K/home/ubuntu/workspaces/diff_robot/src/diff_interface/src/rotary_encoder.cpp:[m[K In function ‘[01m[KRED_t* RED(int, int, int, int, RED_CB_t)[m[K’:
[01m[K/home/ubuntu/workspaces/diff_robot/src/diff_interface/src/rotary_encoder.cpp:123:56:[m[K [01;31m[Kerror: [m[Kcannot convert ‘[01m[Kvoid (**)(int)[m[K’ to ‘[01m[KCBFuncEx_t[m[K’ {aka ‘[01m[Kvoid (*)(int, unsigned int, unsigned int, unsigned int, void*)[m[K’}
  123 |    self->cb_id_a = callback_ex(pi, gpioA, EITHER_EDGE, [01;31m[K(RED_CB_t *)_cb[m[K, self);
      |                                                        [01;31m[K^~~~~~~~~~~~~~~[m[K
      |                                                        [01;31m[K|[m[K
      |                                                        [01;31m[Kvoid (**)(int)[m[K
In file included from [01m[K/home/ubuntu/workspaces/diff_robot/src/diff_interface/src/rotary_encoder.cpp:4[m[K:
[01m[K/usr/local/include/pigpiod_if2.h:3435:59:[m[K [01;36m[Knote: [m[K  initializing argument 4 of ‘[01m[Kint callback_ex(int, unsigned int, unsigned int, CBFuncEx_t, void*)[m[K’
 3435 |    (int pi, unsigned user_gpio, unsigned edge, [01;36m[KCBFuncEx_t f[m[K, void *userdata);
      |                                                [01;36m[K~~~~~~~~~~~^[m[K
[01m[K/home/ubuntu/workspaces/diff_robot/src/diff_interface/src/rotary_encoder.cpp:124:56:[m[K [01;31m[Kerror: [m[Kcannot convert ‘[01m[Kvoid (**)(int)[m[K’ to ‘[01m[KCBFuncEx_t[m[K’ {aka ‘[01m[Kvoid (*)(int, unsigned int, unsigned int, unsigned int, void*)[m[K’}
  124 |    self->cb_id_b = callback_ex(pi, gpioB, EITHER_EDGE, [01;31m[K(RED_CB_t *)_cb[m[K, self);
      |                                                        [01;31m[K^~~~~~~~~~~~~~~[m[K
      |                                                        [01;31m[K|[m[K
      |                                                        [01;31m[Kvoid (**)(int)[m[K
In file included from [01m[K/home/ubuntu/workspaces/diff_robot/src/diff_interface/src/rotary_encoder.cpp:4[m[K:
[01m[K/usr/local/include/pigpiod_if2.h:3435:59:[m[K [01;36m[Knote: [m[K  initializing argument 4 of ‘[01m[Kint callback_ex(int, unsigned int, unsigned int, CBFuncEx_t, void*)[m[K’
 3435 |    (int pi, unsigned user_gpio, unsigned edge, [01;36m[KCBFuncEx_t f[m[K, void *userdata);
      |                                                [01;36m[K~~~~~~~~~~~^[m[K
make[2]: *** [CMakeFiles/diff_interface.dir/build.make:102: CMakeFiles/diff_interface.dir/src/rotary_encoder.cpp.o] Error 1
make[1]: *** [CMakeFiles/Makefile2:78: CMakeFiles/diff_interface.dir/all] Error 2
make: *** [Makefile:141: all] Error 2
