[0.097s] Invoking command in '/home/ubuntu/workspaces/diff_robot/build/diff_interface': CMAKE_PREFIX_PATH=${CMAKE_PREFIX_PATH}:/opt/ros/foxy /usr/bin/cmake --build /home/ubuntu/workspaces/diff_robot/build/diff_interface -- -j4 -l4
[0.299s] [35m[1mScanning dependencies of target diff_interface[0m
[0.415s] [ 20%] [32mBuilding CXX object CMakeFiles/diff_interface.dir/src/rotary_encoder.cpp.o[0m
[0.727s] [01m[K/home/ubuntu/workspaces/diff_robot/src/diff_interface/src/rotary_encoder.cpp:[m[K In function ‘[01m[Kvoid _cb(int, int, unsigned int, uint32_t, void*)[m[K’:
[0.728s] [01m[K/home/ubuntu/workspaces/diff_robot/src/diff_interface/src/rotary_encoder.cpp:51:8:[m[K [01;35m[Kwarning: [m[Kunused parameter ‘[01m[Kpi[m[K’ [[01;35m[K-Wunused-parameter[m[K]
[0.729s]    51 |    [01;35m[Kint pi[m[K, int gpio, unsigned level, uint32_t tick, void *user)
[0.730s]       |    [01;35m[K~~~~^~[m[K
[0.730s] [01m[K/home/ubuntu/workspaces/diff_robot/src/diff_interface/src/rotary_encoder.cpp:51:47:[m[K [01;35m[Kwarning: [m[Kunused parameter ‘[01m[Ktick[m[K’ [[01;35m[K-Wunused-parameter[m[K]
[0.732s]    51 |    int pi, int gpio, unsigned level, [01;35m[Kuint32_t tick[m[K, void *user)
[0.733s]       |                                      [01;35m[K~~~~~~~~~^~~~[m[K
[0.734s] [01m[K/home/ubuntu/workspaces/diff_robot/src/diff_interface/src/rotary_encoder.cpp:[m[K In function ‘[01m[KRED_t* RED(int, int, int, int, RED_CB_t)[m[K’:
[0.735s] [01m[K/home/ubuntu/workspaces/diff_robot/src/diff_interface/src/rotary_encoder.cpp:123:56:[m[K [01;31m[Kerror: [m[Kcannot convert ‘[01m[Kvoid (**)(int)[m[K’ to ‘[01m[KCBFuncEx_t[m[K’ {aka ‘[01m[Kvoid (*)(int, unsigned int, unsigned int, unsigned int, void*)[m[K’}
[0.735s]   123 |    self->cb_id_a = callback_ex(pi, gpioA, EITHER_EDGE, [01;31m[K(RED_CB_t *)_cb[m[K, self);
[0.736s]       |                                                        [01;31m[K^~~~~~~~~~~~~~~[m[K
[0.741s]       |                                                        [01;31m[K|[m[K
[0.742s]       |                                                        [01;31m[Kvoid (**)(int)[m[K
[0.742s] In file included from [01m[K/home/ubuntu/workspaces/diff_robot/src/diff_interface/src/rotary_encoder.cpp:4[m[K:
[0.743s] [01m[K/usr/local/include/pigpiod_if2.h:3435:59:[m[K [01;36m[Knote: [m[K  initializing argument 4 of ‘[01m[Kint callback_ex(int, unsigned int, unsigned int, CBFuncEx_t, void*)[m[K’
[0.745s]  3435 |    (int pi, unsigned user_gpio, unsigned edge, [01;36m[KCBFuncEx_t f[m[K, void *userdata);
[0.746s]       |                                                [01;36m[K~~~~~~~~~~~^[m[K
[0.746s] [01m[K/home/ubuntu/workspaces/diff_robot/src/diff_interface/src/rotary_encoder.cpp:124:56:[m[K [01;31m[Kerror: [m[Kcannot convert ‘[01m[Kvoid (**)(int)[m[K’ to ‘[01m[KCBFuncEx_t[m[K’ {aka ‘[01m[Kvoid (*)(int, unsigned int, unsigned int, unsigned int, void*)[m[K’}
[0.747s]   124 |    self->cb_id_b = callback_ex(pi, gpioB, EITHER_EDGE, [01;31m[K(RED_CB_t *)_cb[m[K, self);
[0.748s]       |                                                        [01;31m[K^~~~~~~~~~~~~~~[m[K
[0.748s]       |                                                        [01;31m[K|[m[K
[0.748s]       |                                                        [01;31m[Kvoid (**)(int)[m[K
[0.749s] In file included from [01m[K/home/ubuntu/workspaces/diff_robot/src/diff_interface/src/rotary_encoder.cpp:4[m[K:
[0.749s] [01m[K/usr/local/include/pigpiod_if2.h:3435:59:[m[K [01;36m[Knote: [m[K  initializing argument 4 of ‘[01m[Kint callback_ex(int, unsigned int, unsigned int, CBFuncEx_t, void*)[m[K’
[0.750s]  3435 |    (int pi, unsigned user_gpio, unsigned edge, [01;36m[KCBFuncEx_t f[m[K, void *userdata);
[0.750s]       |                                                [01;36m[K~~~~~~~~~~~^[m[K
[0.752s] make[2]: *** [CMakeFiles/diff_interface.dir/build.make:102: CMakeFiles/diff_interface.dir/src/rotary_encoder.cpp.o] Error 1
[0.754s] make[1]: *** [CMakeFiles/Makefile2:78: CMakeFiles/diff_interface.dir/all] Error 2
[0.762s] make: *** [Makefile:141: all] Error 2
[0.764s] Invoked command in '/home/ubuntu/workspaces/diff_robot/build/diff_interface' returned '2': CMAKE_PREFIX_PATH=${CMAKE_PREFIX_PATH}:/opt/ros/foxy /usr/bin/cmake --build /home/ubuntu/workspaces/diff_robot/build/diff_interface -- -j4 -l4
