[0.099s] Invoking command in '/home/ubuntu/workspaces/diff_robot/build/diff_interface': CMAKE_PREFIX_PATH=${CMAKE_PREFIX_PATH}:/opt/ros/foxy /usr/bin/cmake --build /home/ubuntu/workspaces/diff_robot/build/diff_interface -- -j4 -l4
[0.309s] [35m[1mScanning dependencies of target diff_interface[0m
[0.598s] [ 20%] [32mBuilding CXX object CMakeFiles/diff_interface.dir/src/rotary_encoder.cpp.o[0m
[0.604s] [ 40%] [32mBuilding CXX object CMakeFiles/diff_interface.dir/src/motor_control.cpp.o[0m
[0.608s] [ 60%] [32mBuilding CXX object CMakeFiles/diff_interface.dir/src/diffdrive_MyBot.cpp.o[0m
[1.750s] [01m[K/home/ubuntu/workspaces/diff_robot/src/diff_interface/src/rotary_encoder.cpp:[m[K In member function ‘[01m[Kvoid re_decoder::_pulse(int, int, uint32_t)[m[K’:
[1.752s] [01m[K/home/ubuntu/workspaces/diff_robot/src/diff_interface/src/rotary_encoder.cpp:7:55:[m[K [01;35m[Kwarning: [m[Kunused parameter ‘[01m[Ktick[m[K’ [[01;35m[K-Wunused-parameter[m[K]
[1.755s]     7 | void re_decoder::_pulse(int gpio, int level, [01;35m[Kuint32_t tick[m[K)
[1.755s]       |                                              [01;35m[K~~~~~~~~~^~~~[m[K
[6.729s] [01m[K/home/ubuntu/workspaces/diff_robot/src/diff_interface/src/motor_control.cpp:9:18:[m[K [01;31m[Kerror: [m[KISO C++ forbids declaration of ‘[01m[Kcallback1[m[K’ with no type [[01;31m[K-fpermissive[m[K]
[6.729s]     9 | callback1(int way[01;31m[K)[m[K
[6.730s]       |                  [01;31m[K^[m[K
[6.734s] In file included from [01m[K/opt/ros/foxy/include/rclcpp/service.hpp:34[m[K,
[6.734s]                  from [01m[K/opt/ros/foxy/include/rclcpp/callback_group.hpp:25[m[K,
[6.735s]                  from [01m[K/opt/ros/foxy/include/rclcpp/any_executable.hpp:20[m[K,
[6.736s]                  from [01m[K/opt/ros/foxy/include/rclcpp/memory_strategy.hpp:24[m[K,
[6.737s]                  from [01m[K/opt/ros/foxy/include/rclcpp/memory_strategies.hpp:18[m[K,
[6.738s]                  from [01m[K/opt/ros/foxy/include/rclcpp/executor_options.hpp:20[m[K,
[6.739s]                  from [01m[K/opt/ros/foxy/include/rclcpp/executor.hpp:33[m[K,
[6.740s]                  from [01m[K/opt/ros/foxy/include/rclcpp/executors/multi_threaded_executor.hpp:26[m[K,
[6.741s]                  from [01m[K/opt/ros/foxy/include/rclcpp/executors.hpp:21[m[K,
[6.741s]                  from [01m[K/opt/ros/foxy/include/rclcpp/rclcpp.hpp:146[m[K,
[6.743s]                  from [01m[K/home/ubuntu/workspaces/diff_robot/src/diff_interface/include/diff_interface/motor_control.h:6[m[K,
[6.743s]                  from [01m[K/home/ubuntu/workspaces/diff_robot/src/diff_interface/src/motor_control.cpp:1[m[K:
[6.744s] [01m[K/home/ubuntu/workspaces/diff_robot/src/diff_interface/src/motor_control.cpp:[m[K In function ‘[01m[Kint callback1(int)[m[K’:
[6.745s] [01m[K/home/ubuntu/workspaces/diff_robot/src/diff_interface/src/motor_control.cpp:15:16:[m[K [01;31m[Kerror: [m[K‘[01m[Klogger_[m[K’ was not declared in this scope
[6.746s]    15 |    RCLCPP_INFO([01;31m[Klogger_[m[K, "pos1= %i \n", pos);
[6.746s]       |                [01;31m[K^~~~~~~[m[K
[6.747s] [01m[K/home/ubuntu/workspaces/diff_robot/src/diff_interface/src/motor_control.cpp:15:4:[m[K [01;31m[Kerror: [m[Ktemplate argument 1 is invalid
[6.748s]    15 |    [01;31m[KRCLCPP_INFO[m[K(logger_, "pos1= %i \n", pos);
[6.748s]       |    [01;31m[K^~~~~~~~~~~[m[K
[6.750s] [01m[K/home/ubuntu/workspaces/diff_robot/src/diff_interface/src/motor_control.cpp:15:4:[m[K [01;31m[Kerror: [m[Ktemplate argument 1 is invalid
[6.751s]    15 |    [01;31m[KRCLCPP_INFO[m[K(logger_, "pos1= %i \n", pos);
[6.752s]       |    [01;31m[K^~~~~~~~~~~[m[K
[6.752s] [01m[K/home/ubuntu/workspaces/diff_robot/src/diff_interface/src/motor_control.cpp:15:4:[m[K [01;31m[Kerror: [m[Ktemplate argument 1 is invalid
[6.753s]    15 |    [01;31m[KRCLCPP_INFO[m[K(logger_, "pos1= %i \n", pos);
[6.754s]       |    [01;31m[K^~~~~~~~~~~[m[K
[6.754s] [01m[K/home/ubuntu/workspaces/diff_robot/src/diff_interface/src/motor_control.cpp:16:1:[m[K [01;35m[Kwarning: [m[Kno return statement in function returning non-void [[01;35m[K-Wreturn-type[m[K]
[6.755s]    16 | [01;35m[K}[m[K
[6.756s]       | [01;35m[K^[m[K
[6.756s] [01m[K/home/ubuntu/workspaces/diff_robot/src/diff_interface/src/motor_control.cpp:[m[K At global scope:
[6.757s] [01m[K/home/ubuntu/workspaces/diff_robot/src/diff_interface/src/motor_control.cpp:18:18:[m[K [01;31m[Kerror: [m[KISO C++ forbids declaration of ‘[01m[Kcallback2[m[K’ with no type [[01;31m[K-fpermissive[m[K]
[6.763s]    18 | callback2(int way[01;31m[K)[m[K
[6.765s]       |                  [01;31m[K^[m[K
[6.767s] In file included from [01m[K/opt/ros/foxy/include/rclcpp/service.hpp:34[m[K,
[6.767s]                  from [01m[K/opt/ros/foxy/include/rclcpp/callback_group.hpp:25[m[K,
[6.768s]                  from [01m[K/opt/ros/foxy/include/rclcpp/any_executable.hpp:20[m[K,
[6.769s]                  from [01m[K/opt/ros/foxy/include/rclcpp/memory_strategy.hpp:24[m[K,
[6.769s]                  from [01m[K/opt/ros/foxy/include/rclcpp/memory_strategies.hpp:18[m[K,
[6.770s]                  from [01m[K/opt/ros/foxy/include/rclcpp/executor_options.hpp:20[m[K,
[6.771s]                  from [01m[K/opt/ros/foxy/include/rclcpp/executor.hpp:33[m[K,
[6.771s]                  from [01m[K/opt/ros/foxy/include/rclcpp/executors/multi_threaded_executor.hpp:26[m[K,
[6.772s]                  from [01m[K/opt/ros/foxy/include/rclcpp/executors.hpp:21[m[K,
[6.773s]                  from [01m[K/opt/ros/foxy/include/rclcpp/rclcpp.hpp:146[m[K,
[6.773s]                  from [01m[K/home/ubuntu/workspaces/diff_robot/src/diff_interface/include/diff_interface/motor_control.h:6[m[K,
[6.774s]                  from [01m[K/home/ubuntu/workspaces/diff_robot/src/diff_interface/src/motor_control.cpp:1[m[K:
[6.775s] [01m[K/home/ubuntu/workspaces/diff_robot/src/diff_interface/src/motor_control.cpp:[m[K In function ‘[01m[Kint callback2(int)[m[K’:
[6.775s] [01m[K/home/ubuntu/workspaces/diff_robot/src/diff_interface/src/motor_control.cpp:24:16:[m[K [01;31m[Kerror: [m[K‘[01m[Klogger_[m[K’ was not declared in this scope
[6.776s]    24 |    RCLCPP_INFO([01;31m[Klogger_[m[K, "pos2= %i \n", pos);
[6.776s]       |                [01;31m[K^~~~~~~[m[K
[6.777s] [01m[K/home/ubuntu/workspaces/diff_robot/src/diff_interface/src/motor_control.cpp:24:4:[m[K [01;31m[Kerror: [m[Ktemplate argument 1 is invalid
[6.778s]    24 |    [01;31m[KRCLCPP_INFO[m[K(logger_, "pos2= %i \n", pos);
[6.778s]       |    [01;31m[K^~~~~~~~~~~[m[K
[6.779s] [01m[K/home/ubuntu/workspaces/diff_robot/src/diff_interface/src/motor_control.cpp:24:4:[m[K [01;31m[Kerror: [m[Ktemplate argument 1 is invalid
[6.780s]    24 |    [01;31m[KRCLCPP_INFO[m[K(logger_, "pos2= %i \n", pos);
[6.780s]       |    [01;31m[K^~~~~~~~~~~[m[K
[6.781s] [01m[K/home/ubuntu/workspaces/diff_robot/src/diff_interface/src/motor_control.cpp:24:4:[m[K [01;31m[Kerror: [m[Ktemplate argument 1 is invalid
[6.782s]    24 |    [01;31m[KRCLCPP_INFO[m[K(logger_, "pos2= %i \n", pos);
[6.782s]       |    [01;31m[K^~~~~~~~~~~[m[K
[6.783s] [01m[K/home/ubuntu/workspaces/diff_robot/src/diff_interface/src/motor_control.cpp:25:1:[m[K [01;35m[Kwarning: [m[Kno return statement in function returning non-void [[01;35m[K-Wreturn-type[m[K]
[6.783s]    25 | [01;35m[K}[m[K
[6.784s]       | [01;35m[K^[m[K
[6.785s] [01m[K/home/ubuntu/workspaces/diff_robot/src/diff_interface/src/motor_control.cpp:[m[K In member function ‘[01m[Kint motor_control::start_encoders()[m[K’:
[6.785s] [01m[K/home/ubuntu/workspaces/diff_robot/src/diff_interface/src/motor_control.cpp:34:45:[m[K [01;31m[Kerror: [m[Kinvalid conversion from ‘[01m[Kint (*)(int)[m[K’ to ‘[01m[Kre_decoderCB_t[m[K’ {aka ‘[01m[Kvoid (*)(int)[m[K’} [[01;31m[K-fpermissive[m[K]
[6.786s]    34 |     re_decoder *dec1 = new re_decoder(7, 8, [01;31m[Kcallback1[m[K);
[6.786s]       |                                             [01;31m[K^~~~~~~~~[m[K
[6.787s]       |                                             [01;31m[K|[m[K
[6.787s]       |                                             [01;31m[Kint (*)(int)[m[K
[6.788s] In file included from [01m[K/home/ubuntu/workspaces/diff_robot/src/diff_interface/include/diff_interface/motor_control.h:4[m[K,
[6.789s]                  from [01m[K/home/ubuntu/workspaces/diff_robot/src/diff_interface/src/motor_control.cpp:1[m[K:
[6.790s] [01m[K/home/ubuntu/workspaces/diff_robot/src/diff_interface/include/diff_interface/rotary_encoder.hpp:22:52:[m[K [01;36m[Knote: [m[K  initializing argument 3 of ‘[01m[Kre_decoder::re_decoder(int, int, re_decoderCB_t)[m[K’
[6.790s]    22 |    re_decoder(int gpioA, int gpioB, [01;36m[Kre_decoderCB_t callback[m[K);
[6.791s]       |                                     [01;36m[K~~~~~~~~~~~~~~~^~~~~~~~[m[K
[6.792s] [01m[K/home/ubuntu/workspaces/diff_robot/src/diff_interface/src/motor_control.cpp:35:47:[m[K [01;31m[Kerror: [m[Kinvalid conversion from ‘[01m[Kint (*)(int)[m[K’ to ‘[01m[Kre_decoderCB_t[m[K’ {aka ‘[01m[Kvoid (*)(int)[m[K’} [[01;31m[K-fpermissive[m[K]
[6.792s]    35 |     re_decoder *dec2 = new re_decoder(17, 18, [01;31m[Kcallback2[m[K);
[6.793s]       |                                               [01;31m[K^~~~~~~~~[m[K
[6.794s]       |                                               [01;31m[K|[m[K
[6.794s]       |                                               [01;31m[Kint (*)(int)[m[K
[6.795s] In file included from [01m[K/home/ubuntu/workspaces/diff_robot/src/diff_interface/include/diff_interface/motor_control.h:4[m[K,
[6.795s]                  from [01m[K/home/ubuntu/workspaces/diff_robot/src/diff_interface/src/motor_control.cpp:1[m[K:
[6.796s] [01m[K/home/ubuntu/workspaces/diff_robot/src/diff_interface/include/diff_interface/rotary_encoder.hpp:22:52:[m[K [01;36m[Knote: [m[K  initializing argument 3 of ‘[01m[Kre_decoder::re_decoder(int, int, re_decoderCB_t)[m[K’
[6.797s]    22 |    re_decoder(int gpioA, int gpioB, [01;36m[Kre_decoderCB_t callback[m[K);
[6.797s]       |                                     [01;36m[K~~~~~~~~~~~~~~~^~~~~~~~[m[K
[6.798s] [01m[K/home/ubuntu/workspaces/diff_robot/src/diff_interface/src/motor_control.cpp:34:17:[m[K [01;35m[Kwarning: [m[Kunused variable ‘[01m[Kdec1[m[K’ [[01;35m[K-Wunused-variable[m[K]
[6.798s]    34 |     re_decoder *[01;35m[Kdec1[m[K = new re_decoder(7, 8, callback1);
[6.799s]       |                 [01;35m[K^~~~[m[K
[6.800s] [01m[K/home/ubuntu/workspaces/diff_robot/src/diff_interface/src/motor_control.cpp:35:17:[m[K [01;35m[Kwarning: [m[Kunused variable ‘[01m[Kdec2[m[K’ [[01;35m[K-Wunused-variable[m[K]
[6.800s]    35 |     re_decoder *[01;35m[Kdec2[m[K = new re_decoder(17, 18, callback2);
[6.801s]       |                 [01;35m[K^~~~[m[K
[8.193s] make[2]: *** [CMakeFiles/diff_interface.dir/build.make:89: CMakeFiles/diff_interface.dir/src/motor_control.cpp.o] Error 1
[8.194s] make[2]: *** Waiting for unfinished jobs....
[11.250s] make[1]: *** [CMakeFiles/Makefile2:78: CMakeFiles/diff_interface.dir/all] Error 2
[11.251s] make: *** [Makefile:141: all] Error 2
[11.257s] Invoked command in '/home/ubuntu/workspaces/diff_robot/build/diff_interface' returned '2': CMAKE_PREFIX_PATH=${CMAKE_PREFIX_PATH}:/opt/ros/foxy /usr/bin/cmake --build /home/ubuntu/workspaces/diff_robot/build/diff_interface -- -j4 -l4
