[35m[1mScanning dependencies of target diff_interface[0m
[ 20%] [32mBuilding CXX object CMakeFiles/diff_interface.dir/src/rotary_encoder.cpp.o[0m
[ 40%] [32mBuilding CXX object CMakeFiles/diff_interface.dir/src/motor_control.cpp.o[0m
[01m[K/home/ubuntu/workspaces/diff_robot/src/diff_interface/src/rotary_encoder.cpp:5:10:[m[K [01;31m[Kfatal error: [m[Kdiff_intercae/rotary_encoder.hpp: No such file or directory
    5 | #include [01;31m[K"diff_intercae/rotary_encoder.hpp"[m[K
      |          [01;31m[K^~~~~~~~~~~~~~~~~~~~~~~~~~~~~~~~~~[m[K
compilation terminated.
make[2]: *** [CMakeFiles/diff_interface.dir/build.make:102: CMakeFiles/diff_interface.dir/src/rotary_encoder.cpp.o] Error 1
make[2]: *** Waiting for unfinished jobs....
[01m[K/home/ubuntu/workspaces/diff_robot/src/diff_interface/src/motor_control.cpp:[m[K In member function ‘[01m[Kint motor_control::start_encoders()[m[K’:
[01m[K/home/ubuntu/workspaces/diff_robot/src/diff_interface/src/motor_control.cpp:34:50:[m[K [01;31m[Kerror: [m[Krequest for member ‘[01m[Kcallback1[m[K’ in ‘[01m[K(motor_control*)this[m[K’, which is of pointer type ‘[01m[Kmotor_control*[m[K’ (maybe you meant to use ‘[01m[K->[m[K’ ?)
   34 |     re_decoder *dec1 = new re_decoder(7, 8, this.[01;31m[Kcallback1[m[K);
      |                                                  [01;31m[K^~~~~~~~~[m[K
[01m[K/home/ubuntu/workspaces/diff_robot/src/diff_interface/src/motor_control.cpp:35:52:[m[K [01;31m[Kerror: [m[Krequest for member ‘[01m[Kcallback2[m[K’ in ‘[01m[K(motor_control*)this[m[K’, which is of pointer type ‘[01m[Kmotor_control*[m[K’ (maybe you meant to use ‘[01m[K->[m[K’ ?)
   35 |     re_decoder *dec2 = new re_decoder(17, 18, this.[01;31m[Kcallback2[m[K);
      |                                                    [01;31m[K^~~~~~~~~[m[K
[01m[K/home/ubuntu/workspaces/diff_robot/src/diff_interface/src/motor_control.cpp:34:17:[m[K [01;35m[Kwarning: [m[Kunused variable ‘[01m[Kdec1[m[K’ [[01;35m[K-Wunused-variable[m[K]
   34 |     re_decoder *[01;35m[Kdec1[m[K = new re_decoder(7, 8, this.callback1);
      |                 [01;35m[K^~~~[m[K
[01m[K/home/ubuntu/workspaces/diff_robot/src/diff_interface/src/motor_control.cpp:35:17:[m[K [01;35m[Kwarning: [m[Kunused variable ‘[01m[Kdec2[m[K’ [[01;35m[K-Wunused-variable[m[K]
   35 |     re_decoder *[01;35m[Kdec2[m[K = new re_decoder(17, 18, this.callback2);
      |                 [01;35m[K^~~~[m[K
make[2]: *** [CMakeFiles/diff_interface.dir/build.make:89: CMakeFiles/diff_interface.dir/src/motor_control.cpp.o] Error 1
make[1]: *** [CMakeFiles/Makefile2:78: CMakeFiles/diff_interface.dir/all] Error 2
make: *** [Makefile:141: all] Error 2
