[0.100s] Invoking command in '/home/ubuntu/workspaces/diff_robot/build/diff_interface': CMAKE_PREFIX_PATH=${CMAKE_PREFIX_PATH}:/opt/ros/foxy /usr/bin/cmake --build /home/ubuntu/workspaces/diff_robot/build/diff_interface -- -j4 -l4
[0.296s] [35m[1mScanning dependencies of target diff_interface[0m
[0.551s] [ 20%] [32mBuilding CXX object CMakeFiles/diff_interface.dir/src/rotary_encoder.cpp.o[0m
[0.557s] [ 40%] [32mBuilding CXX object CMakeFiles/diff_interface.dir/src/motor_control.cpp.o[0m
[0.824s] [01m[K/home/ubuntu/workspaces/diff_robot/src/diff_interface/src/rotary_encoder.cpp:5:10:[m[K [01;31m[Kfatal error: [m[Kdiff_intercae/rotary_encoder.hpp: No such file or directory
[0.824s]     5 | #include [01;31m[K"diff_intercae/rotary_encoder.hpp"[m[K
[0.826s]       |          [01;31m[K^~~~~~~~~~~~~~~~~~~~~~~~~~~~~~~~~~[m[K
[0.826s] compilation terminated.
[0.831s] make[2]: *** [CMakeFiles/diff_interface.dir/build.make:102: CMakeFiles/diff_interface.dir/src/rotary_encoder.cpp.o] Error 1
[0.832s] make[2]: *** Waiting for unfinished jobs....
[5.578s] [01m[K/home/ubuntu/workspaces/diff_robot/src/diff_interface/src/motor_control.cpp:[m[K In member function ‘[01m[Kint motor_control::start_encoders()[m[K’:
[5.579s] [01m[K/home/ubuntu/workspaces/diff_robot/src/diff_interface/src/motor_control.cpp:34:50:[m[K [01;31m[Kerror: [m[Krequest for member ‘[01m[Kcallback1[m[K’ in ‘[01m[K(motor_control*)this[m[K’, which is of pointer type ‘[01m[Kmotor_control*[m[K’ (maybe you meant to use ‘[01m[K->[m[K’ ?)
[5.579s]    34 |     re_decoder *dec1 = new re_decoder(7, 8, this.[01;31m[Kcallback1[m[K);
[5.580s]       |                                                  [01;31m[K^~~~~~~~~[m[K
[5.580s] [01m[K/home/ubuntu/workspaces/diff_robot/src/diff_interface/src/motor_control.cpp:35:52:[m[K [01;31m[Kerror: [m[Krequest for member ‘[01m[Kcallback2[m[K’ in ‘[01m[K(motor_control*)this[m[K’, which is of pointer type ‘[01m[Kmotor_control*[m[K’ (maybe you meant to use ‘[01m[K->[m[K’ ?)
[5.580s]    35 |     re_decoder *dec2 = new re_decoder(17, 18, this.[01;31m[Kcallback2[m[K);
[5.581s]       |                                                    [01;31m[K^~~~~~~~~[m[K
[5.581s] [01m[K/home/ubuntu/workspaces/diff_robot/src/diff_interface/src/motor_control.cpp:34:17:[m[K [01;35m[Kwarning: [m[Kunused variable ‘[01m[Kdec1[m[K’ [[01;35m[K-Wunused-variable[m[K]
[5.582s]    34 |     re_decoder *[01;35m[Kdec1[m[K = new re_decoder(7, 8, this.callback1);
[5.582s]       |                 [01;35m[K^~~~[m[K
[5.583s] [01m[K/home/ubuntu/workspaces/diff_robot/src/diff_interface/src/motor_control.cpp:35:17:[m[K [01;35m[Kwarning: [m[Kunused variable ‘[01m[Kdec2[m[K’ [[01;35m[K-Wunused-variable[m[K]
[5.583s]    35 |     re_decoder *[01;35m[Kdec2[m[K = new re_decoder(17, 18, this.callback2);
[5.584s]       |                 [01;35m[K^~~~[m[K
[6.868s] make[2]: *** [CMakeFiles/diff_interface.dir/build.make:89: CMakeFiles/diff_interface.dir/src/motor_control.cpp.o] Error 1
[6.869s] make[1]: *** [CMakeFiles/Makefile2:78: CMakeFiles/diff_interface.dir/all] Error 2
[6.869s] make: *** [Makefile:141: all] Error 2
[6.876s] Invoked command in '/home/ubuntu/workspaces/diff_robot/build/diff_interface' returned '2': CMAKE_PREFIX_PATH=${CMAKE_PREFIX_PATH}:/opt/ros/foxy /usr/bin/cmake --build /home/ubuntu/workspaces/diff_robot/build/diff_interface -- -j4 -l4
