[0.061s] Invoking command in '/home/ubuntu/workspaces/diff_robot/build/my_bot': CMAKE_PREFIX_PATH=/opt/ros/foxy /usr/bin/cmake /home/ubuntu/workspaces/diff_robot/src/my_bot -DAMENT_CMAKE_SYMLINK_INSTALL=1 -DCMAKE_INSTALL_PREFIX=/home/ubuntu/workspaces/diff_robot/install/my_bot
[0.337s] -- The C compiler identification is GNU 9.4.0
[0.560s] -- The CXX compiler identification is GNU 9.4.0
[0.580s] -- Check for working C compiler: /usr/bin/cc
[0.864s] -- Check for working C compiler: /usr/bin/cc -- works
[0.867s] -- Detecting C compiler ABI info
[1.166s] -- Detecting C compiler ABI info - done
[1.208s] -- Detecting C compile features
[1.209s] -- Detecting C compile features - done
[1.220s] -- Check for working CXX compiler: /usr/bin/c++
[1.548s] -- Check for working CXX compiler: /usr/bin/c++ -- works
[1.552s] -- Detecting CXX compiler ABI info
[1.873s] -- Detecting CXX compiler ABI info - done
[1.913s] -- Detecting CXX compile features
[1.914s] -- Detecting CXX compile features - done
[1.935s] -- Found ament_cmake: 0.9.12 (/opt/ros/foxy/share/ament_cmake/cmake)
[2.093s] -- Found PythonInterp: /usr/bin/python3 (found suitable version "3.8.10", minimum required is "3") 
[2.094s] -- Using PYTHON_EXECUTABLE: /usr/bin/python3
[2.787s] -- Override CMake install command with custom implementation using symlinks instead of copying resources
[2.975s] -- Found ament_lint_auto: 0.9.8 (/opt/ros/foxy/share/ament_lint_auto/cmake)
[3.341s] -- Added test 'copyright' to check source files copyright and LICENSE
[3.400s] -- Added test 'flake8' to check Python code syntax and style conventions
[3.408s] -- Added test 'lint_cmake' to check CMake code style
[3.413s] -- Added test 'pep257' to check Python code against some of the style conventions in PEP 257
[3.445s] -- Added test 'xmllint' to check XML markup files
[3.458s] -- Configuring done
[3.466s] -- Generating done
[3.470s] -- Build files have been written to: /home/ubuntu/workspaces/diff_robot/build/my_bot
[3.481s] Invoked command in '/home/ubuntu/workspaces/diff_robot/build/my_bot' returned '0': CMAKE_PREFIX_PATH=/opt/ros/foxy /usr/bin/cmake /home/ubuntu/workspaces/diff_robot/src/my_bot -DAMENT_CMAKE_SYMLINK_INSTALL=1 -DCMAKE_INSTALL_PREFIX=/home/ubuntu/workspaces/diff_robot/install/my_bot
[3.490s] Invoking command in '/home/ubuntu/workspaces/diff_robot/build/my_bot': CMAKE_PREFIX_PATH=/opt/ros/foxy /usr/bin/cmake --build /home/ubuntu/workspaces/diff_robot/build/my_bot -- -j4 -l4
[3.633s] Invoked command in '/home/ubuntu/workspaces/diff_robot/build/my_bot' returned '0': CMAKE_PREFIX_PATH=/opt/ros/foxy /usr/bin/cmake --build /home/ubuntu/workspaces/diff_robot/build/my_bot -- -j4 -l4
[3.774s] Invoking command in '/home/ubuntu/workspaces/diff_robot/build/my_bot': CMAKE_PREFIX_PATH=/opt/ros/foxy /usr/bin/cmake --install /home/ubuntu/workspaces/diff_robot/build/my_bot
[3.806s] -- Install configuration: ""
[3.808s] -- Execute custom install script
[3.810s] -- Symlinking: /home/ubuntu/workspaces/diff_robot/install/my_bot/share/my_bot/config/empty.yaml
[3.841s] -- Symlinking: /home/ubuntu/workspaces/diff_robot/install/my_bot/share/my_bot/config/my_controllers.yaml
[3.873s] -- Symlinking: /home/ubuntu/workspaces/diff_robot/install/my_bot/share/my_bot/config/view_bot.rviz
[3.905s] -- Symlinking: /home/ubuntu/workspaces/diff_robot/install/my_bot/share/my_bot/description/gazebo_control.xacro
[3.938s] -- Symlinking: /home/ubuntu/workspaces/diff_robot/install/my_bot/share/my_bot/description/inertial_macros.xacro
[3.969s] -- Symlinking: /home/ubuntu/workspaces/diff_robot/install/my_bot/share/my_bot/description/robot.urdf.xacro
[4.001s] -- Symlinking: /home/ubuntu/workspaces/diff_robot/install/my_bot/share/my_bot/description/robot_core.xacro
[4.032s] -- Symlinking: /home/ubuntu/workspaces/diff_robot/install/my_bot/share/my_bot/description/ros2_control.xacro
[4.068s] -- Symlinking: /home/ubuntu/workspaces/diff_robot/install/my_bot/share/my_bot/launch/launch_sim.launch.py
[4.100s] -- Symlinking: /home/ubuntu/workspaces/diff_robot/install/my_bot/share/my_bot/launch/rsp.launch.py
[4.132s] -- Symlinking: /home/ubuntu/workspaces/diff_robot/install/my_bot/share/my_bot/worlds/empty.world
[4.164s] -- Symlinking: /home/ubuntu/workspaces/diff_robot/install/my_bot/share/my_bot/worlds/obstacles.world
[4.196s] -- Symlinking: /home/ubuntu/workspaces/diff_robot/install/my_bot/share/ament_index/resource_index/package_run_dependencies/my_bot
[4.232s] -- Symlinking: /home/ubuntu/workspaces/diff_robot/install/my_bot/share/ament_index/resource_index/parent_prefix_path/my_bot
[4.266s] -- Symlinking: /home/ubuntu/workspaces/diff_robot/install/my_bot/share/my_bot/environment/ament_prefix_path.sh
[4.300s] -- Symlinking: /home/ubuntu/workspaces/diff_robot/install/my_bot/share/my_bot/environment/ament_prefix_path.dsv
[4.331s] -- Symlinking: /home/ubuntu/workspaces/diff_robot/install/my_bot/share/my_bot/environment/path.sh
[4.383s] -- Symlinking: /home/ubuntu/workspaces/diff_robot/install/my_bot/share/my_bot/environment/path.dsv
[4.419s] -- Symlinking: /home/ubuntu/workspaces/diff_robot/install/my_bot/share/my_bot/local_setup.bash
[4.451s] -- Symlinking: /home/ubuntu/workspaces/diff_robot/install/my_bot/share/my_bot/local_setup.sh
[4.482s] -- Symlinking: /home/ubuntu/workspaces/diff_robot/install/my_bot/share/my_bot/local_setup.zsh
[4.514s] -- Symlinking: /home/ubuntu/workspaces/diff_robot/install/my_bot/share/my_bot/local_setup.dsv
[4.546s] -- Symlinking: /home/ubuntu/workspaces/diff_robot/install/my_bot/share/my_bot/package.dsv
[4.578s] -- Symlinking: /home/ubuntu/workspaces/diff_robot/install/my_bot/share/ament_index/resource_index/packages/my_bot
[4.611s] -- Symlinking: /home/ubuntu/workspaces/diff_robot/install/my_bot/share/my_bot/cmake/my_botConfig.cmake
[4.645s] -- Symlinking: /home/ubuntu/workspaces/diff_robot/install/my_bot/share/my_bot/cmake/my_botConfig-version.cmake
[4.677s] -- Symlinking: /home/ubuntu/workspaces/diff_robot/install/my_bot/share/my_bot/package.xml
[4.716s] Invoked command in '/home/ubuntu/workspaces/diff_robot/build/my_bot' returned '0': CMAKE_PREFIX_PATH=/opt/ros/foxy /usr/bin/cmake --install /home/ubuntu/workspaces/diff_robot/build/my_bot
