[0.097s] Invoking command in '/home/ubuntu/workspaces/diff_robot/build/diff_interface': CMAKE_PREFIX_PATH=/opt/ros/foxy /usr/bin/cmake --build /home/ubuntu/workspaces/diff_robot/build/diff_interface -- -j4 -l4
[0.304s] [35m[1mScanning dependencies of target diff_interface[0m
[0.493s] [ 33%] [32mBuilding CXX object CMakeFiles/diff_interface.dir/src/diffdrive_MyBot.cpp.o[0m
[0.506s] [ 66%] [32mBuilding CXX object CMakeFiles/diff_interface.dir/src/wheel.cpp.o[0m
[10.535s] [100%] [32m[1mLinking CXX shared library libdiff_interface.so[0m
[11.581s] [100%] Built target diff_interface
[11.621s] Invoked command in '/home/ubuntu/workspaces/diff_robot/build/diff_interface' returned '0': CMAKE_PREFIX_PATH=/opt/ros/foxy /usr/bin/cmake --build /home/ubuntu/workspaces/diff_robot/build/diff_interface -- -j4 -l4
[11.752s] Invoking command in '/home/ubuntu/workspaces/diff_robot/build/diff_interface': CMAKE_PREFIX_PATH=/opt/ros/foxy /usr/bin/cmake --install /home/ubuntu/workspaces/diff_robot/build/diff_interface
[11.787s] -- Install configuration: ""
[11.787s] -- Installing: /home/ubuntu/workspaces/diff_robot/install/diff_interface/share/diff_interface/robot_hardware.xml
[11.791s] -- Installing: /home/ubuntu/workspaces/diff_robot/install/diff_interface/share/diff_interface/controllers
[11.792s] -- Installing: /home/ubuntu/workspaces/diff_robot/install/diff_interface/share/diff_interface/controllers/robot_controller_example.yaml
[11.792s] -- Up-to-date: /home/ubuntu/workspaces/diff_robot/install/diff_interface/share/diff_interface
[11.793s] -- Installing: /home/ubuntu/workspaces/diff_robot/install/diff_interface/share/diff_interface/test_robot.launch.py
[11.793s] -- Installing: /home/ubuntu/workspaces/diff_robot/install/diff_interface/share/diff_interface/environment/library_path.sh
[11.794s] -- Installing: /home/ubuntu/workspaces/diff_robot/install/diff_interface/share/diff_interface/environment/library_path.dsv
[11.795s] -- Up-to-date: /home/ubuntu/workspaces/diff_robot/install/diff_interface/share/ament_index/resource_index/package_run_dependencies/diff_interface
[11.795s] -- Up-to-date: /home/ubuntu/workspaces/diff_robot/install/diff_interface/share/ament_index/resource_index/parent_prefix_path/diff_interface
[11.796s] -- Up-to-date: /home/ubuntu/workspaces/diff_robot/install/diff_interface/share/diff_interface/environment/ament_prefix_path.sh
[11.796s] -- Installing: /home/ubuntu/workspaces/diff_robot/install/diff_interface/share/diff_interface/environment/ament_prefix_path.dsv
[11.797s] -- Up-to-date: /home/ubuntu/workspaces/diff_robot/install/diff_interface/share/diff_interface/environment/path.sh
[11.798s] -- Installing: /home/ubuntu/workspaces/diff_robot/install/diff_interface/share/diff_interface/environment/path.dsv
[11.799s] -- Up-to-date: /home/ubuntu/workspaces/diff_robot/install/diff_interface/share/diff_interface/local_setup.bash
[11.799s] -- Installing: /home/ubuntu/workspaces/diff_robot/install/diff_interface/share/diff_interface/local_setup.sh
[11.800s] -- Up-to-date: /home/ubuntu/workspaces/diff_robot/install/diff_interface/share/diff_interface/local_setup.zsh
[11.801s] -- Installing: /home/ubuntu/workspaces/diff_robot/install/diff_interface/share/diff_interface/local_setup.dsv
[11.802s] -- Installing: /home/ubuntu/workspaces/diff_robot/install/diff_interface/share/diff_interface/package.dsv
[11.803s] -- Up-to-date: /home/ubuntu/workspaces/diff_robot/install/diff_interface/share/ament_index/resource_index/packages/diff_interface
[11.804s] -- Installing: /home/ubuntu/workspaces/diff_robot/install/diff_interface/share/ament_index/resource_index/hardware_interface__pluginlib__plugin/diff_interface
[11.805s] -- Installing: /home/ubuntu/workspaces/diff_robot/install/diff_interface/share/diff_interface/cmake/ament_cmake_export_libraries-extras.cmake
[11.807s] -- Installing: /home/ubuntu/workspaces/diff_robot/install/diff_interface/share/diff_interface/cmake/ament_cmake_export_dependencies-extras.cmake
[11.808s] -- Installing: /home/ubuntu/workspaces/diff_robot/install/diff_interface/share/diff_interface/cmake/diff_interfaceConfig.cmake
[11.809s] -- Up-to-date: /home/ubuntu/workspaces/diff_robot/install/diff_interface/share/diff_interface/cmake/diff_interfaceConfig-version.cmake
[11.810s] -- Up-to-date: /home/ubuntu/workspaces/diff_robot/install/diff_interface/share/diff_interface/package.xml
[11.825s] Invoked command in '/home/ubuntu/workspaces/diff_robot/build/diff_interface' returned '0': CMAKE_PREFIX_PATH=/opt/ros/foxy /usr/bin/cmake --install /home/ubuntu/workspaces/diff_robot/build/diff_interface
