-- Found ament_cmake: 0.9.12 (/opt/ros/foxy/share/ament_cmake/cmake)
-- Using PYTHON_EXECUTABLE: /usr/bin/python3
-- Found hardware_interface: 0.11.0 (/opt/ros/foxy/share/hardware_interface/cmake)
-- Using all available rosidl_typesupport_c: rosidl_typesupport_fastrtps_c;rosidl_typesupport_introspection_c
-- Found rosidl_adapter: 1.3.1 (/opt/ros/foxy/share/rosidl_adapter/cmake)
-- Using all available rosidl_typesupport_cpp: rosidl_typesupport_fastrtps_cpp;rosidl_typesupport_introspection_cpp
-- Found controller_manager: 0.11.0 (/opt/ros/foxy/share/controller_manager/cmake)
-- Found rmw_implementation_cmake: 1.0.4 (/opt/ros/foxy/share/rmw_implementation_cmake/cmake)
-- Using RMW implementation 'rmw_fastrtps_cpp' as default
-- Configuring done
-- Generating done
-- Build files have been written to: /home/ubuntu/workspaces/diff_robot/build/diff_interface
[35m[1mScanning dependencies of target diff_interface[0m
[ 25%] [32mBuilding CXX object CMakeFiles/diff_interface.dir/src/motor_control.cpp.o[0m
In file included from [01m[K/opt/ros/foxy/include/rclcpp/service.hpp:34[m[K,
                 from [01m[K/opt/ros/foxy/include/rclcpp/callback_group.hpp:25[m[K,
                 from [01m[K/opt/ros/foxy/include/rclcpp/any_executable.hpp:20[m[K,
                 from [01m[K/opt/ros/foxy/include/rclcpp/memory_strategy.hpp:24[m[K,
                 from [01m[K/opt/ros/foxy/include/rclcpp/memory_strategies.hpp:18[m[K,
                 from [01m[K/opt/ros/foxy/include/rclcpp/executor_options.hpp:20[m[K,
                 from [01m[K/opt/ros/foxy/include/rclcpp/executor.hpp:33[m[K,
                 from [01m[K/opt/ros/foxy/include/rclcpp/executors/multi_threaded_executor.hpp:26[m[K,
                 from [01m[K/opt/ros/foxy/include/rclcpp/executors.hpp:21[m[K,
                 from [01m[K/opt/ros/foxy/include/rclcpp/rclcpp.hpp:146[m[K,
                 from [01m[K/home/ubuntu/workspaces/diff_robot/src/diff_interface/include/diff_interface/motor_control.h:6[m[K,
                 from [01m[K/home/ubuntu/workspaces/diff_robot/src/diff_interface/src/motor_control.cpp:1[m[K:
[01m[K/home/ubuntu/workspaces/diff_robot/src/diff_interface/src/motor_control.cpp:[m[K In function ‘[01m[Kvoid callback(int)[m[K’:
[01m[K/home/ubuntu/workspaces/diff_robot/src/diff_interface/src/motor_control.cpp:9:23:[m[K [01;31m[Kerror: [m[K‘[01m[Klogger_[m[K’ was not declared in this scope
    9 |    RCLCPP_INFO_STREAM([01;31m[Klogger_[m[K, ("pos1= %f \n", pos ));
      |                       [01;31m[K^~~~~~~[m[K
[01m[K/home/ubuntu/workspaces/diff_robot/src/diff_interface/src/motor_control.cpp:9:4:[m[K [01;31m[Kerror: [m[Ktemplate argument 1 is invalid
    9 |    [01;31m[KRCLCPP_INFO_STREAM[m[K(logger_, ("pos1= %f \n", pos ));
      |    [01;31m[K^~~~~~~~~~~~~~~~~~[m[K
[01m[K/home/ubuntu/workspaces/diff_robot/src/diff_interface/src/motor_control.cpp:9:4:[m[K [01;31m[Kerror: [m[Ktemplate argument 1 is invalid
    9 |    [01;31m[KRCLCPP_INFO_STREAM[m[K(logger_, ("pos1= %f \n", pos ));
      |    [01;31m[K^~~~~~~~~~~~~~~~~~[m[K
[01m[K/home/ubuntu/workspaces/diff_robot/src/diff_interface/src/motor_control.cpp:9:4:[m[K [01;31m[Kerror: [m[Ktemplate argument 1 is invalid
    9 |    [01;31m[KRCLCPP_INFO_STREAM[m[K(logger_, ("pos1= %f \n", pos ));
      |    [01;31m[K^~~~~~~~~~~~~~~~~~[m[K
[01m[K/home/ubuntu/workspaces/diff_robot/src/diff_interface/src/motor_control.cpp:9:33:[m[K [01;35m[Kwarning: [m[Kleft operand of comma operator has no effect [[01;35m[K-Wunused-value[m[K]
    9 |    RCLCPP_INFO_STREAM(logger_, ([01;35m[K"pos1= %f \n"[m[K, pos ));
      |                                 [01;35m[K^~~~~~~~~~~~~[m[K
[01m[K/home/ubuntu/workspaces/diff_robot/src/diff_interface/src/motor_control.cpp:[m[K In function ‘[01m[Kvoid callback2(int)[m[K’:
[01m[K/home/ubuntu/workspaces/diff_robot/src/diff_interface/src/motor_control.cpp:18:23:[m[K [01;31m[Kerror: [m[K‘[01m[Klogger_[m[K’ was not declared in this scope
   18 |    RCLCPP_INFO_STREAM([01;31m[Klogger_[m[K, ("pos2= %f \n", pos ));
      |                       [01;31m[K^~~~~~~[m[K
[01m[K/home/ubuntu/workspaces/diff_robot/src/diff_interface/src/motor_control.cpp:18:4:[m[K [01;31m[Kerror: [m[Ktemplate argument 1 is invalid
   18 |    [01;31m[KRCLCPP_INFO_STREAM[m[K(logger_, ("pos2= %f \n", pos ));
      |    [01;31m[K^~~~~~~~~~~~~~~~~~[m[K
[01m[K/home/ubuntu/workspaces/diff_robot/src/diff_interface/src/motor_control.cpp:18:4:[m[K [01;31m[Kerror: [m[Ktemplate argument 1 is invalid
   18 |    [01;31m[KRCLCPP_INFO_STREAM[m[K(logger_, ("pos2= %f \n", pos ));
      |    [01;31m[K^~~~~~~~~~~~~~~~~~[m[K
[01m[K/home/ubuntu/workspaces/diff_robot/src/diff_interface/src/motor_control.cpp:18:4:[m[K [01;31m[Kerror: [m[Ktemplate argument 1 is invalid
   18 |    [01;31m[KRCLCPP_INFO_STREAM[m[K(logger_, ("pos2= %f \n", pos ));
      |    [01;31m[K^~~~~~~~~~~~~~~~~~[m[K
[01m[K/home/ubuntu/workspaces/diff_robot/src/diff_interface/src/motor_control.cpp:18:33:[m[K [01;35m[Kwarning: [m[Kleft operand of comma operator has no effect [[01;35m[K-Wunused-value[m[K]
   18 |    RCLCPP_INFO_STREAM(logger_, ([01;35m[K"pos2= %f \n"[m[K, pos ));
      |                                 [01;35m[K^~~~~~~~~~~~~[m[K
[01m[K/home/ubuntu/workspaces/diff_robot/src/diff_interface/src/motor_control.cpp:[m[K In function ‘[01m[Kint start_encoders()[m[K’:
[01m[K/home/ubuntu/workspaces/diff_robot/src/diff_interface/src/motor_control.cpp:23:17:[m[K [01;31m[Kerror: [m[K‘[01m[Klogger_[m[K’ was not declared in this scope
   23 |     RCLCPP_INFO([01;31m[Klogger_[m[K, ("Starting encoders..." ));
      |                 [01;31m[K^~~~~~~[m[K
[01m[K/home/ubuntu/workspaces/diff_robot/src/diff_interface/src/motor_control.cpp:23:5:[m[K [01;31m[Kerror: [m[Ktemplate argument 1 is invalid
   23 |     [01;31m[KRCLCPP_INFO[m[K(logger_, ("Starting encoders..." ));
      |     [01;31m[K^~~~~~~~~~~[m[K
[01m[K/home/ubuntu/workspaces/diff_robot/src/diff_interface/src/motor_control.cpp:23:5:[m[K [01;31m[Kerror: [m[Ktemplate argument 1 is invalid
   23 |     [01;31m[KRCLCPP_INFO[m[K(logger_, ("Starting encoders..." ));
      |     [01;31m[K^~~~~~~~~~~[m[K
[01m[K/home/ubuntu/workspaces/diff_robot/src/diff_interface/src/motor_control.cpp:23:5:[m[K [01;31m[Kerror: [m[Ktemplate argument 1 is invalid
   23 |     [01;31m[KRCLCPP_INFO[m[K(logger_, ("Starting encoders..." ));
      |     [01;31m[K^~~~~~~~~~~[m[K
[01m[K/home/ubuntu/workspaces/diff_robot/src/diff_interface/src/motor_control.cpp:25:28:[m[K [01;31m[Kerror: [m[K‘[01m[Klogger_[m[K’ was not declared in this scope
   25 |         RCLCPP_INFO_STREAM([01;31m[Klogger_[m[K, ("gpio failed to initialize" ));
      |                            [01;31m[K^~~~~~~[m[K
[01m[K/home/ubuntu/workspaces/diff_robot/src/diff_interface/src/motor_control.cpp:25:9:[m[K [01;31m[Kerror: [m[Ktemplate argument 1 is invalid
   25 |         [01;31m[KRCLCPP_INFO_STREAM[m[K(logger_, ("gpio failed to initialize" ));
      |         [01;31m[K^~~~~~~~~~~~~~~~~~[m[K
[01m[K/home/ubuntu/workspaces/diff_robot/src/diff_interface/src/motor_control.cpp:25:9:[m[K [01;31m[Kerror: [m[Ktemplate argument 1 is invalid
   25 |         [01;31m[KRCLCPP_INFO_STREAM[m[K(logger_, ("gpio failed to initialize" ));
      |         [01;31m[K^~~~~~~~~~~~~~~~~~[m[K
[01m[K/home/ubuntu/workspaces/diff_robot/src/diff_interface/src/motor_control.cpp:25:9:[m[K [01;31m[Kerror: [m[Ktemplate argument 1 is invalid
   25 |         [01;31m[KRCLCPP_INFO_STREAM[m[K(logger_, ("gpio failed to initialize" ));
      |         [01;31m[K^~~~~~~~~~~~~~~~~~[m[K
[01m[K/home/ubuntu/workspaces/diff_robot/src/diff_interface/src/motor_control.cpp:28:17:[m[K [01;35m[Kwarning: [m[Kunused variable ‘[01m[Kdec1[m[K’ [[01;35m[K-Wunused-variable[m[K]
   28 |     re_decoder *[01;35m[Kdec1[m[K = new re_decoder(7, 8, callback);
      |                 [01;35m[K^~~~[m[K
[01m[K/home/ubuntu/workspaces/diff_robot/src/diff_interface/src/motor_control.cpp:29:17:[m[K [01;35m[Kwarning: [m[Kunused variable ‘[01m[Kdec2[m[K’ [[01;35m[K-Wunused-variable[m[K]
   29 |     re_decoder *[01;35m[Kdec2[m[K = new re_decoder(17, 18, callback2);
      |                 [01;35m[K^~~~[m[K
In file included from [01m[K/opt/ros/foxy/include/rclcpp/service.hpp:34[m[K,
                 from [01m[K/opt/ros/foxy/include/rclcpp/callback_group.hpp:25[m[K,
                 from [01m[K/opt/ros/foxy/include/rclcpp/any_executable.hpp:20[m[K,
                 from [01m[K/opt/ros/foxy/include/rclcpp/memory_strategy.hpp:24[m[K,
                 from [01m[K/opt/ros/foxy/include/rclcpp/memory_strategies.hpp:18[m[K,
                 from [01m[K/opt/ros/foxy/include/rclcpp/executor_options.hpp:20[m[K,
                 from [01m[K/opt/ros/foxy/include/rclcpp/executor.hpp:33[m[K,
                 from [01m[K/opt/ros/foxy/include/rclcpp/executors/multi_threaded_executor.hpp:26[m[K,
                 from [01m[K/opt/ros/foxy/include/rclcpp/executors.hpp:21[m[K,
                 from [01m[K/opt/ros/foxy/include/rclcpp/rclcpp.hpp:146[m[K,
                 from [01m[K/home/ubuntu/workspaces/diff_robot/src/diff_interface/include/diff_interface/motor_control.h:6[m[K,
                 from [01m[K/home/ubuntu/workspaces/diff_robot/src/diff_interface/src/motor_control.cpp:1[m[K:
[01m[K/home/ubuntu/workspaces/diff_robot/src/diff_interface/src/motor_control.cpp:[m[K In function ‘[01m[Kint stop_encoders()[m[K’:
[01m[K/home/ubuntu/workspaces/diff_robot/src/diff_interface/src/motor_control.cpp:35:24:[m[K [01;31m[Kerror: [m[K‘[01m[Klogger_[m[K’ was not declared in this scope
   35 |     RCLCPP_INFO_STREAM([01;31m[Klogger_[m[K, ("Cleaning up encoders"));
      |                        [01;31m[K^~~~~~~[m[K
[01m[K/home/ubuntu/workspaces/diff_robot/src/diff_interface/src/motor_control.cpp:35:5:[m[K [01;31m[Kerror: [m[Ktemplate argument 1 is invalid
   35 |     [01;31m[KRCLCPP_INFO_STREAM[m[K(logger_, ("Cleaning up encoders"));
      |     [01;31m[K^~~~~~~~~~~~~~~~~~[m[K
[01m[K/home/ubuntu/workspaces/diff_robot/src/diff_interface/src/motor_control.cpp:35:5:[m[K [01;31m[Kerror: [m[Ktemplate argument 1 is invalid
   35 |     [01;31m[KRCLCPP_INFO_STREAM[m[K(logger_, ("Cleaning up encoders"));
      |     [01;31m[K^~~~~~~~~~~~~~~~~~[m[K
[01m[K/home/ubuntu/workspaces/diff_robot/src/diff_interface/src/motor_control.cpp:35:5:[m[K [01;31m[Kerror: [m[Ktemplate argument 1 is invalid
   35 |     [01;31m[KRCLCPP_INFO_STREAM[m[K(logger_, ("Cleaning up encoders"));
      |     [01;31m[K^~~~~~~~~~~~~~~~~~[m[K
make[2]: *** [CMakeFiles/diff_interface.dir/build.make:89: CMakeFiles/diff_interface.dir/src/motor_control.cpp.o] Error 1
make[1]: *** [CMakeFiles/Makefile2:78: CMakeFiles/diff_interface.dir/all] Error 2
make: *** [Makefile:141: all] Error 2
