[0.100s] Invoking command in '/home/ubuntu/workspaces/diff_robot/build/diff_interface': CMAKE_PREFIX_PATH=${CMAKE_PREFIX_PATH}:/opt/ros/foxy /usr/bin/cmake --build /home/ubuntu/workspaces/diff_robot/build/diff_interface -- -j4 -l4
[0.247s] -- Found ament_cmake: 0.9.12 (/opt/ros/foxy/share/ament_cmake/cmake)
[0.389s] -- Using PYTHON_EXECUTABLE: /usr/bin/python3
[1.420s] -- Found hardware_interface: 0.11.0 (/opt/ros/foxy/share/hardware_interface/cmake)
[1.588s] -- Using all available rosidl_typesupport_c: rosidl_typesupport_fastrtps_c;rosidl_typesupport_introspection_c
[1.607s] -- Found rosidl_adapter: 1.3.1 (/opt/ros/foxy/share/rosidl_adapter/cmake)
[2.646s] -- Using all available rosidl_typesupport_cpp: rosidl_typesupport_fastrtps_cpp;rosidl_typesupport_introspection_cpp
[4.565s] -- Found controller_manager: 0.11.0 (/opt/ros/foxy/share/controller_manager/cmake)
[4.795s] -- Found rmw_implementation_cmake: 1.0.4 (/opt/ros/foxy/share/rmw_implementation_cmake/cmake)
[4.803s] -- Using RMW implementation 'rmw_fastrtps_cpp' as default
[6.636s] -- Configuring done
[6.780s] -- Generating done
[6.790s] -- Build files have been written to: /home/ubuntu/workspaces/diff_robot/build/diff_interface
[6.906s] [35m[1mScanning dependencies of target diff_interface[0m
[7.055s] [ 25%] [32mBuilding CXX object CMakeFiles/diff_interface.dir/src/motor_control.cpp.o[0m
[12.058s] In file included from [01m[K/opt/ros/foxy/include/rclcpp/service.hpp:34[m[K,
[12.059s]                  from [01m[K/opt/ros/foxy/include/rclcpp/callback_group.hpp:25[m[K,
[12.059s]                  from [01m[K/opt/ros/foxy/include/rclcpp/any_executable.hpp:20[m[K,
[12.060s]                  from [01m[K/opt/ros/foxy/include/rclcpp/memory_strategy.hpp:24[m[K,
[12.060s]                  from [01m[K/opt/ros/foxy/include/rclcpp/memory_strategies.hpp:18[m[K,
[12.061s]                  from [01m[K/opt/ros/foxy/include/rclcpp/executor_options.hpp:20[m[K,
[12.061s]                  from [01m[K/opt/ros/foxy/include/rclcpp/executor.hpp:33[m[K,
[12.062s]                  from [01m[K/opt/ros/foxy/include/rclcpp/executors/multi_threaded_executor.hpp:26[m[K,
[12.062s]                  from [01m[K/opt/ros/foxy/include/rclcpp/executors.hpp:21[m[K,
[12.063s]                  from [01m[K/opt/ros/foxy/include/rclcpp/rclcpp.hpp:146[m[K,
[12.063s]                  from [01m[K/home/ubuntu/workspaces/diff_robot/src/diff_interface/include/diff_interface/motor_control.h:6[m[K,
[12.064s]                  from [01m[K/home/ubuntu/workspaces/diff_robot/src/diff_interface/src/motor_control.cpp:1[m[K:
[12.064s] [01m[K/home/ubuntu/workspaces/diff_robot/src/diff_interface/src/motor_control.cpp:[m[K In function ‘[01m[Kvoid callback(int)[m[K’:
[12.065s] [01m[K/home/ubuntu/workspaces/diff_robot/src/diff_interface/src/motor_control.cpp:9:23:[m[K [01;31m[Kerror: [m[K‘[01m[Klogger_[m[K’ was not declared in this scope
[12.065s]     9 |    RCLCPP_INFO_STREAM([01;31m[Klogger_[m[K, ("pos1= %f \n", pos ));
[12.066s]       |                       [01;31m[K^~~~~~~[m[K
[12.067s] [01m[K/home/ubuntu/workspaces/diff_robot/src/diff_interface/src/motor_control.cpp:9:4:[m[K [01;31m[Kerror: [m[Ktemplate argument 1 is invalid
[12.067s]     9 |    [01;31m[KRCLCPP_INFO_STREAM[m[K(logger_, ("pos1= %f \n", pos ));
[12.068s]       |    [01;31m[K^~~~~~~~~~~~~~~~~~[m[K
[12.068s] [01m[K/home/ubuntu/workspaces/diff_robot/src/diff_interface/src/motor_control.cpp:9:4:[m[K [01;31m[Kerror: [m[Ktemplate argument 1 is invalid
[12.069s]     9 |    [01;31m[KRCLCPP_INFO_STREAM[m[K(logger_, ("pos1= %f \n", pos ));
[12.069s]       |    [01;31m[K^~~~~~~~~~~~~~~~~~[m[K
[12.070s] [01m[K/home/ubuntu/workspaces/diff_robot/src/diff_interface/src/motor_control.cpp:9:4:[m[K [01;31m[Kerror: [m[Ktemplate argument 1 is invalid
[12.070s]     9 |    [01;31m[KRCLCPP_INFO_STREAM[m[K(logger_, ("pos1= %f \n", pos ));
[12.071s]       |    [01;31m[K^~~~~~~~~~~~~~~~~~[m[K
[12.071s] [01m[K/home/ubuntu/workspaces/diff_robot/src/diff_interface/src/motor_control.cpp:9:33:[m[K [01;35m[Kwarning: [m[Kleft operand of comma operator has no effect [[01;35m[K-Wunused-value[m[K]
[12.072s]     9 |    RCLCPP_INFO_STREAM(logger_, ([01;35m[K"pos1= %f \n"[m[K, pos ));
[12.072s]       |                                 [01;35m[K^~~~~~~~~~~~~[m[K
[12.073s] [01m[K/home/ubuntu/workspaces/diff_robot/src/diff_interface/src/motor_control.cpp:[m[K In function ‘[01m[Kvoid callback2(int)[m[K’:
[12.074s] [01m[K/home/ubuntu/workspaces/diff_robot/src/diff_interface/src/motor_control.cpp:18:23:[m[K [01;31m[Kerror: [m[K‘[01m[Klogger_[m[K’ was not declared in this scope
[12.074s]    18 |    RCLCPP_INFO_STREAM([01;31m[Klogger_[m[K, ("pos2= %f \n", pos ));
[12.075s]       |                       [01;31m[K^~~~~~~[m[K
[12.076s] [01m[K/home/ubuntu/workspaces/diff_robot/src/diff_interface/src/motor_control.cpp:18:4:[m[K [01;31m[Kerror: [m[Ktemplate argument 1 is invalid
[12.076s]    18 |    [01;31m[KRCLCPP_INFO_STREAM[m[K(logger_, ("pos2= %f \n", pos ));
[12.076s]       |    [01;31m[K^~~~~~~~~~~~~~~~~~[m[K
[12.077s] [01m[K/home/ubuntu/workspaces/diff_robot/src/diff_interface/src/motor_control.cpp:18:4:[m[K [01;31m[Kerror: [m[Ktemplate argument 1 is invalid
[12.078s]    18 |    [01;31m[KRCLCPP_INFO_STREAM[m[K(logger_, ("pos2= %f \n", pos ));
[12.078s]       |    [01;31m[K^~~~~~~~~~~~~~~~~~[m[K
[12.079s] [01m[K/home/ubuntu/workspaces/diff_robot/src/diff_interface/src/motor_control.cpp:18:4:[m[K [01;31m[Kerror: [m[Ktemplate argument 1 is invalid
[12.079s]    18 |    [01;31m[KRCLCPP_INFO_STREAM[m[K(logger_, ("pos2= %f \n", pos ));
[12.080s]       |    [01;31m[K^~~~~~~~~~~~~~~~~~[m[K
[12.081s] [01m[K/home/ubuntu/workspaces/diff_robot/src/diff_interface/src/motor_control.cpp:18:33:[m[K [01;35m[Kwarning: [m[Kleft operand of comma operator has no effect [[01;35m[K-Wunused-value[m[K]
[12.082s]    18 |    RCLCPP_INFO_STREAM(logger_, ([01;35m[K"pos2= %f \n"[m[K, pos ));
[12.082s]       |                                 [01;35m[K^~~~~~~~~~~~~[m[K
[12.083s] [01m[K/home/ubuntu/workspaces/diff_robot/src/diff_interface/src/motor_control.cpp:[m[K In function ‘[01m[Kint start_encoders()[m[K’:
[12.084s] [01m[K/home/ubuntu/workspaces/diff_robot/src/diff_interface/src/motor_control.cpp:23:17:[m[K [01;31m[Kerror: [m[K‘[01m[Klogger_[m[K’ was not declared in this scope
[12.084s]    23 |     RCLCPP_INFO([01;31m[Klogger_[m[K, ("Starting encoders..." ));
[12.085s]       |                 [01;31m[K^~~~~~~[m[K
[12.085s] [01m[K/home/ubuntu/workspaces/diff_robot/src/diff_interface/src/motor_control.cpp:23:5:[m[K [01;31m[Kerror: [m[Ktemplate argument 1 is invalid
[12.086s]    23 |     [01;31m[KRCLCPP_INFO[m[K(logger_, ("Starting encoders..." ));
[12.087s]       |     [01;31m[K^~~~~~~~~~~[m[K
[12.088s] [01m[K/home/ubuntu/workspaces/diff_robot/src/diff_interface/src/motor_control.cpp:23:5:[m[K [01;31m[Kerror: [m[Ktemplate argument 1 is invalid
[12.089s]    23 |     [01;31m[KRCLCPP_INFO[m[K(logger_, ("Starting encoders..." ));
[12.090s]       |     [01;31m[K^~~~~~~~~~~[m[K
[12.091s] [01m[K/home/ubuntu/workspaces/diff_robot/src/diff_interface/src/motor_control.cpp:23:5:[m[K [01;31m[Kerror: [m[Ktemplate argument 1 is invalid
[12.091s]    23 |     [01;31m[KRCLCPP_INFO[m[K(logger_, ("Starting encoders..." ));
[12.092s]       |     [01;31m[K^~~~~~~~~~~[m[K
[12.093s] [01m[K/home/ubuntu/workspaces/diff_robot/src/diff_interface/src/motor_control.cpp:25:28:[m[K [01;31m[Kerror: [m[K‘[01m[Klogger_[m[K’ was not declared in this scope
[12.094s]    25 |         RCLCPP_INFO_STREAM([01;31m[Klogger_[m[K, ("gpio failed to initialize" ));
[12.094s]       |                            [01;31m[K^~~~~~~[m[K
[12.095s] [01m[K/home/ubuntu/workspaces/diff_robot/src/diff_interface/src/motor_control.cpp:25:9:[m[K [01;31m[Kerror: [m[Ktemplate argument 1 is invalid
[12.095s]    25 |         [01;31m[KRCLCPP_INFO_STREAM[m[K(logger_, ("gpio failed to initialize" ));
[12.096s]       |         [01;31m[K^~~~~~~~~~~~~~~~~~[m[K
[12.096s] [01m[K/home/ubuntu/workspaces/diff_robot/src/diff_interface/src/motor_control.cpp:25:9:[m[K [01;31m[Kerror: [m[Ktemplate argument 1 is invalid
[12.097s]    25 |         [01;31m[KRCLCPP_INFO_STREAM[m[K(logger_, ("gpio failed to initialize" ));
[12.097s]       |         [01;31m[K^~~~~~~~~~~~~~~~~~[m[K
[12.098s] [01m[K/home/ubuntu/workspaces/diff_robot/src/diff_interface/src/motor_control.cpp:25:9:[m[K [01;31m[Kerror: [m[Ktemplate argument 1 is invalid
[12.098s]    25 |         [01;31m[KRCLCPP_INFO_STREAM[m[K(logger_, ("gpio failed to initialize" ));
[12.099s]       |         [01;31m[K^~~~~~~~~~~~~~~~~~[m[K
[12.099s] [01m[K/home/ubuntu/workspaces/diff_robot/src/diff_interface/src/motor_control.cpp:28:17:[m[K [01;35m[Kwarning: [m[Kunused variable ‘[01m[Kdec1[m[K’ [[01;35m[K-Wunused-variable[m[K]
[12.100s]    28 |     re_decoder *[01;35m[Kdec1[m[K = new re_decoder(7, 8, callback);
[12.100s]       |                 [01;35m[K^~~~[m[K
[12.100s] [01m[K/home/ubuntu/workspaces/diff_robot/src/diff_interface/src/motor_control.cpp:29:17:[m[K [01;35m[Kwarning: [m[Kunused variable ‘[01m[Kdec2[m[K’ [[01;35m[K-Wunused-variable[m[K]
[12.101s]    29 |     re_decoder *[01;35m[Kdec2[m[K = new re_decoder(17, 18, callback2);
[12.101s]       |                 [01;35m[K^~~~[m[K
[12.102s] In file included from [01m[K/opt/ros/foxy/include/rclcpp/service.hpp:34[m[K,
[12.102s]                  from [01m[K/opt/ros/foxy/include/rclcpp/callback_group.hpp:25[m[K,
[12.102s]                  from [01m[K/opt/ros/foxy/include/rclcpp/any_executable.hpp:20[m[K,
[12.103s]                  from [01m[K/opt/ros/foxy/include/rclcpp/memory_strategy.hpp:24[m[K,
[12.104s]                  from [01m[K/opt/ros/foxy/include/rclcpp/memory_strategies.hpp:18[m[K,
[12.104s]                  from [01m[K/opt/ros/foxy/include/rclcpp/executor_options.hpp:20[m[K,
[12.104s]                  from [01m[K/opt/ros/foxy/include/rclcpp/executor.hpp:33[m[K,
[12.105s]                  from [01m[K/opt/ros/foxy/include/rclcpp/executors/multi_threaded_executor.hpp:26[m[K,
[12.105s]                  from [01m[K/opt/ros/foxy/include/rclcpp/executors.hpp:21[m[K,
[12.106s]                  from [01m[K/opt/ros/foxy/include/rclcpp/rclcpp.hpp:146[m[K,
[12.106s]                  from [01m[K/home/ubuntu/workspaces/diff_robot/src/diff_interface/include/diff_interface/motor_control.h:6[m[K,
[12.107s]                  from [01m[K/home/ubuntu/workspaces/diff_robot/src/diff_interface/src/motor_control.cpp:1[m[K:
[12.107s] [01m[K/home/ubuntu/workspaces/diff_robot/src/diff_interface/src/motor_control.cpp:[m[K In function ‘[01m[Kint stop_encoders()[m[K’:
[12.107s] [01m[K/home/ubuntu/workspaces/diff_robot/src/diff_interface/src/motor_control.cpp:35:24:[m[K [01;31m[Kerror: [m[K‘[01m[Klogger_[m[K’ was not declared in this scope
[12.108s]    35 |     RCLCPP_INFO_STREAM([01;31m[Klogger_[m[K, ("Cleaning up encoders"));
[12.108s]       |                        [01;31m[K^~~~~~~[m[K
[12.109s] [01m[K/home/ubuntu/workspaces/diff_robot/src/diff_interface/src/motor_control.cpp:35:5:[m[K [01;31m[Kerror: [m[Ktemplate argument 1 is invalid
[12.109s]    35 |     [01;31m[KRCLCPP_INFO_STREAM[m[K(logger_, ("Cleaning up encoders"));
[12.110s]       |     [01;31m[K^~~~~~~~~~~~~~~~~~[m[K
[12.110s] [01m[K/home/ubuntu/workspaces/diff_robot/src/diff_interface/src/motor_control.cpp:35:5:[m[K [01;31m[Kerror: [m[Ktemplate argument 1 is invalid
[12.111s]    35 |     [01;31m[KRCLCPP_INFO_STREAM[m[K(logger_, ("Cleaning up encoders"));
[12.111s]       |     [01;31m[K^~~~~~~~~~~~~~~~~~[m[K
[12.112s] [01m[K/home/ubuntu/workspaces/diff_robot/src/diff_interface/src/motor_control.cpp:35:5:[m[K [01;31m[Kerror: [m[Ktemplate argument 1 is invalid
[12.112s]    35 |     [01;31m[KRCLCPP_INFO_STREAM[m[K(logger_, ("Cleaning up encoders"));
[12.113s]       |     [01;31m[K^~~~~~~~~~~~~~~~~~[m[K
[13.392s] make[2]: *** [CMakeFiles/diff_interface.dir/build.make:89: CMakeFiles/diff_interface.dir/src/motor_control.cpp.o] Error 1
[13.392s] make[1]: *** [CMakeFiles/Makefile2:78: CMakeFiles/diff_interface.dir/all] Error 2
[13.393s] make: *** [Makefile:141: all] Error 2
[13.399s] Invoked command in '/home/ubuntu/workspaces/diff_robot/build/diff_interface' returned '2': CMAKE_PREFIX_PATH=${CMAKE_PREFIX_PATH}:/opt/ros/foxy /usr/bin/cmake --build /home/ubuntu/workspaces/diff_robot/build/diff_interface -- -j4 -l4
