[0.101s] Invoking command in '/home/ubuntu/workspaces/diff_robot/build/diff_interface': CMAKE_PREFIX_PATH=${CMAKE_PREFIX_PATH}:/opt/ros/foxy /usr/bin/cmake --build /home/ubuntu/workspaces/diff_robot/build/diff_interface -- -j4 -l4
[0.301s] [35m[1mScanning dependencies of target diff_interface[0m
[0.497s] [ 20%] [32mBuilding CXX object CMakeFiles/diff_interface.dir/src/motor_control.cpp.o[0m
[0.527s] [ 40%] [32mBuilding CXX object CMakeFiles/diff_interface.dir/src/rotary_encoder.cpp.o[0m
[0.863s] [01m[K/home/ubuntu/workspaces/diff_robot/src/diff_interface/src/rotary_encoder.cpp:5:10:[m[K [01;31m[Kfatal error: [m[Kdiff_intercae/rotary_encoder.hpp: No such file or directory
[0.864s]     5 | #include [01;31m[K"diff_intercae/rotary_encoder.hpp"[m[K
[0.867s]       |          [01;31m[K^~~~~~~~~~~~~~~~~~~~~~~~~~~~~~~~~~[m[K
[0.867s] compilation terminated.
[0.870s] make[2]: *** [CMakeFiles/diff_interface.dir/build.make:102: CMakeFiles/diff_interface.dir/src/rotary_encoder.cpp.o] Error 1
[0.870s] make[2]: *** Waiting for unfinished jobs....
[5.625s] In file included from [01m[K/opt/ros/foxy/include/rclcpp/client.hpp:40[m[K,
[5.626s]                  from [01m[K/opt/ros/foxy/include/rclcpp/callback_group.hpp:23[m[K,
[5.626s]                  from [01m[K/opt/ros/foxy/include/rclcpp/any_executable.hpp:20[m[K,
[5.626s]                  from [01m[K/opt/ros/foxy/include/rclcpp/memory_strategy.hpp:24[m[K,
[5.627s]                  from [01m[K/opt/ros/foxy/include/rclcpp/memory_strategies.hpp:18[m[K,
[5.627s]                  from [01m[K/opt/ros/foxy/include/rclcpp/executor_options.hpp:20[m[K,
[5.628s]                  from [01m[K/opt/ros/foxy/include/rclcpp/executor.hpp:33[m[K,
[5.628s]                  from [01m[K/opt/ros/foxy/include/rclcpp/executors/multi_threaded_executor.hpp:26[m[K,
[5.629s]                  from [01m[K/opt/ros/foxy/include/rclcpp/executors.hpp:21[m[K,
[5.629s]                  from [01m[K/opt/ros/foxy/include/rclcpp/rclcpp.hpp:146[m[K,
[5.629s]                  from [01m[K/home/ubuntu/workspaces/diff_robot/src/diff_interface/include/diff_interface/motor_control.h:6[m[K,
[5.630s]                  from [01m[K/home/ubuntu/workspaces/diff_robot/src/diff_interface/src/motor_control.cpp:1[m[K:
[5.630s] [01m[K/home/ubuntu/workspaces/diff_robot/src/diff_interface/src/motor_control.cpp:[m[K In member function ‘[01m[Kvoid motor_control::callback1(int)[m[K’:
[5.631s] [01m[K/home/ubuntu/workspaces/diff_robot/src/diff_interface/src/motor_control.cpp:15:26:[m[K [01;35m[Kwarning: [m[Kleft operand of comma operator has no effect [[01;35m[K-Wunused-value[m[K]
[5.632s]    15 |    RCLCPP_INFO(logger_, ([01;35m[K"pos1= %i \n"[m[K, (pos) ));
[5.632s]       |                          [01;35m[K^~~~~~~~~~~~~[m[K
[5.632s] [01m[K/home/ubuntu/workspaces/diff_robot/src/diff_interface/src/motor_control.cpp:15:39:[m[K [01;31m[Kerror: [m[Kinvalid conversion from ‘[01m[Kint[m[K’ to ‘[01m[Kconst char*[m[K’ [[01;31m[K-fpermissive[m[K]
[5.633s]    15 |    RCLCPP_INFO(logger_, [01;31m[K("pos1= %i \n", (pos) )[m[K);
[5.633s]       |                         [01;31m[K~~~~~~~~~~~~~~^~~~~~~~~[m[K
[5.634s]       |                                       [01;31m[K|[m[K
[5.634s]       |                                       [01;31m[Kint[m[K
[5.635s] In file included from [01m[K/opt/ros/foxy/include/rclcpp/client.hpp:36[m[K,
[5.635s]                  from [01m[K/opt/ros/foxy/include/rclcpp/callback_group.hpp:23[m[K,
[5.636s]                  from [01m[K/opt/ros/foxy/include/rclcpp/any_executable.hpp:20[m[K,
[5.636s]                  from [01m[K/opt/ros/foxy/include/rclcpp/memory_strategy.hpp:24[m[K,
[5.636s]                  from [01m[K/opt/ros/foxy/include/rclcpp/memory_strategies.hpp:18[m[K,
[5.637s]                  from [01m[K/opt/ros/foxy/include/rclcpp/executor_options.hpp:20[m[K,
[5.637s]                  from [01m[K/opt/ros/foxy/include/rclcpp/executor.hpp:33[m[K,
[5.638s]                  from [01m[K/opt/ros/foxy/include/rclcpp/executors/multi_threaded_executor.hpp:26[m[K,
[5.638s]                  from [01m[K/opt/ros/foxy/include/rclcpp/executors.hpp:21[m[K,
[5.639s]                  from [01m[K/opt/ros/foxy/include/rclcpp/rclcpp.hpp:146[m[K,
[5.639s]                  from [01m[K/home/ubuntu/workspaces/diff_robot/src/diff_interface/include/diff_interface/motor_control.h:6[m[K,
[5.639s]                  from [01m[K/home/ubuntu/workspaces/diff_robot/src/diff_interface/src/motor_control.cpp:1[m[K:
[5.640s] [01m[K/opt/ros/foxy/include/rclcpp/utilities.hpp:296:27:[m[K [01;36m[Knote: [m[K  initializing argument 1 of ‘[01m[Kconst char* rclcpp::get_c_string(const char*)[m[K’
[5.640s]   296 | get_c_string([01;36m[Kconst char * string_in[m[K);
[5.641s]       |              [01;36m[K~~~~~~~~~~~~~^~~~~~~~~[m[K
[5.641s] [01m[K/home/ubuntu/workspaces/diff_robot/src/diff_interface/src/motor_control.cpp:[m[K In member function ‘[01m[Kint motor_control::start_encoders()[m[K’:
[5.641s] [01m[K/home/ubuntu/workspaces/diff_robot/src/diff_interface/src/motor_control.cpp:34:50:[m[K [01;31m[Kerror: [m[Krequest for member ‘[01m[Kcallback1[m[K’ in ‘[01m[K(motor_control*)this[m[K’, which is of pointer type ‘[01m[Kmotor_control*[m[K’ (maybe you meant to use ‘[01m[K->[m[K’ ?)
[5.642s]    34 |     re_decoder *dec1 = new re_decoder(7, 8, this.[01;31m[Kcallback1[m[K);
[5.642s]       |                                                  [01;31m[K^~~~~~~~~[m[K
[5.643s] [01m[K/home/ubuntu/workspaces/diff_robot/src/diff_interface/src/motor_control.cpp:35:52:[m[K [01;31m[Kerror: [m[Krequest for member ‘[01m[Kcallback2[m[K’ in ‘[01m[K(motor_control*)this[m[K’, which is of pointer type ‘[01m[Kmotor_control*[m[K’ (maybe you meant to use ‘[01m[K->[m[K’ ?)
[5.643s]    35 |     re_decoder *dec2 = new re_decoder(17, 18, this.[01;31m[Kcallback2[m[K);
[5.644s]       |                                                    [01;31m[K^~~~~~~~~[m[K
[5.644s] [01m[K/home/ubuntu/workspaces/diff_robot/src/diff_interface/src/motor_control.cpp:34:17:[m[K [01;35m[Kwarning: [m[Kunused variable ‘[01m[Kdec1[m[K’ [[01;35m[K-Wunused-variable[m[K]
[5.644s]    34 |     re_decoder *[01;35m[Kdec1[m[K = new re_decoder(7, 8, this.callback1);
[5.645s]       |                 [01;35m[K^~~~[m[K
[5.645s] [01m[K/home/ubuntu/workspaces/diff_robot/src/diff_interface/src/motor_control.cpp:35:17:[m[K [01;35m[Kwarning: [m[Kunused variable ‘[01m[Kdec2[m[K’ [[01;35m[K-Wunused-variable[m[K]
[5.646s]    35 |     re_decoder *[01;35m[Kdec2[m[K = new re_decoder(17, 18, this.callback2);
[5.646s]       |                 [01;35m[K^~~~[m[K
[6.919s] make[2]: *** [CMakeFiles/diff_interface.dir/build.make:89: CMakeFiles/diff_interface.dir/src/motor_control.cpp.o] Error 1
[6.920s] make[1]: *** [CMakeFiles/Makefile2:78: CMakeFiles/diff_interface.dir/all] Error 2
[6.921s] make: *** [Makefile:141: all] Error 2
[6.927s] Invoked command in '/home/ubuntu/workspaces/diff_robot/build/diff_interface' returned '2': CMAKE_PREFIX_PATH=${CMAKE_PREFIX_PATH}:/opt/ros/foxy /usr/bin/cmake --build /home/ubuntu/workspaces/diff_robot/build/diff_interface -- -j4 -l4
