[1.251s] DEBUG:colcon:Command line arguments: ['/usr/bin/colcon', 'build']
[1.251s] DEBUG:colcon:Parsed command line arguments: Namespace(allow_overriding=[], ament_cmake_args=None, base_paths=['.'], build_base='build', catkin_cmake_args=None, catkin_skip_building_tests=False, cmake_args=None, cmake_clean_cache=False, cmake_clean_first=False, cmake_force_configure=False, cmake_target=None, cmake_target_skip_unavailable=False, continue_on_error=False, event_handlers=None, executor='parallel', ignore_user_meta=False, install_base='install', log_base=None, log_level=None, main=<bound method BuildVerb.main of <colcon_core.verb.build.BuildVerb object at 0xffff8104ca60>>, merge_install=False, metas=['./colcon.meta'], packages_above=None, packages_above_and_dependencies=None, packages_above_depth=None, packages_end=None, packages_ignore=None, packages_ignore_regex=None, packages_select=None, packages_select_build_failed=False, packages_select_by_dep=None, packages_select_regex=None, packages_select_test_failures=False, packages_skip=None, packages_skip_build_finished=False, packages_skip_by_dep=None, packages_skip_regex=None, packages_skip_test_passed=False, packages_skip_up_to=None, packages_start=None, packages_up_to=None, packages_up_to_regex=None, parallel_workers=4, paths=None, symlink_install=False, test_result_base=None, verb_extension=<colcon_core.verb.build.BuildVerb object at 0xffff8104ca60>, verb_name='build', verb_parser=<colcon_defaults.argument_parser.defaults.DefaultArgumentsDecorator object at 0xffff81055040>)
[1.357s] Level 1:colcon.colcon_core.package_discovery:discover_packages(colcon_meta) check parameters
[1.358s] Level 1:colcon.colcon_core.package_discovery:discover_packages(recursive) check parameters
[1.358s] Level 1:colcon.colcon_core.package_discovery:discover_packages(ignore) check parameters
[1.358s] Level 1:colcon.colcon_core.package_discovery:discover_packages(path) check parameters
[1.359s] Level 1:colcon.colcon_core.package_discovery:discover_packages(colcon_meta) discover
[1.359s] Level 1:colcon.colcon_core.package_discovery:discover_packages(recursive) discover
[1.360s] INFO:colcon.colcon_core.package_discovery:Crawling recursively for packages in '/home/ubuntu/workspaces/diff_robot'
[1.360s] Level 1:colcon.colcon_core.package_identification:_identify(.) by extensions ['ignore', 'ignore_ament_install']
[1.362s] Level 1:colcon.colcon_core.package_identification:_identify(.) by extension 'ignore'
[1.362s] Level 1:colcon.colcon_core.package_identification:_identify(.) by extension 'ignore_ament_install'
[1.363s] Level 1:colcon.colcon_core.package_identification:_identify(.) by extensions ['colcon_pkg']
[1.363s] Level 1:colcon.colcon_core.package_identification:_identify(.) by extension 'colcon_pkg'
[1.364s] Level 1:colcon.colcon_core.package_identification:_identify(.) by extensions ['colcon_meta']
[1.364s] Level 1:colcon.colcon_core.package_identification:_identify(.) by extension 'colcon_meta'
[1.364s] Level 1:colcon.colcon_core.package_identification:_identify(.) by extensions ['ros']
[1.364s] Level 1:colcon.colcon_core.package_identification:_identify(.) by extension 'ros'
[1.451s] Level 1:colcon.colcon_core.package_identification:_identify(.) by extensions ['cmake', 'python']
[1.451s] Level 1:colcon.colcon_core.package_identification:_identify(.) by extension 'cmake'
[1.451s] Level 1:colcon.colcon_core.package_identification:_identify(.) by extension 'python'
[1.451s] Level 1:colcon.colcon_core.package_identification:_identify(.) by extensions ['python_setup_py']
[1.452s] Level 1:colcon.colcon_core.package_identification:_identify(.) by extension 'python_setup_py'
[1.452s] Level 1:colcon.colcon_core.package_identification:_identify(build) by extensions ['ignore', 'ignore_ament_install']
[1.453s] Level 1:colcon.colcon_core.package_identification:_identify(build) by extension 'ignore'
[1.453s] Level 1:colcon.colcon_core.package_identification:_identify(build) ignored
[1.453s] Level 1:colcon.colcon_core.package_identification:_identify(install) by extensions ['ignore', 'ignore_ament_install']
[1.454s] Level 1:colcon.colcon_core.package_identification:_identify(install) by extension 'ignore'
[1.454s] Level 1:colcon.colcon_core.package_identification:_identify(install) ignored
[1.455s] Level 1:colcon.colcon_core.package_identification:_identify(log) by extensions ['ignore', 'ignore_ament_install']
[1.456s] Level 1:colcon.colcon_core.package_identification:_identify(log) by extension 'ignore'
[1.456s] Level 1:colcon.colcon_core.package_identification:_identify(log) ignored
[1.456s] Level 1:colcon.colcon_core.package_identification:_identify(src) by extensions ['ignore', 'ignore_ament_install']
[1.457s] Level 1:colcon.colcon_core.package_identification:_identify(src) by extension 'ignore'
[1.457s] Level 1:colcon.colcon_core.package_identification:_identify(src) by extension 'ignore_ament_install'
[1.457s] Level 1:colcon.colcon_core.package_identification:_identify(src) by extensions ['colcon_pkg']
[1.457s] Level 1:colcon.colcon_core.package_identification:_identify(src) by extension 'colcon_pkg'
[1.457s] Level 1:colcon.colcon_core.package_identification:_identify(src) by extensions ['colcon_meta']
[1.458s] Level 1:colcon.colcon_core.package_identification:_identify(src) by extension 'colcon_meta'
[1.458s] Level 1:colcon.colcon_core.package_identification:_identify(src) by extensions ['ros']
[1.458s] Level 1:colcon.colcon_core.package_identification:_identify(src) by extension 'ros'
[1.458s] Level 1:colcon.colcon_core.package_identification:_identify(src) by extensions ['cmake', 'python']
[1.458s] Level 1:colcon.colcon_core.package_identification:_identify(src) by extension 'cmake'
[1.458s] Level 1:colcon.colcon_core.package_identification:_identify(src) by extension 'python'
[1.459s] Level 1:colcon.colcon_core.package_identification:_identify(src) by extensions ['python_setup_py']
[1.459s] Level 1:colcon.colcon_core.package_identification:_identify(src) by extension 'python_setup_py'
[1.459s] Level 1:colcon.colcon_core.package_identification:_identify(src/diff_interface) by extensions ['ignore', 'ignore_ament_install']
[1.460s] Level 1:colcon.colcon_core.package_identification:_identify(src/diff_interface) by extension 'ignore'
[1.460s] Level 1:colcon.colcon_core.package_identification:_identify(src/diff_interface) by extension 'ignore_ament_install'
[1.460s] Level 1:colcon.colcon_core.package_identification:_identify(src/diff_interface) by extensions ['colcon_pkg']
[1.460s] Level 1:colcon.colcon_core.package_identification:_identify(src/diff_interface) by extension 'colcon_pkg'
[1.460s] Level 1:colcon.colcon_core.package_identification:_identify(src/diff_interface) by extensions ['colcon_meta']
[1.461s] Level 1:colcon.colcon_core.package_identification:_identify(src/diff_interface) by extension 'colcon_meta'
[1.461s] Level 1:colcon.colcon_core.package_identification:_identify(src/diff_interface) by extensions ['ros']
[1.461s] Level 1:colcon.colcon_core.package_identification:_identify(src/diff_interface) by extension 'ros'
[1.470s] DEBUG:colcon.colcon_core.package_identification:Package 'src/diff_interface' with type 'ros.ament_cmake' and name 'diff_interface'
[1.471s] Level 1:colcon.colcon_core.package_identification:_identify(src/my_bot) by extensions ['ignore', 'ignore_ament_install']
[1.471s] Level 1:colcon.colcon_core.package_identification:_identify(src/my_bot) by extension 'ignore'
[1.471s] Level 1:colcon.colcon_core.package_identification:_identify(src/my_bot) by extension 'ignore_ament_install'
[1.472s] Level 1:colcon.colcon_core.package_identification:_identify(src/my_bot) by extensions ['colcon_pkg']
[1.472s] Level 1:colcon.colcon_core.package_identification:_identify(src/my_bot) by extension 'colcon_pkg'
[1.472s] Level 1:colcon.colcon_core.package_identification:_identify(src/my_bot) by extensions ['colcon_meta']
[1.472s] Level 1:colcon.colcon_core.package_identification:_identify(src/my_bot) by extension 'colcon_meta'
[1.472s] Level 1:colcon.colcon_core.package_identification:_identify(src/my_bot) by extensions ['ros']
[1.472s] Level 1:colcon.colcon_core.package_identification:_identify(src/my_bot) by extension 'ros'
[1.474s] DEBUG:colcon.colcon_core.package_identification:Package 'src/my_bot' with type 'ros.ament_cmake' and name 'my_bot'
[1.475s] Level 1:colcon.colcon_core.package_discovery:discover_packages(recursive) using defaults
[1.475s] Level 1:colcon.colcon_core.package_discovery:discover_packages(ignore) discover
[1.475s] Level 1:colcon.colcon_core.package_discovery:discover_packages(ignore) using defaults
[1.475s] Level 1:colcon.colcon_core.package_discovery:discover_packages(path) discover
[1.476s] Level 1:colcon.colcon_core.package_discovery:discover_packages(path) using defaults
[1.551s] Level 1:colcon.colcon_core.package_discovery:discover_packages(prefix_path) check parameters
[1.551s] Level 1:colcon.colcon_core.package_discovery:discover_packages(prefix_path) discover
[1.563s] DEBUG:colcon.colcon_installed_package_information.package_discovery:Found 2 installed packages in /home/ubuntu/workspaces/diff_robot/install
[1.573s] DEBUG:colcon.colcon_installed_package_information.package_discovery:Found 283 installed packages in /opt/ros/foxy
[1.580s] Level 1:colcon.colcon_core.package_discovery:discover_packages(prefix_path) using defaults
[1.877s] Level 5:colcon.colcon_core.verb:set package 'diff_interface' build argument 'cmake_args' from command line to 'None'
[1.877s] Level 5:colcon.colcon_core.verb:set package 'diff_interface' build argument 'cmake_target' from command line to 'None'
[1.877s] Level 5:colcon.colcon_core.verb:set package 'diff_interface' build argument 'cmake_target_skip_unavailable' from command line to 'False'
[1.877s] Level 5:colcon.colcon_core.verb:set package 'diff_interface' build argument 'cmake_clean_cache' from command line to 'False'
[1.878s] Level 5:colcon.colcon_core.verb:set package 'diff_interface' build argument 'cmake_clean_first' from command line to 'False'
[1.878s] Level 5:colcon.colcon_core.verb:set package 'diff_interface' build argument 'cmake_force_configure' from command line to 'False'
[1.878s] Level 5:colcon.colcon_core.verb:set package 'diff_interface' build argument 'ament_cmake_args' from command line to 'None'
[1.878s] Level 5:colcon.colcon_core.verb:set package 'diff_interface' build argument 'catkin_cmake_args' from command line to 'None'
[1.878s] Level 5:colcon.colcon_core.verb:set package 'diff_interface' build argument 'catkin_skip_building_tests' from command line to 'False'
[1.878s] DEBUG:colcon.colcon_core.verb:Building package 'diff_interface' with the following arguments: {'ament_cmake_args': None, 'build_base': '/home/ubuntu/workspaces/diff_robot/build/diff_interface', 'catkin_cmake_args': None, 'catkin_skip_building_tests': False, 'cmake_args': None, 'cmake_clean_cache': False, 'cmake_clean_first': False, 'cmake_force_configure': False, 'cmake_target': None, 'cmake_target_skip_unavailable': False, 'install_base': '/home/ubuntu/workspaces/diff_robot/install/diff_interface', 'merge_install': False, 'path': '/home/ubuntu/workspaces/diff_robot/src/diff_interface', 'symlink_install': False, 'test_result_base': None}
[1.883s] Level 5:colcon.colcon_core.verb:set package 'my_bot' build argument 'cmake_args' from command line to 'None'
[1.883s] Level 5:colcon.colcon_core.verb:set package 'my_bot' build argument 'cmake_target' from command line to 'None'
[1.883s] Level 5:colcon.colcon_core.verb:set package 'my_bot' build argument 'cmake_target_skip_unavailable' from command line to 'False'
[1.883s] Level 5:colcon.colcon_core.verb:set package 'my_bot' build argument 'cmake_clean_cache' from command line to 'False'
[1.883s] Level 5:colcon.colcon_core.verb:set package 'my_bot' build argument 'cmake_clean_first' from command line to 'False'
[1.883s] Level 5:colcon.colcon_core.verb:set package 'my_bot' build argument 'cmake_force_configure' from command line to 'False'
[1.884s] Level 5:colcon.colcon_core.verb:set package 'my_bot' build argument 'ament_cmake_args' from command line to 'None'
[1.884s] Level 5:colcon.colcon_core.verb:set package 'my_bot' build argument 'catkin_cmake_args' from command line to 'None'
[1.884s] Level 5:colcon.colcon_core.verb:set package 'my_bot' build argument 'catkin_skip_building_tests' from command line to 'False'
[1.884s] DEBUG:colcon.colcon_core.verb:Building package 'my_bot' with the following arguments: {'ament_cmake_args': None, 'build_base': '/home/ubuntu/workspaces/diff_robot/build/my_bot', 'catkin_cmake_args': None, 'catkin_skip_building_tests': False, 'cmake_args': None, 'cmake_clean_cache': False, 'cmake_clean_first': False, 'cmake_force_configure': False, 'cmake_target': None, 'cmake_target_skip_unavailable': False, 'install_base': '/home/ubuntu/workspaces/diff_robot/install/my_bot', 'merge_install': False, 'path': '/home/ubuntu/workspaces/diff_robot/src/my_bot', 'symlink_install': False, 'test_result_base': None}
[1.887s] INFO:colcon.colcon_core.executor:Executing jobs using 'parallel' executor
[1.900s] DEBUG:colcon.colcon_parallel_executor.executor.parallel:run_until_complete
[1.901s] INFO:colcon.colcon_ros.task.ament_cmake.build:Building ROS package in '/home/ubuntu/workspaces/diff_robot/src/diff_interface' with build type 'ament_cmake'
[1.902s] INFO:colcon.colcon_cmake.task.cmake.build:Building CMake package in '/home/ubuntu/workspaces/diff_robot/src/diff_interface'
[1.919s] INFO:colcon.colcon_core.plugin_system:Skipping extension 'colcon_core.shell.bat': Not used on non-Windows systems
[1.920s] INFO:colcon.colcon_core.shell:Skip shell extension 'powershell' for command environment: Not usable outside of PowerShell
[1.920s] DEBUG:colcon.colcon_core.shell:Skip shell extension 'dsv' for command environment
[1.947s] INFO:colcon.colcon_ros.task.ament_cmake.build:Building ROS package in '/home/ubuntu/workspaces/diff_robot/src/my_bot' with build type 'ament_cmake'
[1.949s] INFO:colcon.colcon_cmake.task.cmake.build:Building CMake package in '/home/ubuntu/workspaces/diff_robot/src/my_bot'
[1.956s] INFO:colcon.colcon_core.shell:Skip shell extension 'powershell' for command environment: Not usable outside of PowerShell
[1.957s] DEBUG:colcon.colcon_core.shell:Skip shell extension 'dsv' for command environment
[2.007s] DEBUG:colcon.colcon_core.event_handler.log_command:Invoking command in '/home/ubuntu/workspaces/diff_robot/build/diff_interface': CMAKE_PREFIX_PATH=${CMAKE_PREFIX_PATH}:/opt/ros/foxy /usr/bin/cmake --build /home/ubuntu/workspaces/diff_robot/build/diff_interface -- -j4 -l4
[2.045s] DEBUG:colcon.colcon_core.event_handler.log_command:Invoking command in '/home/ubuntu/workspaces/diff_robot/build/my_bot': CMAKE_PREFIX_PATH=${CMAKE_PREFIX_PATH}:/opt/ros/foxy /usr/bin/cmake --build /home/ubuntu/workspaces/diff_robot/build/my_bot -- -j4 -l4
[2.210s] DEBUG:colcon.colcon_core.event_handler.log_command:Invoked command in '/home/ubuntu/workspaces/diff_robot/build/my_bot' returned '0': CMAKE_PREFIX_PATH=${CMAKE_PREFIX_PATH}:/opt/ros/foxy /usr/bin/cmake --build /home/ubuntu/workspaces/diff_robot/build/my_bot -- -j4 -l4
[2.422s] DEBUG:colcon.colcon_core.event_handler.log_command:Invoked command in '/home/ubuntu/workspaces/diff_robot/build/diff_interface' returned '0': CMAKE_PREFIX_PATH=${CMAKE_PREFIX_PATH}:/opt/ros/foxy /usr/bin/cmake --build /home/ubuntu/workspaces/diff_robot/build/diff_interface -- -j4 -l4
[2.490s] DEBUG:colcon.colcon_core.event_handler.log_command:Invoking command in '/home/ubuntu/workspaces/diff_robot/build/my_bot': CMAKE_PREFIX_PATH=${CMAKE_PREFIX_PATH}:/opt/ros/foxy /usr/bin/cmake --install /home/ubuntu/workspaces/diff_robot/build/my_bot
[2.599s] DEBUG:colcon.colcon_core.event_handler.log_command:Invoking command in '/home/ubuntu/workspaces/diff_robot/build/diff_interface': CMAKE_PREFIX_PATH=${CMAKE_PREFIX_PATH}:/opt/ros/foxy /usr/bin/cmake --install /home/ubuntu/workspaces/diff_robot/build/diff_interface
[2.619s] Level 1:colcon.colcon_core.environment:create_environment_scripts_only(my_bot)
[2.622s] DEBUG:colcon.colcon_core.event_handler.log_command:Invoked command in '/home/ubuntu/workspaces/diff_robot/build/my_bot' returned '0': CMAKE_PREFIX_PATH=${CMAKE_PREFIX_PATH}:/opt/ros/foxy /usr/bin/cmake --install /home/ubuntu/workspaces/diff_robot/build/my_bot
[2.657s] Level 1:colcon.colcon_core.environment:checking '/home/ubuntu/workspaces/diff_robot/install/my_bot' for CMake module files
[2.664s] Level 1:colcon.colcon_core.environment:checking '/home/ubuntu/workspaces/diff_robot/install/my_bot' for CMake config files
[2.669s] Level 1:colcon.colcon_core.shell:create_environment_hook('my_bot', 'cmake_prefix_path')
[2.674s] INFO:colcon.colcon_core.shell:Creating environment hook '/home/ubuntu/workspaces/diff_robot/install/my_bot/share/my_bot/hook/cmake_prefix_path.ps1'
[2.677s] INFO:colcon.colcon_core.shell:Creating environment descriptor '/home/ubuntu/workspaces/diff_robot/install/my_bot/share/my_bot/hook/cmake_prefix_path.dsv'
[2.679s] INFO:colcon.colcon_core.shell:Creating environment hook '/home/ubuntu/workspaces/diff_robot/install/my_bot/share/my_bot/hook/cmake_prefix_path.sh'
[2.683s] Level 1:colcon.colcon_core.environment:checking '/home/ubuntu/workspaces/diff_robot/install/my_bot/bin'
[2.683s] Level 1:colcon.colcon_core.environment:checking '/home/ubuntu/workspaces/diff_robot/install/my_bot/lib/pkgconfig/my_bot.pc'
[2.684s] Level 1:colcon.colcon_core.environment:checking '/home/ubuntu/workspaces/diff_robot/install/my_bot/lib/python3.8/site-packages'
[2.685s] Level 1:colcon.colcon_core.environment:checking '/home/ubuntu/workspaces/diff_robot/install/my_bot/bin'
[2.690s] INFO:colcon.colcon_core.shell:Creating package script '/home/ubuntu/workspaces/diff_robot/install/my_bot/share/my_bot/package.ps1'
[2.694s] INFO:colcon.colcon_core.shell:Creating package descriptor '/home/ubuntu/workspaces/diff_robot/install/my_bot/share/my_bot/package.dsv'
[2.696s] INFO:colcon.colcon_core.shell:Creating package script '/home/ubuntu/workspaces/diff_robot/install/my_bot/share/my_bot/package.sh'
[2.699s] INFO:colcon.colcon_core.shell:Creating package script '/home/ubuntu/workspaces/diff_robot/install/my_bot/share/my_bot/package.bash'
[2.702s] INFO:colcon.colcon_core.shell:Creating package script '/home/ubuntu/workspaces/diff_robot/install/my_bot/share/my_bot/package.zsh'
[2.704s] Level 1:colcon.colcon_core.environment:create_file_with_runtime_dependencies(/home/ubuntu/workspaces/diff_robot/install/my_bot/share/colcon-core/packages/my_bot)
[2.717s] Level 1:colcon.colcon_core.environment:create_environment_scripts_only(diff_interface)
[2.729s] Level 1:colcon.colcon_core.environment:checking '/home/ubuntu/workspaces/diff_robot/install/diff_interface' for CMake module files
[2.730s] DEBUG:colcon.colcon_core.event_handler.log_command:Invoked command in '/home/ubuntu/workspaces/diff_robot/build/diff_interface' returned '0': CMAKE_PREFIX_PATH=${CMAKE_PREFIX_PATH}:/opt/ros/foxy /usr/bin/cmake --install /home/ubuntu/workspaces/diff_robot/build/diff_interface
[2.734s] Level 1:colcon.colcon_core.environment:checking '/home/ubuntu/workspaces/diff_robot/install/diff_interface' for CMake config files
[2.739s] Level 1:colcon.colcon_core.shell:create_environment_hook('diff_interface', 'cmake_prefix_path')
[2.746s] INFO:colcon.colcon_core.shell:Creating environment hook '/home/ubuntu/workspaces/diff_robot/install/diff_interface/share/diff_interface/hook/cmake_prefix_path.ps1'
[2.749s] INFO:colcon.colcon_core.shell:Creating environment descriptor '/home/ubuntu/workspaces/diff_robot/install/diff_interface/share/diff_interface/hook/cmake_prefix_path.dsv'
[2.750s] INFO:colcon.colcon_core.shell:Creating environment hook '/home/ubuntu/workspaces/diff_robot/install/diff_interface/share/diff_interface/hook/cmake_prefix_path.sh'
[2.754s] Level 1:colcon.colcon_core.environment:checking '/home/ubuntu/workspaces/diff_robot/install/diff_interface/lib'
[2.755s] Level 1:colcon.colcon_core.shell:create_environment_hook('diff_interface', 'ld_library_path_lib')
[2.760s] INFO:colcon.colcon_core.shell:Creating environment hook '/home/ubuntu/workspaces/diff_robot/install/diff_interface/share/diff_interface/hook/ld_library_path_lib.ps1'
[2.762s] INFO:colcon.colcon_core.shell:Creating environment descriptor '/home/ubuntu/workspaces/diff_robot/install/diff_interface/share/diff_interface/hook/ld_library_path_lib.dsv'
[2.764s] INFO:colcon.colcon_core.shell:Creating environment hook '/home/ubuntu/workspaces/diff_robot/install/diff_interface/share/diff_interface/hook/ld_library_path_lib.sh'
[2.767s] Level 1:colcon.colcon_core.environment:checking '/home/ubuntu/workspaces/diff_robot/install/diff_interface/bin'
[2.768s] Level 1:colcon.colcon_core.environment:checking '/home/ubuntu/workspaces/diff_robot/install/diff_interface/lib/pkgconfig/diff_interface.pc'
[2.769s] Level 1:colcon.colcon_core.environment:checking '/home/ubuntu/workspaces/diff_robot/install/diff_interface/lib/python3.8/site-packages'
[2.770s] Level 1:colcon.colcon_core.environment:checking '/home/ubuntu/workspaces/diff_robot/install/diff_interface/bin'
[2.777s] INFO:colcon.colcon_core.shell:Creating package script '/home/ubuntu/workspaces/diff_robot/install/diff_interface/share/diff_interface/package.ps1'
[2.779s] INFO:colcon.colcon_core.shell:Creating package descriptor '/home/ubuntu/workspaces/diff_robot/install/diff_interface/share/diff_interface/package.dsv'
[2.782s] INFO:colcon.colcon_core.shell:Creating package script '/home/ubuntu/workspaces/diff_robot/install/diff_interface/share/diff_interface/package.sh'
[2.784s] INFO:colcon.colcon_core.shell:Creating package script '/home/ubuntu/workspaces/diff_robot/install/diff_interface/share/diff_interface/package.bash'
[2.786s] INFO:colcon.colcon_core.shell:Creating package script '/home/ubuntu/workspaces/diff_robot/install/diff_interface/share/diff_interface/package.zsh'
[2.788s] Level 1:colcon.colcon_core.environment:create_file_with_runtime_dependencies(/home/ubuntu/workspaces/diff_robot/install/diff_interface/share/colcon-core/packages/diff_interface)
[2.812s] Level 1:colcon.colcon_core.environment:create_environment_scripts_only(my_bot)
[2.821s] Level 1:colcon.colcon_core.environment:checking '/home/ubuntu/workspaces/diff_robot/install/my_bot' for CMake module files
[2.824s] Level 1:colcon.colcon_core.environment:checking '/home/ubuntu/workspaces/diff_robot/install/my_bot' for CMake config files
[2.828s] Level 1:colcon.colcon_core.shell:create_environment_hook('my_bot', 'cmake_prefix_path')
[2.835s] INFO:colcon.colcon_core.shell:Creating environment hook '/home/ubuntu/workspaces/diff_robot/install/my_bot/share/my_bot/hook/cmake_prefix_path.ps1'
[2.839s] INFO:colcon.colcon_core.shell:Creating environment descriptor '/home/ubuntu/workspaces/diff_robot/install/my_bot/share/my_bot/hook/cmake_prefix_path.dsv'
[2.841s] INFO:colcon.colcon_core.shell:Creating environment hook '/home/ubuntu/workspaces/diff_robot/install/my_bot/share/my_bot/hook/cmake_prefix_path.sh'
[2.844s] Level 1:colcon.colcon_core.environment:checking '/home/ubuntu/workspaces/diff_robot/install/my_bot/bin'
[2.844s] Level 1:colcon.colcon_core.environment:checking '/home/ubuntu/workspaces/diff_robot/install/my_bot/lib/pkgconfig/my_bot.pc'
[2.845s] Level 1:colcon.colcon_core.environment:checking '/home/ubuntu/workspaces/diff_robot/install/my_bot/lib/python3.8/site-packages'
[2.846s] Level 1:colcon.colcon_core.environment:checking '/home/ubuntu/workspaces/diff_robot/install/my_bot/bin'
[2.853s] INFO:colcon.colcon_core.shell:Creating package script '/home/ubuntu/workspaces/diff_robot/install/my_bot/share/my_bot/package.ps1'
[2.855s] INFO:colcon.colcon_core.shell:Creating package descriptor '/home/ubuntu/workspaces/diff_robot/install/my_bot/share/my_bot/package.dsv'
[2.858s] INFO:colcon.colcon_core.shell:Creating package script '/home/ubuntu/workspaces/diff_robot/install/my_bot/share/my_bot/package.sh'
[2.860s] INFO:colcon.colcon_core.shell:Creating package script '/home/ubuntu/workspaces/diff_robot/install/my_bot/share/my_bot/package.bash'
[2.862s] INFO:colcon.colcon_core.shell:Creating package script '/home/ubuntu/workspaces/diff_robot/install/my_bot/share/my_bot/package.zsh'
[2.865s] Level 1:colcon.colcon_core.environment:create_file_with_runtime_dependencies(/home/ubuntu/workspaces/diff_robot/install/my_bot/share/colcon-core/packages/my_bot)
[2.944s] Level 1:colcon.colcon_core.environment:create_environment_scripts_only(diff_interface)
[2.953s] Level 1:colcon.colcon_core.environment:checking '/home/ubuntu/workspaces/diff_robot/install/diff_interface' for CMake module files
[2.956s] Level 1:colcon.colcon_core.environment:checking '/home/ubuntu/workspaces/diff_robot/install/diff_interface' for CMake config files
[2.959s] Level 1:colcon.colcon_core.shell:create_environment_hook('diff_interface', 'cmake_prefix_path')
[2.964s] INFO:colcon.colcon_core.shell:Creating environment hook '/home/ubuntu/workspaces/diff_robot/install/diff_interface/share/diff_interface/hook/cmake_prefix_path.ps1'
[2.966s] INFO:colcon.colcon_core.shell:Creating environment descriptor '/home/ubuntu/workspaces/diff_robot/install/diff_interface/share/diff_interface/hook/cmake_prefix_path.dsv'
[2.967s] INFO:colcon.colcon_core.shell:Creating environment hook '/home/ubuntu/workspaces/diff_robot/install/diff_interface/share/diff_interface/hook/cmake_prefix_path.sh'
[2.970s] Level 1:colcon.colcon_core.environment:checking '/home/ubuntu/workspaces/diff_robot/install/diff_interface/lib'
[2.970s] Level 1:colcon.colcon_core.shell:create_environment_hook('diff_interface', 'ld_library_path_lib')
[2.976s] INFO:colcon.colcon_core.shell:Creating environment hook '/home/ubuntu/workspaces/diff_robot/install/diff_interface/share/diff_interface/hook/ld_library_path_lib.ps1'
[2.977s] INFO:colcon.colcon_core.shell:Creating environment descriptor '/home/ubuntu/workspaces/diff_robot/install/diff_interface/share/diff_interface/hook/ld_library_path_lib.dsv'
[2.979s] INFO:colcon.colcon_core.shell:Creating environment hook '/home/ubuntu/workspaces/diff_robot/install/diff_interface/share/diff_interface/hook/ld_library_path_lib.sh'
[2.981s] Level 1:colcon.colcon_core.environment:checking '/home/ubuntu/workspaces/diff_robot/install/diff_interface/bin'
[2.981s] Level 1:colcon.colcon_core.environment:checking '/home/ubuntu/workspaces/diff_robot/install/diff_interface/lib/pkgconfig/diff_interface.pc'
[2.982s] Level 1:colcon.colcon_core.environment:checking '/home/ubuntu/workspaces/diff_robot/install/diff_interface/lib/python3.8/site-packages'
[2.983s] Level 1:colcon.colcon_core.environment:checking '/home/ubuntu/workspaces/diff_robot/install/diff_interface/bin'
[2.988s] INFO:colcon.colcon_core.shell:Creating package script '/home/ubuntu/workspaces/diff_robot/install/diff_interface/share/diff_interface/package.ps1'
[2.991s] INFO:colcon.colcon_core.shell:Creating package descriptor '/home/ubuntu/workspaces/diff_robot/install/diff_interface/share/diff_interface/package.dsv'
[2.993s] INFO:colcon.colcon_core.shell:Creating package script '/home/ubuntu/workspaces/diff_robot/install/diff_interface/share/diff_interface/package.sh'
[2.995s] INFO:colcon.colcon_core.shell:Creating package script '/home/ubuntu/workspaces/diff_robot/install/diff_interface/share/diff_interface/package.bash'
[2.997s] INFO:colcon.colcon_core.shell:Creating package script '/home/ubuntu/workspaces/diff_robot/install/diff_interface/share/diff_interface/package.zsh'
[2.999s] Level 1:colcon.colcon_core.environment:create_file_with_runtime_dependencies(/home/ubuntu/workspaces/diff_robot/install/diff_interface/share/colcon-core/packages/diff_interface)
[3.001s] DEBUG:colcon.colcon_parallel_executor.executor.parallel:closing loop
[3.002s] DEBUG:colcon.colcon_parallel_executor.executor.parallel:loop closed
[3.002s] DEBUG:colcon.colcon_parallel_executor.executor.parallel:run_until_complete finished with '0'
[3.003s] DEBUG:colcon.colcon_core.event_reactor:joining thread
[3.026s] INFO:colcon.colcon_core.plugin_system:Skipping extension 'colcon_notification.desktop_notification.terminal_notifier': Not used on non-Darwin systems
[3.026s] INFO:colcon.colcon_core.plugin_system:Skipping extension 'colcon_notification.desktop_notification.win32': Not used on non-Windows systems
[3.027s] INFO:colcon.colcon_notification.desktop_notification:Sending desktop notification using 'notify2'
[3.031s] DEBUG:colcon.colcon_notification.desktop_notification.notify2:Failed to initialize notify2: org.freedesktop.DBus.Error.ServiceUnknown: The name org.freedesktop.Notifications was not provided by any .service files
[3.031s] DEBUG:colcon.colcon_core.event_reactor:joined thread
[3.038s] INFO:colcon.colcon_core.shell:Creating prefix script '/home/ubuntu/workspaces/diff_robot/install/local_setup.ps1'
[3.042s] INFO:colcon.colcon_core.shell:Creating prefix util module '/home/ubuntu/workspaces/diff_robot/install/_local_setup_util_ps1.py'
[3.051s] INFO:colcon.colcon_core.shell:Creating prefix chain script '/home/ubuntu/workspaces/diff_robot/install/setup.ps1'
[3.057s] INFO:colcon.colcon_core.shell:Creating prefix script '/home/ubuntu/workspaces/diff_robot/install/local_setup.sh'
[3.059s] INFO:colcon.colcon_core.shell:Creating prefix util module '/home/ubuntu/workspaces/diff_robot/install/_local_setup_util_sh.py'
[3.061s] INFO:colcon.colcon_core.shell:Creating prefix chain script '/home/ubuntu/workspaces/diff_robot/install/setup.sh'
[3.067s] INFO:colcon.colcon_core.shell:Creating prefix script '/home/ubuntu/workspaces/diff_robot/install/local_setup.bash'
[3.069s] INFO:colcon.colcon_core.shell:Creating prefix chain script '/home/ubuntu/workspaces/diff_robot/install/setup.bash'
[3.075s] INFO:colcon.colcon_core.shell:Creating prefix script '/home/ubuntu/workspaces/diff_robot/install/local_setup.zsh'
[3.077s] INFO:colcon.colcon_core.shell:Creating prefix chain script '/home/ubuntu/workspaces/diff_robot/install/setup.zsh'
