[0.096s] Invoking command in '/home/ubuntu/workspaces/diff_robot/build/diff_interface': CMAKE_PREFIX_PATH=/opt/ros/foxy /usr/bin/cmake --build /home/ubuntu/workspaces/diff_robot/build/diff_interface -- -j4 -l4
[0.246s] -- Found ament_cmake: 0.9.12 (/opt/ros/foxy/share/ament_cmake/cmake)
[0.368s] -- Using PYTHON_EXECUTABLE: /usr/bin/python3
[1.264s] -- Found hardware_interface: 0.11.0 (/opt/ros/foxy/share/hardware_interface/cmake)
[1.412s] -- Using all available rosidl_typesupport_c: rosidl_typesupport_fastrtps_c;rosidl_typesupport_introspection_c
[1.424s] -- Found rosidl_adapter: 1.3.1 (/opt/ros/foxy/share/rosidl_adapter/cmake)
[2.380s] -- Using all available rosidl_typesupport_cpp: rosidl_typesupport_fastrtps_cpp;rosidl_typesupport_introspection_cpp
[4.272s] -- Found controller_manager: 0.11.0 (/opt/ros/foxy/share/controller_manager/cmake)
[4.466s] -- Found rmw_implementation_cmake: 1.0.4 (/opt/ros/foxy/share/rmw_implementation_cmake/cmake)
[4.472s] -- Using RMW implementation 'rmw_fastrtps_cpp' as default
[6.384s] -- Configuring done
[6.605s] -- Generating done
[6.616s] -- Build files have been written to: /home/ubuntu/workspaces/diff_robot/build/diff_interface
[6.723s] [35m[1mScanning dependencies of target diff_interface[0m
[6.923s] [ 33%] [32mBuilding CXX object CMakeFiles/diff_interface.dir/src/diffdrive_MyBot.cpp.o[0m
[6.949s] [ 66%] [32mBuilding CXX object CMakeFiles/diff_interface.dir/src/wheel.cpp.o[0m
[6.990s] [01m[K/home/ubuntu/workspaces/diff_robot/src/diff_interface/src/wheel.cpp:1:10:[m[K [01;31m[Kfatal error: [m[Kdiffdrive_arduino/wheel.h: No such file or directory
[6.991s]     1 | #include [01;31m[K"diffdrive_arduino/wheel.h"[m[K
[6.992s]       |          [01;31m[K^~~~~~~~~~~~~~~~~~~~~~~~~~~[m[K
[6.992s] compilation terminated.
[6.995s] make[2]: *** [CMakeFiles/diff_interface.dir/build.make:76: CMakeFiles/diff_interface.dir/src/wheel.cpp.o] Error 1
[6.995s] make[2]: *** Waiting for unfinished jobs....
[16.812s] make[1]: *** [CMakeFiles/Makefile2:78: CMakeFiles/diff_interface.dir/all] Error 2
[16.813s] make: *** [Makefile:141: all] Error 2
[16.819s] Invoked command in '/home/ubuntu/workspaces/diff_robot/build/diff_interface' returned '2': CMAKE_PREFIX_PATH=/opt/ros/foxy /usr/bin/cmake --build /home/ubuntu/workspaces/diff_robot/build/diff_interface -- -j4 -l4
