[1.276s] DEBUG:colcon:Command line arguments: ['/usr/bin/colcon', 'build']
[1.277s] DEBUG:colcon:Parsed command line arguments: Namespace(allow_overriding=[], ament_cmake_args=None, base_paths=['.'], build_base='build', catkin_cmake_args=None, catkin_skip_building_tests=False, cmake_args=None, cmake_clean_cache=False, cmake_clean_first=False, cmake_force_configure=False, cmake_target=None, cmake_target_skip_unavailable=False, continue_on_error=False, event_handlers=None, executor='parallel', ignore_user_meta=False, install_base='install', log_base=None, log_level=None, main=<bound method BuildVerb.main of <colcon_core.verb.build.BuildVerb object at 0xffff82c13c40>>, merge_install=False, metas=['./colcon.meta'], packages_above=None, packages_above_and_dependencies=None, packages_above_depth=None, packages_end=None, packages_ignore=None, packages_ignore_regex=None, packages_select=None, packages_select_build_failed=False, packages_select_by_dep=None, packages_select_regex=None, packages_select_test_failures=False, packages_skip=None, packages_skip_build_finished=False, packages_skip_by_dep=None, packages_skip_regex=None, packages_skip_test_passed=False, packages_skip_up_to=None, packages_start=None, packages_up_to=None, packages_up_to_regex=None, parallel_workers=4, paths=None, symlink_install=False, test_result_base=None, verb_extension=<colcon_core.verb.build.BuildVerb object at 0xffff82c13c40>, verb_name='build', verb_parser=<colcon_defaults.argument_parser.defaults.DefaultArgumentsDecorator object at 0xffff82c191f0>)
[1.378s] Level 1:colcon.colcon_core.package_discovery:discover_packages(colcon_meta) check parameters
[1.378s] Level 1:colcon.colcon_core.package_discovery:discover_packages(recursive) check parameters
[1.378s] Level 1:colcon.colcon_core.package_discovery:discover_packages(ignore) check parameters
[1.378s] Level 1:colcon.colcon_core.package_discovery:discover_packages(path) check parameters
[1.379s] Level 1:colcon.colcon_core.package_discovery:discover_packages(colcon_meta) discover
[1.379s] Level 1:colcon.colcon_core.package_discovery:discover_packages(recursive) discover
[1.379s] INFO:colcon.colcon_core.package_discovery:Crawling recursively for packages in '/home/ubuntu/workspaces/diff_robot'
[1.379s] Level 1:colcon.colcon_core.package_identification:_identify(.) by extensions ['ignore', 'ignore_ament_install']
[1.380s] Level 1:colcon.colcon_core.package_identification:_identify(.) by extension 'ignore'
[1.381s] Level 1:colcon.colcon_core.package_identification:_identify(.) by extension 'ignore_ament_install'
[1.381s] Level 1:colcon.colcon_core.package_identification:_identify(.) by extensions ['colcon_pkg']
[1.381s] Level 1:colcon.colcon_core.package_identification:_identify(.) by extension 'colcon_pkg'
[1.382s] Level 1:colcon.colcon_core.package_identification:_identify(.) by extensions ['colcon_meta']
[1.382s] Level 1:colcon.colcon_core.package_identification:_identify(.) by extension 'colcon_meta'
[1.382s] Level 1:colcon.colcon_core.package_identification:_identify(.) by extensions ['ros']
[1.382s] Level 1:colcon.colcon_core.package_identification:_identify(.) by extension 'ros'
[1.463s] Level 1:colcon.colcon_core.package_identification:_identify(.) by extensions ['cmake', 'python']
[1.464s] Level 1:colcon.colcon_core.package_identification:_identify(.) by extension 'cmake'
[1.464s] Level 1:colcon.colcon_core.package_identification:_identify(.) by extension 'python'
[1.464s] Level 1:colcon.colcon_core.package_identification:_identify(.) by extensions ['python_setup_py']
[1.465s] Level 1:colcon.colcon_core.package_identification:_identify(.) by extension 'python_setup_py'
[1.466s] Level 1:colcon.colcon_core.package_identification:_identify(build) by extensions ['ignore', 'ignore_ament_install']
[1.466s] Level 1:colcon.colcon_core.package_identification:_identify(build) by extension 'ignore'
[1.466s] Level 1:colcon.colcon_core.package_identification:_identify(build) ignored
[1.467s] Level 1:colcon.colcon_core.package_identification:_identify(install) by extensions ['ignore', 'ignore_ament_install']
[1.468s] Level 1:colcon.colcon_core.package_identification:_identify(install) by extension 'ignore'
[1.468s] Level 1:colcon.colcon_core.package_identification:_identify(install) ignored
[1.470s] Level 1:colcon.colcon_core.package_identification:_identify(log) by extensions ['ignore', 'ignore_ament_install']
[1.471s] Level 1:colcon.colcon_core.package_identification:_identify(log) by extension 'ignore'
[1.471s] Level 1:colcon.colcon_core.package_identification:_identify(log) ignored
[1.472s] Level 1:colcon.colcon_core.package_identification:_identify(src) by extensions ['ignore', 'ignore_ament_install']
[1.473s] Level 1:colcon.colcon_core.package_identification:_identify(src) by extension 'ignore'
[1.473s] Level 1:colcon.colcon_core.package_identification:_identify(src) by extension 'ignore_ament_install'
[1.474s] Level 1:colcon.colcon_core.package_identification:_identify(src) by extensions ['colcon_pkg']
[1.474s] Level 1:colcon.colcon_core.package_identification:_identify(src) by extension 'colcon_pkg'
[1.475s] Level 1:colcon.colcon_core.package_identification:_identify(src) by extensions ['colcon_meta']
[1.475s] Level 1:colcon.colcon_core.package_identification:_identify(src) by extension 'colcon_meta'
[1.475s] Level 1:colcon.colcon_core.package_identification:_identify(src) by extensions ['ros']
[1.475s] Level 1:colcon.colcon_core.package_identification:_identify(src) by extension 'ros'
[1.476s] Level 1:colcon.colcon_core.package_identification:_identify(src) by extensions ['cmake', 'python']
[1.476s] Level 1:colcon.colcon_core.package_identification:_identify(src) by extension 'cmake'
[1.477s] Level 1:colcon.colcon_core.package_identification:_identify(src) by extension 'python'
[1.477s] Level 1:colcon.colcon_core.package_identification:_identify(src) by extensions ['python_setup_py']
[1.477s] Level 1:colcon.colcon_core.package_identification:_identify(src) by extension 'python_setup_py'
[1.478s] Level 1:colcon.colcon_core.package_identification:_identify(src/diff_interface) by extensions ['ignore', 'ignore_ament_install']
[1.479s] Level 1:colcon.colcon_core.package_identification:_identify(src/diff_interface) by extension 'ignore'
[1.479s] Level 1:colcon.colcon_core.package_identification:_identify(src/diff_interface) by extension 'ignore_ament_install'
[1.480s] Level 1:colcon.colcon_core.package_identification:_identify(src/diff_interface) by extensions ['colcon_pkg']
[1.480s] Level 1:colcon.colcon_core.package_identification:_identify(src/diff_interface) by extension 'colcon_pkg'
[1.481s] Level 1:colcon.colcon_core.package_identification:_identify(src/diff_interface) by extensions ['colcon_meta']
[1.481s] Level 1:colcon.colcon_core.package_identification:_identify(src/diff_interface) by extension 'colcon_meta'
[1.481s] Level 1:colcon.colcon_core.package_identification:_identify(src/diff_interface) by extensions ['ros']
[1.481s] Level 1:colcon.colcon_core.package_identification:_identify(src/diff_interface) by extension 'ros'
[1.493s] DEBUG:colcon.colcon_core.package_identification:Package 'src/diff_interface' with type 'ros.ament_cmake' and name 'diff_interface'
[1.494s] Level 1:colcon.colcon_core.package_identification:_identify(src/my_bot) by extensions ['ignore', 'ignore_ament_install']
[1.495s] Level 1:colcon.colcon_core.package_identification:_identify(src/my_bot) by extension 'ignore'
[1.495s] Level 1:colcon.colcon_core.package_identification:_identify(src/my_bot) by extension 'ignore_ament_install'
[1.496s] Level 1:colcon.colcon_core.package_identification:_identify(src/my_bot) by extensions ['colcon_pkg']
[1.496s] Level 1:colcon.colcon_core.package_identification:_identify(src/my_bot) by extension 'colcon_pkg'
[1.496s] Level 1:colcon.colcon_core.package_identification:_identify(src/my_bot) by extensions ['colcon_meta']
[1.497s] Level 1:colcon.colcon_core.package_identification:_identify(src/my_bot) by extension 'colcon_meta'
[1.497s] Level 1:colcon.colcon_core.package_identification:_identify(src/my_bot) by extensions ['ros']
[1.498s] Level 1:colcon.colcon_core.package_identification:_identify(src/my_bot) by extension 'ros'
[1.500s] DEBUG:colcon.colcon_core.package_identification:Package 'src/my_bot' with type 'ros.ament_cmake' and name 'my_bot'
[1.500s] Level 1:colcon.colcon_core.package_discovery:discover_packages(recursive) using defaults
[1.501s] Level 1:colcon.colcon_core.package_discovery:discover_packages(ignore) discover
[1.501s] Level 1:colcon.colcon_core.package_discovery:discover_packages(ignore) using defaults
[1.501s] Level 1:colcon.colcon_core.package_discovery:discover_packages(path) discover
[1.501s] Level 1:colcon.colcon_core.package_discovery:discover_packages(path) using defaults
[1.577s] Level 1:colcon.colcon_core.package_discovery:discover_packages(prefix_path) check parameters
[1.577s] Level 1:colcon.colcon_core.package_discovery:discover_packages(prefix_path) discover
[1.590s] DEBUG:colcon.colcon_installed_package_information.package_discovery:Found 2 installed packages in /home/ubuntu/workspaces/diff_robot/install
[1.601s] DEBUG:colcon.colcon_installed_package_information.package_discovery:Found 283 installed packages in /opt/ros/foxy
[1.608s] Level 1:colcon.colcon_core.package_discovery:discover_packages(prefix_path) using defaults
[1.908s] Level 5:colcon.colcon_core.verb:set package 'diff_interface' build argument 'cmake_args' from command line to 'None'
[1.908s] Level 5:colcon.colcon_core.verb:set package 'diff_interface' build argument 'cmake_target' from command line to 'None'
[1.908s] Level 5:colcon.colcon_core.verb:set package 'diff_interface' build argument 'cmake_target_skip_unavailable' from command line to 'False'
[1.908s] Level 5:colcon.colcon_core.verb:set package 'diff_interface' build argument 'cmake_clean_cache' from command line to 'False'
[1.909s] Level 5:colcon.colcon_core.verb:set package 'diff_interface' build argument 'cmake_clean_first' from command line to 'False'
[1.909s] Level 5:colcon.colcon_core.verb:set package 'diff_interface' build argument 'cmake_force_configure' from command line to 'False'
[1.909s] Level 5:colcon.colcon_core.verb:set package 'diff_interface' build argument 'ament_cmake_args' from command line to 'None'
[1.909s] Level 5:colcon.colcon_core.verb:set package 'diff_interface' build argument 'catkin_cmake_args' from command line to 'None'
[1.909s] Level 5:colcon.colcon_core.verb:set package 'diff_interface' build argument 'catkin_skip_building_tests' from command line to 'False'
[1.909s] DEBUG:colcon.colcon_core.verb:Building package 'diff_interface' with the following arguments: {'ament_cmake_args': None, 'build_base': '/home/ubuntu/workspaces/diff_robot/build/diff_interface', 'catkin_cmake_args': None, 'catkin_skip_building_tests': False, 'cmake_args': None, 'cmake_clean_cache': False, 'cmake_clean_first': False, 'cmake_force_configure': False, 'cmake_target': None, 'cmake_target_skip_unavailable': False, 'install_base': '/home/ubuntu/workspaces/diff_robot/install/diff_interface', 'merge_install': False, 'path': '/home/ubuntu/workspaces/diff_robot/src/diff_interface', 'symlink_install': False, 'test_result_base': None}
[1.913s] Level 5:colcon.colcon_core.verb:set package 'my_bot' build argument 'cmake_args' from command line to 'None'
[1.913s] Level 5:colcon.colcon_core.verb:set package 'my_bot' build argument 'cmake_target' from command line to 'None'
[1.913s] Level 5:colcon.colcon_core.verb:set package 'my_bot' build argument 'cmake_target_skip_unavailable' from command line to 'False'
[1.914s] Level 5:colcon.colcon_core.verb:set package 'my_bot' build argument 'cmake_clean_cache' from command line to 'False'
[1.914s] Level 5:colcon.colcon_core.verb:set package 'my_bot' build argument 'cmake_clean_first' from command line to 'False'
[1.914s] Level 5:colcon.colcon_core.verb:set package 'my_bot' build argument 'cmake_force_configure' from command line to 'False'
[1.914s] Level 5:colcon.colcon_core.verb:set package 'my_bot' build argument 'ament_cmake_args' from command line to 'None'
[1.914s] Level 5:colcon.colcon_core.verb:set package 'my_bot' build argument 'catkin_cmake_args' from command line to 'None'
[1.914s] Level 5:colcon.colcon_core.verb:set package 'my_bot' build argument 'catkin_skip_building_tests' from command line to 'False'
[1.914s] DEBUG:colcon.colcon_core.verb:Building package 'my_bot' with the following arguments: {'ament_cmake_args': None, 'build_base': '/home/ubuntu/workspaces/diff_robot/build/my_bot', 'catkin_cmake_args': None, 'catkin_skip_building_tests': False, 'cmake_args': None, 'cmake_clean_cache': False, 'cmake_clean_first': False, 'cmake_force_configure': False, 'cmake_target': None, 'cmake_target_skip_unavailable': False, 'install_base': '/home/ubuntu/workspaces/diff_robot/install/my_bot', 'merge_install': False, 'path': '/home/ubuntu/workspaces/diff_robot/src/my_bot', 'symlink_install': False, 'test_result_base': None}
[1.917s] INFO:colcon.colcon_core.executor:Executing jobs using 'parallel' executor
[1.930s] DEBUG:colcon.colcon_parallel_executor.executor.parallel:run_until_complete
[1.931s] INFO:colcon.colcon_ros.task.ament_cmake.build:Building ROS package in '/home/ubuntu/workspaces/diff_robot/src/diff_interface' with build type 'ament_cmake'
[1.931s] INFO:colcon.colcon_cmake.task.cmake.build:Building CMake package in '/home/ubuntu/workspaces/diff_robot/src/diff_interface'
[1.948s] INFO:colcon.colcon_core.plugin_system:Skipping extension 'colcon_core.shell.bat': Not used on non-Windows systems
[1.949s] INFO:colcon.colcon_core.shell:Skip shell extension 'powershell' for command environment: Not usable outside of PowerShell
[1.949s] DEBUG:colcon.colcon_core.shell:Skip shell extension 'dsv' for command environment
[1.976s] INFO:colcon.colcon_ros.task.ament_cmake.build:Building ROS package in '/home/ubuntu/workspaces/diff_robot/src/my_bot' with build type 'ament_cmake'
[1.977s] INFO:colcon.colcon_cmake.task.cmake.build:Building CMake package in '/home/ubuntu/workspaces/diff_robot/src/my_bot'
[1.984s] INFO:colcon.colcon_core.shell:Skip shell extension 'powershell' for command environment: Not usable outside of PowerShell
[1.985s] DEBUG:colcon.colcon_core.shell:Skip shell extension 'dsv' for command environment
[2.030s] DEBUG:colcon.colcon_core.event_handler.log_command:Invoking command in '/home/ubuntu/workspaces/diff_robot/build/diff_interface': CMAKE_PREFIX_PATH=${CMAKE_PREFIX_PATH}:/opt/ros/foxy /usr/bin/cmake --build /home/ubuntu/workspaces/diff_robot/build/diff_interface -- -j4 -l4
[2.071s] DEBUG:colcon.colcon_core.event_handler.log_command:Invoking command in '/home/ubuntu/workspaces/diff_robot/build/my_bot': CMAKE_PREFIX_PATH=${CMAKE_PREFIX_PATH}:/opt/ros/foxy /usr/bin/cmake --build /home/ubuntu/workspaces/diff_robot/build/my_bot -- -j4 -l4
[2.226s] DEBUG:colcon.colcon_core.event_handler.log_command:Invoked command in '/home/ubuntu/workspaces/diff_robot/build/my_bot' returned '0': CMAKE_PREFIX_PATH=${CMAKE_PREFIX_PATH}:/opt/ros/foxy /usr/bin/cmake --build /home/ubuntu/workspaces/diff_robot/build/my_bot -- -j4 -l4
[2.446s] DEBUG:colcon.colcon_core.event_handler.log_command:Invoking command in '/home/ubuntu/workspaces/diff_robot/build/my_bot': CMAKE_PREFIX_PATH=${CMAKE_PREFIX_PATH}:/opt/ros/foxy /usr/bin/cmake --install /home/ubuntu/workspaces/diff_robot/build/my_bot
[2.696s] Level 1:colcon.colcon_core.environment:create_environment_scripts_only(my_bot)
[2.703s] DEBUG:colcon.colcon_core.event_handler.log_command:Invoked command in '/home/ubuntu/workspaces/diff_robot/build/my_bot' returned '0': CMAKE_PREFIX_PATH=${CMAKE_PREFIX_PATH}:/opt/ros/foxy /usr/bin/cmake --install /home/ubuntu/workspaces/diff_robot/build/my_bot
[2.725s] Level 1:colcon.colcon_core.environment:checking '/home/ubuntu/workspaces/diff_robot/install/my_bot' for CMake module files
[2.728s] Level 1:colcon.colcon_core.environment:checking '/home/ubuntu/workspaces/diff_robot/install/my_bot' for CMake config files
[2.731s] Level 1:colcon.colcon_core.shell:create_environment_hook('my_bot', 'cmake_prefix_path')
[2.737s] INFO:colcon.colcon_core.shell:Creating environment hook '/home/ubuntu/workspaces/diff_robot/install/my_bot/share/my_bot/hook/cmake_prefix_path.ps1'
[2.741s] INFO:colcon.colcon_core.shell:Creating environment descriptor '/home/ubuntu/workspaces/diff_robot/install/my_bot/share/my_bot/hook/cmake_prefix_path.dsv'
[2.744s] INFO:colcon.colcon_core.shell:Creating environment hook '/home/ubuntu/workspaces/diff_robot/install/my_bot/share/my_bot/hook/cmake_prefix_path.sh'
[2.748s] Level 1:colcon.colcon_core.environment:checking '/home/ubuntu/workspaces/diff_robot/install/my_bot/bin'
[2.749s] Level 1:colcon.colcon_core.environment:checking '/home/ubuntu/workspaces/diff_robot/install/my_bot/lib/pkgconfig/my_bot.pc'
[2.750s] Level 1:colcon.colcon_core.environment:checking '/home/ubuntu/workspaces/diff_robot/install/my_bot/lib/python3.8/site-packages'
[2.751s] Level 1:colcon.colcon_core.environment:checking '/home/ubuntu/workspaces/diff_robot/install/my_bot/bin'
[2.758s] INFO:colcon.colcon_core.shell:Creating package script '/home/ubuntu/workspaces/diff_robot/install/my_bot/share/my_bot/package.ps1'
[2.762s] INFO:colcon.colcon_core.shell:Creating package descriptor '/home/ubuntu/workspaces/diff_robot/install/my_bot/share/my_bot/package.dsv'
[2.765s] INFO:colcon.colcon_core.shell:Creating package script '/home/ubuntu/workspaces/diff_robot/install/my_bot/share/my_bot/package.sh'
[2.769s] INFO:colcon.colcon_core.shell:Creating package script '/home/ubuntu/workspaces/diff_robot/install/my_bot/share/my_bot/package.bash'
[2.772s] INFO:colcon.colcon_core.shell:Creating package script '/home/ubuntu/workspaces/diff_robot/install/my_bot/share/my_bot/package.zsh'
[2.776s] Level 1:colcon.colcon_core.environment:create_file_with_runtime_dependencies(/home/ubuntu/workspaces/diff_robot/install/my_bot/share/colcon-core/packages/my_bot)
[2.916s] Level 1:colcon.colcon_core.environment:create_environment_scripts_only(my_bot)
[2.926s] Level 1:colcon.colcon_core.environment:checking '/home/ubuntu/workspaces/diff_robot/install/my_bot' for CMake module files
[2.929s] Level 1:colcon.colcon_core.environment:checking '/home/ubuntu/workspaces/diff_robot/install/my_bot' for CMake config files
[2.932s] Level 1:colcon.colcon_core.shell:create_environment_hook('my_bot', 'cmake_prefix_path')
[2.939s] INFO:colcon.colcon_core.shell:Creating environment hook '/home/ubuntu/workspaces/diff_robot/install/my_bot/share/my_bot/hook/cmake_prefix_path.ps1'
[2.944s] INFO:colcon.colcon_core.shell:Creating environment descriptor '/home/ubuntu/workspaces/diff_robot/install/my_bot/share/my_bot/hook/cmake_prefix_path.dsv'
[2.948s] INFO:colcon.colcon_core.shell:Creating environment hook '/home/ubuntu/workspaces/diff_robot/install/my_bot/share/my_bot/hook/cmake_prefix_path.sh'
[2.953s] Level 1:colcon.colcon_core.environment:checking '/home/ubuntu/workspaces/diff_robot/install/my_bot/bin'
[2.954s] Level 1:colcon.colcon_core.environment:checking '/home/ubuntu/workspaces/diff_robot/install/my_bot/lib/pkgconfig/my_bot.pc'
[2.956s] Level 1:colcon.colcon_core.environment:checking '/home/ubuntu/workspaces/diff_robot/install/my_bot/lib/python3.8/site-packages'
[2.958s] Level 1:colcon.colcon_core.environment:checking '/home/ubuntu/workspaces/diff_robot/install/my_bot/bin'
[2.965s] INFO:colcon.colcon_core.shell:Creating package script '/home/ubuntu/workspaces/diff_robot/install/my_bot/share/my_bot/package.ps1'
[2.969s] INFO:colcon.colcon_core.shell:Creating package descriptor '/home/ubuntu/workspaces/diff_robot/install/my_bot/share/my_bot/package.dsv'
[2.974s] INFO:colcon.colcon_core.shell:Creating package script '/home/ubuntu/workspaces/diff_robot/install/my_bot/share/my_bot/package.sh'
[2.979s] INFO:colcon.colcon_core.shell:Creating package script '/home/ubuntu/workspaces/diff_robot/install/my_bot/share/my_bot/package.bash'
[2.983s] INFO:colcon.colcon_core.shell:Creating package script '/home/ubuntu/workspaces/diff_robot/install/my_bot/share/my_bot/package.zsh'
[2.987s] Level 1:colcon.colcon_core.environment:create_file_with_runtime_dependencies(/home/ubuntu/workspaces/diff_robot/install/my_bot/share/colcon-core/packages/my_bot)
[13.968s] DEBUG:colcon.colcon_core.event_handler.log_command:Invoked command in '/home/ubuntu/workspaces/diff_robot/build/diff_interface' returned '0': CMAKE_PREFIX_PATH=${CMAKE_PREFIX_PATH}:/opt/ros/foxy /usr/bin/cmake --build /home/ubuntu/workspaces/diff_robot/build/diff_interface -- -j4 -l4
[14.125s] DEBUG:colcon.colcon_core.event_handler.log_command:Invoking command in '/home/ubuntu/workspaces/diff_robot/build/diff_interface': CMAKE_PREFIX_PATH=${CMAKE_PREFIX_PATH}:/opt/ros/foxy /usr/bin/cmake --install /home/ubuntu/workspaces/diff_robot/build/diff_interface
[14.183s] Level 1:colcon.colcon_core.environment:create_environment_scripts_only(diff_interface)
[14.191s] Level 1:colcon.colcon_core.environment:checking '/home/ubuntu/workspaces/diff_robot/install/diff_interface' for CMake module files
[14.193s] DEBUG:colcon.colcon_core.event_handler.log_command:Invoked command in '/home/ubuntu/workspaces/diff_robot/build/diff_interface' returned '0': CMAKE_PREFIX_PATH=${CMAKE_PREFIX_PATH}:/opt/ros/foxy /usr/bin/cmake --install /home/ubuntu/workspaces/diff_robot/build/diff_interface
[14.195s] Level 1:colcon.colcon_core.environment:checking '/home/ubuntu/workspaces/diff_robot/install/diff_interface' for CMake config files
[14.198s] Level 1:colcon.colcon_core.shell:create_environment_hook('diff_interface', 'cmake_prefix_path')
[14.203s] INFO:colcon.colcon_core.shell:Creating environment hook '/home/ubuntu/workspaces/diff_robot/install/diff_interface/share/diff_interface/hook/cmake_prefix_path.ps1'
[14.205s] INFO:colcon.colcon_core.shell:Creating environment descriptor '/home/ubuntu/workspaces/diff_robot/install/diff_interface/share/diff_interface/hook/cmake_prefix_path.dsv'
[14.207s] INFO:colcon.colcon_core.shell:Creating environment hook '/home/ubuntu/workspaces/diff_robot/install/diff_interface/share/diff_interface/hook/cmake_prefix_path.sh'
[14.210s] Level 1:colcon.colcon_core.environment:checking '/home/ubuntu/workspaces/diff_robot/install/diff_interface/lib'
[14.211s] Level 1:colcon.colcon_core.shell:create_environment_hook('diff_interface', 'ld_library_path_lib')
[14.216s] INFO:colcon.colcon_core.shell:Creating environment hook '/home/ubuntu/workspaces/diff_robot/install/diff_interface/share/diff_interface/hook/ld_library_path_lib.ps1'
[14.218s] INFO:colcon.colcon_core.shell:Creating environment descriptor '/home/ubuntu/workspaces/diff_robot/install/diff_interface/share/diff_interface/hook/ld_library_path_lib.dsv'
[14.219s] INFO:colcon.colcon_core.shell:Creating environment hook '/home/ubuntu/workspaces/diff_robot/install/diff_interface/share/diff_interface/hook/ld_library_path_lib.sh'
[14.221s] Level 1:colcon.colcon_core.environment:checking '/home/ubuntu/workspaces/diff_robot/install/diff_interface/bin'
[14.221s] Level 1:colcon.colcon_core.environment:checking '/home/ubuntu/workspaces/diff_robot/install/diff_interface/lib/pkgconfig/diff_interface.pc'
[14.222s] Level 1:colcon.colcon_core.environment:checking '/home/ubuntu/workspaces/diff_robot/install/diff_interface/lib/python3.8/site-packages'
[14.223s] Level 1:colcon.colcon_core.environment:checking '/home/ubuntu/workspaces/diff_robot/install/diff_interface/bin'
[14.228s] INFO:colcon.colcon_core.shell:Creating package script '/home/ubuntu/workspaces/diff_robot/install/diff_interface/share/diff_interface/package.ps1'
[14.231s] INFO:colcon.colcon_core.shell:Creating package descriptor '/home/ubuntu/workspaces/diff_robot/install/diff_interface/share/diff_interface/package.dsv'
[14.233s] INFO:colcon.colcon_core.shell:Creating package script '/home/ubuntu/workspaces/diff_robot/install/diff_interface/share/diff_interface/package.sh'
[14.235s] INFO:colcon.colcon_core.shell:Creating package script '/home/ubuntu/workspaces/diff_robot/install/diff_interface/share/diff_interface/package.bash'
[14.236s] INFO:colcon.colcon_core.shell:Creating package script '/home/ubuntu/workspaces/diff_robot/install/diff_interface/share/diff_interface/package.zsh'
[14.238s] Level 1:colcon.colcon_core.environment:create_file_with_runtime_dependencies(/home/ubuntu/workspaces/diff_robot/install/diff_interface/share/colcon-core/packages/diff_interface)
[14.392s] Level 1:colcon.colcon_core.environment:create_environment_scripts_only(diff_interface)
[14.403s] Level 1:colcon.colcon_core.environment:checking '/home/ubuntu/workspaces/diff_robot/install/diff_interface' for CMake module files
[14.406s] Level 1:colcon.colcon_core.environment:checking '/home/ubuntu/workspaces/diff_robot/install/diff_interface' for CMake config files
[14.408s] Level 1:colcon.colcon_core.shell:create_environment_hook('diff_interface', 'cmake_prefix_path')
[14.413s] INFO:colcon.colcon_core.shell:Creating environment hook '/home/ubuntu/workspaces/diff_robot/install/diff_interface/share/diff_interface/hook/cmake_prefix_path.ps1'
[14.415s] INFO:colcon.colcon_core.shell:Creating environment descriptor '/home/ubuntu/workspaces/diff_robot/install/diff_interface/share/diff_interface/hook/cmake_prefix_path.dsv'
[14.417s] INFO:colcon.colcon_core.shell:Creating environment hook '/home/ubuntu/workspaces/diff_robot/install/diff_interface/share/diff_interface/hook/cmake_prefix_path.sh'
[14.419s] Level 1:colcon.colcon_core.environment:checking '/home/ubuntu/workspaces/diff_robot/install/diff_interface/lib'
[14.419s] Level 1:colcon.colcon_core.shell:create_environment_hook('diff_interface', 'ld_library_path_lib')
[14.424s] INFO:colcon.colcon_core.shell:Creating environment hook '/home/ubuntu/workspaces/diff_robot/install/diff_interface/share/diff_interface/hook/ld_library_path_lib.ps1'
[14.426s] INFO:colcon.colcon_core.shell:Creating environment descriptor '/home/ubuntu/workspaces/diff_robot/install/diff_interface/share/diff_interface/hook/ld_library_path_lib.dsv'
[14.428s] INFO:colcon.colcon_core.shell:Creating environment hook '/home/ubuntu/workspaces/diff_robot/install/diff_interface/share/diff_interface/hook/ld_library_path_lib.sh'
[14.430s] Level 1:colcon.colcon_core.environment:checking '/home/ubuntu/workspaces/diff_robot/install/diff_interface/bin'
[14.430s] Level 1:colcon.colcon_core.environment:checking '/home/ubuntu/workspaces/diff_robot/install/diff_interface/lib/pkgconfig/diff_interface.pc'
[14.431s] Level 1:colcon.colcon_core.environment:checking '/home/ubuntu/workspaces/diff_robot/install/diff_interface/lib/python3.8/site-packages'
[14.432s] Level 1:colcon.colcon_core.environment:checking '/home/ubuntu/workspaces/diff_robot/install/diff_interface/bin'
[14.437s] INFO:colcon.colcon_core.shell:Creating package script '/home/ubuntu/workspaces/diff_robot/install/diff_interface/share/diff_interface/package.ps1'
[14.439s] INFO:colcon.colcon_core.shell:Creating package descriptor '/home/ubuntu/workspaces/diff_robot/install/diff_interface/share/diff_interface/package.dsv'
[14.442s] INFO:colcon.colcon_core.shell:Creating package script '/home/ubuntu/workspaces/diff_robot/install/diff_interface/share/diff_interface/package.sh'
[14.444s] INFO:colcon.colcon_core.shell:Creating package script '/home/ubuntu/workspaces/diff_robot/install/diff_interface/share/diff_interface/package.bash'
[14.446s] INFO:colcon.colcon_core.shell:Creating package script '/home/ubuntu/workspaces/diff_robot/install/diff_interface/share/diff_interface/package.zsh'
[14.449s] Level 1:colcon.colcon_core.environment:create_file_with_runtime_dependencies(/home/ubuntu/workspaces/diff_robot/install/diff_interface/share/colcon-core/packages/diff_interface)
[14.450s] DEBUG:colcon.colcon_parallel_executor.executor.parallel:closing loop
[14.451s] DEBUG:colcon.colcon_parallel_executor.executor.parallel:loop closed
[14.452s] DEBUG:colcon.colcon_parallel_executor.executor.parallel:run_until_complete finished with '0'
[14.452s] DEBUG:colcon.colcon_core.event_reactor:joining thread
[14.474s] INFO:colcon.colcon_core.plugin_system:Skipping extension 'colcon_notification.desktop_notification.terminal_notifier': Not used on non-Darwin systems
[14.474s] INFO:colcon.colcon_core.plugin_system:Skipping extension 'colcon_notification.desktop_notification.win32': Not used on non-Windows systems
[14.474s] INFO:colcon.colcon_notification.desktop_notification:Sending desktop notification using 'notify2'
[14.478s] DEBUG:colcon.colcon_notification.desktop_notification.notify2:Failed to initialize notify2: org.freedesktop.DBus.Error.ServiceUnknown: The name org.freedesktop.Notifications was not provided by any .service files
[14.479s] DEBUG:colcon.colcon_core.event_reactor:joined thread
[14.485s] INFO:colcon.colcon_core.shell:Creating prefix script '/home/ubuntu/workspaces/diff_robot/install/local_setup.ps1'
[14.488s] INFO:colcon.colcon_core.shell:Creating prefix util module '/home/ubuntu/workspaces/diff_robot/install/_local_setup_util_ps1.py'
[14.496s] INFO:colcon.colcon_core.shell:Creating prefix chain script '/home/ubuntu/workspaces/diff_robot/install/setup.ps1'
[14.502s] INFO:colcon.colcon_core.shell:Creating prefix script '/home/ubuntu/workspaces/diff_robot/install/local_setup.sh'
[14.505s] INFO:colcon.colcon_core.shell:Creating prefix util module '/home/ubuntu/workspaces/diff_robot/install/_local_setup_util_sh.py'
[14.507s] INFO:colcon.colcon_core.shell:Creating prefix chain script '/home/ubuntu/workspaces/diff_robot/install/setup.sh'
[14.512s] INFO:colcon.colcon_core.shell:Creating prefix script '/home/ubuntu/workspaces/diff_robot/install/local_setup.bash'
[14.514s] INFO:colcon.colcon_core.shell:Creating prefix chain script '/home/ubuntu/workspaces/diff_robot/install/setup.bash'
[14.520s] INFO:colcon.colcon_core.shell:Creating prefix script '/home/ubuntu/workspaces/diff_robot/install/local_setup.zsh'
[14.522s] INFO:colcon.colcon_core.shell:Creating prefix chain script '/home/ubuntu/workspaces/diff_robot/install/setup.zsh'
