[0.132s] Invoking command in '/home/ubuntu/workspaces/diff_robot/build/diff_interface': CMAKE_PREFIX_PATH=${CMAKE_PREFIX_PATH}:/opt/ros/foxy /usr/bin/cmake --build /home/ubuntu/workspaces/diff_robot/build/diff_interface -- -j4 -l4
[0.359s] [35m[1mScanning dependencies of target diff_interface[0m
[0.581s] [ 33%] [32mBuilding CXX object CMakeFiles/diff_interface.dir/src/diffdrive_MyBot.cpp.o[0m
[13.771s] [ 66%] [32m[1mLinking CXX shared library libdiff_interface.so[0m
[15.031s] [100%] Built target diff_interface
[15.083s] Invoked command in '/home/ubuntu/workspaces/diff_robot/build/diff_interface' returned '0': CMAKE_PREFIX_PATH=${CMAKE_PREFIX_PATH}:/opt/ros/foxy /usr/bin/cmake --build /home/ubuntu/workspaces/diff_robot/build/diff_interface -- -j4 -l4
[15.218s] Invoking command in '/home/ubuntu/workspaces/diff_robot/build/diff_interface': CMAKE_PREFIX_PATH=${CMAKE_PREFIX_PATH}:/opt/ros/foxy /usr/bin/cmake --install /home/ubuntu/workspaces/diff_robot/build/diff_interface
[15.265s] -- Install configuration: ""
[15.266s] -- Up-to-date: /home/ubuntu/workspaces/diff_robot/install/diff_interface/share/diff_interface/robot_hardware.xml
[15.267s] -- Installing: /home/ubuntu/workspaces/diff_robot/install/diff_interface/lib/libdiff_interface.so
[15.279s] -- Set runtime path of "/home/ubuntu/workspaces/diff_robot/install/diff_interface/lib/libdiff_interface.so" to ""
[15.281s] -- Up-to-date: /home/ubuntu/workspaces/diff_robot/install/diff_interface/share/diff_interface/controllers
[15.282s] -- Up-to-date: /home/ubuntu/workspaces/diff_robot/install/diff_interface/share/diff_interface/controllers/robot_controller_example.yaml
[15.283s] -- Up-to-date: /home/ubuntu/workspaces/diff_robot/install/diff_interface/share/diff_interface
[15.284s] -- Up-to-date: /home/ubuntu/workspaces/diff_robot/install/diff_interface/share/diff_interface/test_robot.launch.py
[15.285s] -- Up-to-date: /home/ubuntu/workspaces/diff_robot/install/diff_interface/share/diff_interface/environment/library_path.sh
[15.286s] -- Up-to-date: /home/ubuntu/workspaces/diff_robot/install/diff_interface/share/diff_interface/environment/library_path.dsv
[15.286s] -- Up-to-date: /home/ubuntu/workspaces/diff_robot/install/diff_interface/share/ament_index/resource_index/package_run_dependencies/diff_interface
[15.287s] -- Up-to-date: /home/ubuntu/workspaces/diff_robot/install/diff_interface/share/ament_index/resource_index/parent_prefix_path/diff_interface
[15.287s] -- Up-to-date: /home/ubuntu/workspaces/diff_robot/install/diff_interface/share/diff_interface/environment/ament_prefix_path.sh
[15.288s] -- Up-to-date: /home/ubuntu/workspaces/diff_robot/install/diff_interface/share/diff_interface/environment/ament_prefix_path.dsv
[15.288s] -- Up-to-date: /home/ubuntu/workspaces/diff_robot/install/diff_interface/share/diff_interface/environment/path.sh
[15.289s] -- Up-to-date: /home/ubuntu/workspaces/diff_robot/install/diff_interface/share/diff_interface/environment/path.dsv
[15.291s] -- Up-to-date: /home/ubuntu/workspaces/diff_robot/install/diff_interface/share/diff_interface/local_setup.bash
[15.292s] -- Up-to-date: /home/ubuntu/workspaces/diff_robot/install/diff_interface/share/diff_interface/local_setup.sh
[15.293s] -- Up-to-date: /home/ubuntu/workspaces/diff_robot/install/diff_interface/share/diff_interface/local_setup.zsh
[15.294s] -- Up-to-date: /home/ubuntu/workspaces/diff_robot/install/diff_interface/share/diff_interface/local_setup.dsv
[15.294s] -- Installing: /home/ubuntu/workspaces/diff_robot/install/diff_interface/share/diff_interface/package.dsv
[15.295s] -- Up-to-date: /home/ubuntu/workspaces/diff_robot/install/diff_interface/share/ament_index/resource_index/packages/diff_interface
[15.295s] -- Up-to-date: /home/ubuntu/workspaces/diff_robot/install/diff_interface/share/ament_index/resource_index/hardware_interface__pluginlib__plugin/diff_interface
[15.296s] -- Up-to-date: /home/ubuntu/workspaces/diff_robot/install/diff_interface/share/diff_interface/cmake/ament_cmake_export_libraries-extras.cmake
[15.296s] -- Up-to-date: /home/ubuntu/workspaces/diff_robot/install/diff_interface/share/diff_interface/cmake/ament_cmake_export_dependencies-extras.cmake
[15.300s] -- Up-to-date: /home/ubuntu/workspaces/diff_robot/install/diff_interface/share/diff_interface/cmake/diff_interfaceConfig.cmake
[15.317s] -- Up-to-date: /home/ubuntu/workspaces/diff_robot/install/diff_interface/share/diff_interface/cmake/diff_interfaceConfig-version.cmake
[15.318s] -- Up-to-date: /home/ubuntu/workspaces/diff_robot/install/diff_interface/share/diff_interface/package.xml
[15.319s] Invoked command in '/home/ubuntu/workspaces/diff_robot/build/diff_interface' returned '0': CMAKE_PREFIX_PATH=${CMAKE_PREFIX_PATH}:/opt/ros/foxy /usr/bin/cmake --install /home/ubuntu/workspaces/diff_robot/build/diff_interface
