[0.098s] Invoking command in '/home/ubuntu/workspaces/diff_robot/build/diff_interface': CMAKE_PREFIX_PATH=${CMAKE_PREFIX_PATH}:/opt/ros/foxy /usr/bin/cmake --build /home/ubuntu/workspaces/diff_robot/build/diff_interface -- -j4 -l4
[0.297s] [35m[1mScanning dependencies of target diff_interface[0m
[0.528s] [ 20%] [32mBuilding CXX object CMakeFiles/diff_interface.dir/src/motor_control.cpp.o[0m
[7.055s] [ 40%] [32m[1mLinking CXX shared library libdiff_interface.so[0m
[8.023s] [100%] Built target diff_interface
[8.062s] Invoked command in '/home/ubuntu/workspaces/diff_robot/build/diff_interface' returned '0': CMAKE_PREFIX_PATH=${CMAKE_PREFIX_PATH}:/opt/ros/foxy /usr/bin/cmake --build /home/ubuntu/workspaces/diff_robot/build/diff_interface -- -j4 -l4
[8.228s] Invoking command in '/home/ubuntu/workspaces/diff_robot/build/diff_interface': CMAKE_PREFIX_PATH=${CMAKE_PREFIX_PATH}:/opt/ros/foxy /usr/bin/cmake --install /home/ubuntu/workspaces/diff_robot/build/diff_interface
[8.265s] -- Install configuration: ""
[8.266s] -- Up-to-date: /home/ubuntu/workspaces/diff_robot/install/diff_interface/share/diff_interface/robot_hardware.xml
[8.267s] -- Installing: /home/ubuntu/workspaces/diff_robot/install/diff_interface/lib/libdiff_interface.so
[8.273s] -- Set runtime path of "/home/ubuntu/workspaces/diff_robot/install/diff_interface/lib/libdiff_interface.so" to ""
[8.273s] -- Up-to-date: /home/ubuntu/workspaces/diff_robot/install/diff_interface/share/diff_interface/controllers
[8.274s] -- Up-to-date: /home/ubuntu/workspaces/diff_robot/install/diff_interface/share/diff_interface/controllers/robot_controller_example.yaml
[8.274s] -- Up-to-date: /home/ubuntu/workspaces/diff_robot/install/diff_interface/share/diff_interface
[8.275s] -- Up-to-date: /home/ubuntu/workspaces/diff_robot/install/diff_interface/share/diff_interface/test_robot.launch.py
[8.275s] -- Up-to-date: /home/ubuntu/workspaces/diff_robot/install/diff_interface/share/diff_interface/environment/library_path.sh
[8.276s] -- Up-to-date: /home/ubuntu/workspaces/diff_robot/install/diff_interface/share/diff_interface/environment/library_path.dsv
[8.276s] -- Up-to-date: /home/ubuntu/workspaces/diff_robot/install/diff_interface/share/ament_index/resource_index/package_run_dependencies/diff_interface
[8.277s] -- Up-to-date: /home/ubuntu/workspaces/diff_robot/install/diff_interface/share/ament_index/resource_index/parent_prefix_path/diff_interface
[8.278s] -- Up-to-date: /home/ubuntu/workspaces/diff_robot/install/diff_interface/share/diff_interface/environment/ament_prefix_path.sh
[8.279s] -- Up-to-date: /home/ubuntu/workspaces/diff_robot/install/diff_interface/share/diff_interface/environment/ament_prefix_path.dsv
[8.279s] -- Up-to-date: /home/ubuntu/workspaces/diff_robot/install/diff_interface/share/diff_interface/environment/path.sh
[8.280s] -- Up-to-date: /home/ubuntu/workspaces/diff_robot/install/diff_interface/share/diff_interface/environment/path.dsv
[8.280s] -- Up-to-date: /home/ubuntu/workspaces/diff_robot/install/diff_interface/share/diff_interface/local_setup.bash
[8.281s] -- Up-to-date: /home/ubuntu/workspaces/diff_robot/install/diff_interface/share/diff_interface/local_setup.sh
[8.281s] -- Up-to-date: /home/ubuntu/workspaces/diff_robot/install/diff_interface/share/diff_interface/local_setup.zsh
[8.282s] -- Up-to-date: /home/ubuntu/workspaces/diff_robot/install/diff_interface/share/diff_interface/local_setup.dsv
[8.282s] -- Installing: /home/ubuntu/workspaces/diff_robot/install/diff_interface/share/diff_interface/package.dsv
[8.282s] -- Up-to-date: /home/ubuntu/workspaces/diff_robot/install/diff_interface/share/ament_index/resource_index/packages/diff_interface
[8.283s] -- Up-to-date: /home/ubuntu/workspaces/diff_robot/install/diff_interface/share/ament_index/resource_index/hardware_interface__pluginlib__plugin/diff_interface
[8.283s] -- Up-to-date: /home/ubuntu/workspaces/diff_robot/install/diff_interface/share/diff_interface/cmake/ament_cmake_export_libraries-extras.cmake
[8.284s] -- Up-to-date: /home/ubuntu/workspaces/diff_robot/install/diff_interface/share/diff_interface/cmake/ament_cmake_export_dependencies-extras.cmake
[8.284s] -- Up-to-date: /home/ubuntu/workspaces/diff_robot/install/diff_interface/share/diff_interface/cmake/diff_interfaceConfig.cmake
[8.285s] -- Up-to-date: /home/ubuntu/workspaces/diff_robot/install/diff_interface/share/diff_interface/cmake/diff_interfaceConfig-version.cmake
[8.285s] -- Up-to-date: /home/ubuntu/workspaces/diff_robot/install/diff_interface/share/diff_interface/package.xml
[8.297s] Invoked command in '/home/ubuntu/workspaces/diff_robot/build/diff_interface' returned '0': CMAKE_PREFIX_PATH=${CMAKE_PREFIX_PATH}:/opt/ros/foxy /usr/bin/cmake --install /home/ubuntu/workspaces/diff_robot/build/diff_interface
