[0.105s] Invoking command in '/home/ubuntu/workspaces/diff_robot/build/diff_interface': CMAKE_PREFIX_PATH=${CMAKE_PREFIX_PATH}:/opt/ros/foxy /usr/bin/cmake --build /home/ubuntu/workspaces/diff_robot/build/diff_interface -- -j4 -l4
[0.316s] [35m[1mScanning dependencies of target diff_interface[0m
[0.513s] [ 20%] [32mBuilding CXX object CMakeFiles/diff_interface.dir/src/motor_control.cpp.o[0m
[0.534s] [ 40%] [32mBuilding CXX object CMakeFiles/diff_interface.dir/src/diffdrive_MyBot.cpp.o[0m
[0.560s] [ 60%] [32mBuilding CXX object CMakeFiles/diff_interface.dir/src/rotary_encoder.cpp.o[0m
[0.800s] [01m[K/home/ubuntu/workspaces/diff_robot/src/diff_interface/src/rotary_encoder.cpp:[m[K In function ‘[01m[Kvoid _cb(int, unsigned int, unsigned int, uint32_t, void*)[m[K’:
[0.801s] [01m[K/home/ubuntu/workspaces/diff_robot/src/diff_interface/src/rotary_encoder.cpp:53:16:[m[K [01;31m[Kerror: [m[Kinvalid conversion from ‘[01m[Kvoid*[m[K’ to ‘[01m[KRED_t*[m[K’ {aka ‘[01m[K_RED_s*[m[K’} [[01;31m[K-fpermissive[m[K]
[0.802s]    53 |    RED_t *self=[01;31m[Kuser[m[K;
[0.804s]       |                [01;31m[K^~~~[m[K
[0.805s]       |                [01;31m[K|[m[K
[0.805s]       |                [01;31m[Kvoid*[m[K
[0.806s] [01m[K/home/ubuntu/workspaces/diff_robot/src/diff_interface/src/rotary_encoder.cpp:58:16:[m[K [01;35m[Kwarning: [m[Kcomparison of integer expressions of different signedness: ‘[01m[Kunsigned int[m[K’ and ‘[01m[Kint[m[K’ [[01;35m[K-Wsign-compare[m[K]
[0.806s]    58 |       if ([01;35m[Kgpio == self->gpioA[m[K)
[0.807s]       |           [01;35m[K~~~~~^~~~~~~~~~~~~~[m[K
[0.807s] [01m[K/home/ubuntu/workspaces/diff_robot/src/diff_interface/src/rotary_encoder.cpp:51:8:[m[K [01;35m[Kwarning: [m[Kunused parameter ‘[01m[Kpi[m[K’ [[01;35m[K-Wunused-parameter[m[K]
[0.808s]    51 |    [01;35m[Kint pi[m[K, unsigned gpio, unsigned level, uint32_t tick, void *user)
[0.808s]       |    [01;35m[K~~~~^~[m[K
[0.809s] [01m[K/home/ubuntu/workspaces/diff_robot/src/diff_interface/src/rotary_encoder.cpp:51:52:[m[K [01;35m[Kwarning: [m[Kunused parameter ‘[01m[Ktick[m[K’ [[01;35m[K-Wunused-parameter[m[K]
[0.810s]    51 |    int pi, unsigned gpio, unsigned level, [01;35m[Kuint32_t tick[m[K, void *user)
[0.811s]       |                                           [01;35m[K~~~~~~~~~^~~~[m[K
[0.812s] [01m[K/home/ubuntu/workspaces/diff_robot/src/diff_interface/src/rotary_encoder.cpp:[m[K In function ‘[01m[KRED_t* RED(int, int, int, int, RED_CB_t)[m[K’:
[0.815s] [01m[K/home/ubuntu/workspaces/diff_robot/src/diff_interface/src/rotary_encoder.cpp:93:17:[m[K [01;31m[Kerror: [m[Kinvalid conversion from ‘[01m[Kvoid*[m[K’ to ‘[01m[KRED_t*[m[K’ {aka ‘[01m[K_RED_s*[m[K’} [[01;31m[K-fpermissive[m[K]
[0.816s]    93 |    self = [01;31m[Kmalloc(sizeof(RED_t))[m[K;
[0.816s]       |           [01;31m[K~~~~~~^~~~~~~~~~~~~~~[m[K
[0.817s]       |                 [01;31m[K|[m[K
[0.818s]       |                 [01;31m[Kvoid*[m[K
[0.818s] make[2]: *** [CMakeFiles/diff_interface.dir/build.make:102: CMakeFiles/diff_interface.dir/src/rotary_encoder.cpp.o] Error 1
[0.819s] make[2]: *** Waiting for unfinished jobs....
[1.170s] In file included from [01m[K/home/ubuntu/workspaces/diff_robot/src/diff_interface/include/diff_interface/diffdrive_MyBot.h:16[m[K,
[1.171s]                  from [01m[K/home/ubuntu/workspaces/diff_robot/src/diff_interface/src/diffdrive_MyBot.cpp:1[m[K:
[1.172s] [01m[K/home/ubuntu/workspaces/diff_robot/src/diff_interface/include/diff_interface/motor_control.h:9:10:[m[K [01;31m[Kfatal error: [m[Krotary_encoder.hpp: No such file or directory
[1.173s]     9 | #include [01;31m[K"rotary_encoder.hpp"[m[K
[1.174s]       |          [01;31m[K^~~~~~~~~~~~~~~~~~~~[m[K
[1.175s] compilation terminated.
[1.176s] In file included from [01m[K/home/ubuntu/workspaces/diff_robot/src/diff_interface/src/motor_control.cpp:1[m[K:
[1.176s] [01m[K/home/ubuntu/workspaces/diff_robot/src/diff_interface/include/diff_interface/motor_control.h:9:10:[m[K [01;31m[Kfatal error: [m[Krotary_encoder.hpp: No such file or directory
[1.177s]     9 | #include [01;31m[K"rotary_encoder.hpp"[m[K
[1.178s]       |          [01;31m[K^~~~~~~~~~~~~~~~~~~~[m[K
[1.179s] compilation terminated.
[1.179s] make[2]: *** [CMakeFiles/diff_interface.dir/build.make:63: CMakeFiles/diff_interface.dir/src/diffdrive_MyBot.cpp.o] Error 1
[1.183s] make[2]: *** [CMakeFiles/diff_interface.dir/build.make:89: CMakeFiles/diff_interface.dir/src/motor_control.cpp.o] Error 1
[1.184s] make[1]: *** [CMakeFiles/Makefile2:78: CMakeFiles/diff_interface.dir/all] Error 2
[1.184s] make: *** [Makefile:141: all] Error 2
[1.223s] Invoked command in '/home/ubuntu/workspaces/diff_robot/build/diff_interface' returned '2': CMAKE_PREFIX_PATH=${CMAKE_PREFIX_PATH}:/opt/ros/foxy /usr/bin/cmake --build /home/ubuntu/workspaces/diff_robot/build/diff_interface -- -j4 -l4
