[0.095s] Invoking command in '/home/ubuntu/workspaces/diff_robot/build/diff_interface': CMAKE_PREFIX_PATH=/opt/ros/foxy /usr/bin/cmake /home/ubuntu/workspaces/diff_robot/src/diff_interface -DCMAKE_INSTALL_PREFIX=/home/ubuntu/workspaces/diff_robot/install/diff_interface
[0.413s] -- The C compiler identification is GNU 9.4.0
[0.712s] -- The CXX compiler identification is GNU 9.4.0
[0.737s] -- Check for working C compiler: /usr/bin/cc
[1.089s] -- Check for working C compiler: /usr/bin/cc -- works
[1.092s] -- Detecting C compiler ABI info
[1.452s] -- Detecting C compiler ABI info - done
[1.507s] -- Detecting C compile features
[1.509s] -- Detecting C compile features - done
[1.520s] -- Check for working CXX compiler: /usr/bin/c++
[1.965s] -- Check for working CXX compiler: /usr/bin/c++ -- works
[1.982s] -- Detecting CXX compiler ABI info
[2.353s] -- Detecting CXX compiler ABI info - done
[2.424s] -- Detecting CXX compile features
[2.427s] -- Detecting CXX compile features - done
[2.444s] -- Found ament_cmake: 0.9.12 (/opt/ros/foxy/share/ament_cmake/cmake)
[2.622s] -- Found PythonInterp: /usr/bin/python3 (found suitable version "3.8.10", minimum required is "3") 
[2.622s] -- Using PYTHON_EXECUTABLE: /usr/bin/python3
[4.020s] CMake Error at CMakeLists.txt:20 (find_package):
[4.020s]   By not providing "Findhardware_interface.cmake" in CMAKE_MODULE_PATH this
[4.021s]   project has asked CMake to find a package configuration file provided by
[4.021s]   "hardware_interface", but CMake did not find one.
[4.022s] 
[4.022s]   Could not find a package configuration file provided by
[4.022s]   "hardware_interface" with any of the following names:
[4.023s] 
[4.023s]     hardware_interfaceConfig.cmake
[4.024s]     hardware_interface-config.cmake
[4.024s] 
[4.025s]   Add the installation prefix of "hardware_interface" to CMAKE_PREFIX_PATH or
[4.025s]   set "hardware_interface_DIR" to a directory containing one of the above
[4.026s]   files.  If "hardware_interface" provides a separate development package or
[4.027s]   SDK, be sure it has been installed.
[4.027s] 
[4.029s] 
[4.031s] -- Configuring incomplete, errors occurred!
[4.032s] See also "/home/ubuntu/workspaces/diff_robot/build/diff_interface/CMakeFiles/CMakeOutput.log".
[4.042s] Invoked command in '/home/ubuntu/workspaces/diff_robot/build/diff_interface' returned '1': CMAKE_PREFIX_PATH=/opt/ros/foxy /usr/bin/cmake /home/ubuntu/workspaces/diff_robot/src/diff_interface -DCMAKE_INSTALL_PREFIX=/home/ubuntu/workspaces/diff_robot/install/diff_interface
