[1.237s] DEBUG:colcon:Command line arguments: ['/usr/bin/colcon', 'build']
[1.237s] DEBUG:colcon:Parsed command line arguments: Namespace(allow_overriding=[], ament_cmake_args=None, base_paths=['.'], build_base='build', catkin_cmake_args=None, catkin_skip_building_tests=False, cmake_args=None, cmake_clean_cache=False, cmake_clean_first=False, cmake_force_configure=False, cmake_target=None, cmake_target_skip_unavailable=False, continue_on_error=False, event_handlers=None, executor='parallel', ignore_user_meta=False, install_base='install', log_base=None, log_level=None, main=<bound method BuildVerb.main of <colcon_core.verb.build.BuildVerb object at 0xffff9b5eecd0>>, merge_install=False, metas=['./colcon.meta'], packages_above=None, packages_above_and_dependencies=None, packages_above_depth=None, packages_end=None, packages_ignore=None, packages_ignore_regex=None, packages_select=None, packages_select_build_failed=False, packages_select_by_dep=None, packages_select_regex=None, packages_select_test_failures=False, packages_skip=None, packages_skip_build_finished=False, packages_skip_by_dep=None, packages_skip_regex=None, packages_skip_test_passed=False, packages_skip_up_to=None, packages_start=None, packages_up_to=None, packages_up_to_regex=None, parallel_workers=4, paths=None, symlink_install=False, test_result_base=None, verb_extension=<colcon_core.verb.build.BuildVerb object at 0xffff9b5eecd0>, verb_name='build', verb_parser=<colcon_defaults.argument_parser.defaults.DefaultArgumentsDecorator object at 0xffff9b5f5280>)
[1.338s] Level 1:colcon.colcon_core.package_discovery:discover_packages(colcon_meta) check parameters
[1.338s] Level 1:colcon.colcon_core.package_discovery:discover_packages(recursive) check parameters
[1.338s] Level 1:colcon.colcon_core.package_discovery:discover_packages(ignore) check parameters
[1.339s] Level 1:colcon.colcon_core.package_discovery:discover_packages(path) check parameters
[1.339s] Level 1:colcon.colcon_core.package_discovery:discover_packages(colcon_meta) discover
[1.339s] Level 1:colcon.colcon_core.package_discovery:discover_packages(recursive) discover
[1.339s] INFO:colcon.colcon_core.package_discovery:Crawling recursively for packages in '/home/ubuntu/workspaces/diff_robot'
[1.340s] Level 1:colcon.colcon_core.package_identification:_identify(.) by extensions ['ignore', 'ignore_ament_install']
[1.341s] Level 1:colcon.colcon_core.package_identification:_identify(.) by extension 'ignore'
[1.341s] Level 1:colcon.colcon_core.package_identification:_identify(.) by extension 'ignore_ament_install'
[1.342s] Level 1:colcon.colcon_core.package_identification:_identify(.) by extensions ['colcon_pkg']
[1.342s] Level 1:colcon.colcon_core.package_identification:_identify(.) by extension 'colcon_pkg'
[1.342s] Level 1:colcon.colcon_core.package_identification:_identify(.) by extensions ['colcon_meta']
[1.343s] Level 1:colcon.colcon_core.package_identification:_identify(.) by extension 'colcon_meta'
[1.343s] Level 1:colcon.colcon_core.package_identification:_identify(.) by extensions ['ros']
[1.343s] Level 1:colcon.colcon_core.package_identification:_identify(.) by extension 'ros'
[1.436s] Level 1:colcon.colcon_core.package_identification:_identify(.) by extensions ['cmake', 'python']
[1.436s] Level 1:colcon.colcon_core.package_identification:_identify(.) by extension 'cmake'
[1.437s] Level 1:colcon.colcon_core.package_identification:_identify(.) by extension 'python'
[1.437s] Level 1:colcon.colcon_core.package_identification:_identify(.) by extensions ['python_setup_py']
[1.437s] Level 1:colcon.colcon_core.package_identification:_identify(.) by extension 'python_setup_py'
[1.438s] Level 1:colcon.colcon_core.package_identification:_identify(build) by extensions ['ignore', 'ignore_ament_install']
[1.438s] Level 1:colcon.colcon_core.package_identification:_identify(build) by extension 'ignore'
[1.439s] Level 1:colcon.colcon_core.package_identification:_identify(build) ignored
[1.440s] Level 1:colcon.colcon_core.package_identification:_identify(install) by extensions ['ignore', 'ignore_ament_install']
[1.440s] Level 1:colcon.colcon_core.package_identification:_identify(install) by extension 'ignore'
[1.440s] Level 1:colcon.colcon_core.package_identification:_identify(install) ignored
[1.441s] Level 1:colcon.colcon_core.package_identification:_identify(log) by extensions ['ignore', 'ignore_ament_install']
[1.442s] Level 1:colcon.colcon_core.package_identification:_identify(log) by extension 'ignore'
[1.442s] Level 1:colcon.colcon_core.package_identification:_identify(log) ignored
[1.442s] Level 1:colcon.colcon_core.package_identification:_identify(src) by extensions ['ignore', 'ignore_ament_install']
[1.442s] Level 1:colcon.colcon_core.package_identification:_identify(src) by extension 'ignore'
[1.443s] Level 1:colcon.colcon_core.package_identification:_identify(src) by extension 'ignore_ament_install'
[1.443s] Level 1:colcon.colcon_core.package_identification:_identify(src) by extensions ['colcon_pkg']
[1.443s] Level 1:colcon.colcon_core.package_identification:_identify(src) by extension 'colcon_pkg'
[1.443s] Level 1:colcon.colcon_core.package_identification:_identify(src) by extensions ['colcon_meta']
[1.443s] Level 1:colcon.colcon_core.package_identification:_identify(src) by extension 'colcon_meta'
[1.444s] Level 1:colcon.colcon_core.package_identification:_identify(src) by extensions ['ros']
[1.444s] Level 1:colcon.colcon_core.package_identification:_identify(src) by extension 'ros'
[1.444s] Level 1:colcon.colcon_core.package_identification:_identify(src) by extensions ['cmake', 'python']
[1.444s] Level 1:colcon.colcon_core.package_identification:_identify(src) by extension 'cmake'
[1.444s] Level 1:colcon.colcon_core.package_identification:_identify(src) by extension 'python'
[1.444s] Level 1:colcon.colcon_core.package_identification:_identify(src) by extensions ['python_setup_py']
[1.445s] Level 1:colcon.colcon_core.package_identification:_identify(src) by extension 'python_setup_py'
[1.445s] Level 1:colcon.colcon_core.package_identification:_identify(src/diff_interface) by extensions ['ignore', 'ignore_ament_install']
[1.445s] Level 1:colcon.colcon_core.package_identification:_identify(src/diff_interface) by extension 'ignore'
[1.446s] Level 1:colcon.colcon_core.package_identification:_identify(src/diff_interface) by extension 'ignore_ament_install'
[1.446s] Level 1:colcon.colcon_core.package_identification:_identify(src/diff_interface) by extensions ['colcon_pkg']
[1.446s] Level 1:colcon.colcon_core.package_identification:_identify(src/diff_interface) by extension 'colcon_pkg'
[1.446s] Level 1:colcon.colcon_core.package_identification:_identify(src/diff_interface) by extensions ['colcon_meta']
[1.446s] Level 1:colcon.colcon_core.package_identification:_identify(src/diff_interface) by extension 'colcon_meta'
[1.446s] Level 1:colcon.colcon_core.package_identification:_identify(src/diff_interface) by extensions ['ros']
[1.447s] Level 1:colcon.colcon_core.package_identification:_identify(src/diff_interface) by extension 'ros'
[1.456s] DEBUG:colcon.colcon_core.package_identification:Package 'src/diff_interface' with type 'ros.ament_cmake' and name 'diff_interface'
[1.457s] Level 1:colcon.colcon_core.package_identification:_identify(src/my_bot) by extensions ['ignore', 'ignore_ament_install']
[1.457s] Level 1:colcon.colcon_core.package_identification:_identify(src/my_bot) by extension 'ignore'
[1.457s] Level 1:colcon.colcon_core.package_identification:_identify(src/my_bot) by extension 'ignore_ament_install'
[1.458s] Level 1:colcon.colcon_core.package_identification:_identify(src/my_bot) by extensions ['colcon_pkg']
[1.458s] Level 1:colcon.colcon_core.package_identification:_identify(src/my_bot) by extension 'colcon_pkg'
[1.458s] Level 1:colcon.colcon_core.package_identification:_identify(src/my_bot) by extensions ['colcon_meta']
[1.458s] Level 1:colcon.colcon_core.package_identification:_identify(src/my_bot) by extension 'colcon_meta'
[1.458s] Level 1:colcon.colcon_core.package_identification:_identify(src/my_bot) by extensions ['ros']
[1.458s] Level 1:colcon.colcon_core.package_identification:_identify(src/my_bot) by extension 'ros'
[1.460s] DEBUG:colcon.colcon_core.package_identification:Package 'src/my_bot' with type 'ros.ament_cmake' and name 'my_bot'
[1.460s] Level 1:colcon.colcon_core.package_discovery:discover_packages(recursive) using defaults
[1.461s] Level 1:colcon.colcon_core.package_discovery:discover_packages(ignore) discover
[1.461s] Level 1:colcon.colcon_core.package_discovery:discover_packages(ignore) using defaults
[1.461s] Level 1:colcon.colcon_core.package_discovery:discover_packages(path) discover
[1.461s] Level 1:colcon.colcon_core.package_discovery:discover_packages(path) using defaults
[1.537s] Level 1:colcon.colcon_core.package_discovery:discover_packages(prefix_path) check parameters
[1.537s] Level 1:colcon.colcon_core.package_discovery:discover_packages(prefix_path) discover
[1.548s] DEBUG:colcon.colcon_installed_package_information.package_discovery:Found 2 installed packages in /home/ubuntu/workspaces/diff_robot/install
[1.559s] DEBUG:colcon.colcon_installed_package_information.package_discovery:Found 283 installed packages in /opt/ros/foxy
[1.566s] Level 1:colcon.colcon_core.package_discovery:discover_packages(prefix_path) using defaults
[1.865s] Level 5:colcon.colcon_core.verb:set package 'diff_interface' build argument 'cmake_args' from command line to 'None'
[1.865s] Level 5:colcon.colcon_core.verb:set package 'diff_interface' build argument 'cmake_target' from command line to 'None'
[1.865s] Level 5:colcon.colcon_core.verb:set package 'diff_interface' build argument 'cmake_target_skip_unavailable' from command line to 'False'
[1.865s] Level 5:colcon.colcon_core.verb:set package 'diff_interface' build argument 'cmake_clean_cache' from command line to 'False'
[1.865s] Level 5:colcon.colcon_core.verb:set package 'diff_interface' build argument 'cmake_clean_first' from command line to 'False'
[1.866s] Level 5:colcon.colcon_core.verb:set package 'diff_interface' build argument 'cmake_force_configure' from command line to 'False'
[1.866s] Level 5:colcon.colcon_core.verb:set package 'diff_interface' build argument 'ament_cmake_args' from command line to 'None'
[1.866s] Level 5:colcon.colcon_core.verb:set package 'diff_interface' build argument 'catkin_cmake_args' from command line to 'None'
[1.866s] Level 5:colcon.colcon_core.verb:set package 'diff_interface' build argument 'catkin_skip_building_tests' from command line to 'False'
[1.866s] DEBUG:colcon.colcon_core.verb:Building package 'diff_interface' with the following arguments: {'ament_cmake_args': None, 'build_base': '/home/ubuntu/workspaces/diff_robot/build/diff_interface', 'catkin_cmake_args': None, 'catkin_skip_building_tests': False, 'cmake_args': None, 'cmake_clean_cache': False, 'cmake_clean_first': False, 'cmake_force_configure': False, 'cmake_target': None, 'cmake_target_skip_unavailable': False, 'install_base': '/home/ubuntu/workspaces/diff_robot/install/diff_interface', 'merge_install': False, 'path': '/home/ubuntu/workspaces/diff_robot/src/diff_interface', 'symlink_install': False, 'test_result_base': None}
[1.870s] Level 5:colcon.colcon_core.verb:set package 'my_bot' build argument 'cmake_args' from command line to 'None'
[1.870s] Level 5:colcon.colcon_core.verb:set package 'my_bot' build argument 'cmake_target' from command line to 'None'
[1.870s] Level 5:colcon.colcon_core.verb:set package 'my_bot' build argument 'cmake_target_skip_unavailable' from command line to 'False'
[1.870s] Level 5:colcon.colcon_core.verb:set package 'my_bot' build argument 'cmake_clean_cache' from command line to 'False'
[1.871s] Level 5:colcon.colcon_core.verb:set package 'my_bot' build argument 'cmake_clean_first' from command line to 'False'
[1.871s] Level 5:colcon.colcon_core.verb:set package 'my_bot' build argument 'cmake_force_configure' from command line to 'False'
[1.871s] Level 5:colcon.colcon_core.verb:set package 'my_bot' build argument 'ament_cmake_args' from command line to 'None'
[1.871s] Level 5:colcon.colcon_core.verb:set package 'my_bot' build argument 'catkin_cmake_args' from command line to 'None'
[1.871s] Level 5:colcon.colcon_core.verb:set package 'my_bot' build argument 'catkin_skip_building_tests' from command line to 'False'
[1.871s] DEBUG:colcon.colcon_core.verb:Building package 'my_bot' with the following arguments: {'ament_cmake_args': None, 'build_base': '/home/ubuntu/workspaces/diff_robot/build/my_bot', 'catkin_cmake_args': None, 'catkin_skip_building_tests': False, 'cmake_args': None, 'cmake_clean_cache': False, 'cmake_clean_first': False, 'cmake_force_configure': False, 'cmake_target': None, 'cmake_target_skip_unavailable': False, 'install_base': '/home/ubuntu/workspaces/diff_robot/install/my_bot', 'merge_install': False, 'path': '/home/ubuntu/workspaces/diff_robot/src/my_bot', 'symlink_install': False, 'test_result_base': None}
[1.874s] INFO:colcon.colcon_core.executor:Executing jobs using 'parallel' executor
[1.886s] DEBUG:colcon.colcon_parallel_executor.executor.parallel:run_until_complete
[1.887s] INFO:colcon.colcon_ros.task.ament_cmake.build:Building ROS package in '/home/ubuntu/workspaces/diff_robot/src/diff_interface' with build type 'ament_cmake'
[1.888s] INFO:colcon.colcon_cmake.task.cmake.build:Building CMake package in '/home/ubuntu/workspaces/diff_robot/src/diff_interface'
[1.905s] INFO:colcon.colcon_core.plugin_system:Skipping extension 'colcon_core.shell.bat': Not used on non-Windows systems
[1.906s] INFO:colcon.colcon_core.shell:Skip shell extension 'powershell' for command environment: Not usable outside of PowerShell
[1.906s] DEBUG:colcon.colcon_core.shell:Skip shell extension 'dsv' for command environment
[1.935s] INFO:colcon.colcon_ros.task.ament_cmake.build:Building ROS package in '/home/ubuntu/workspaces/diff_robot/src/my_bot' with build type 'ament_cmake'
[1.936s] INFO:colcon.colcon_cmake.task.cmake.build:Building CMake package in '/home/ubuntu/workspaces/diff_robot/src/my_bot'
[1.943s] INFO:colcon.colcon_core.shell:Skip shell extension 'powershell' for command environment: Not usable outside of PowerShell
[1.944s] DEBUG:colcon.colcon_core.shell:Skip shell extension 'dsv' for command environment
[1.999s] DEBUG:colcon.colcon_core.event_handler.log_command:Invoking command in '/home/ubuntu/workspaces/diff_robot/build/diff_interface': CMAKE_PREFIX_PATH=${CMAKE_PREFIX_PATH}:/opt/ros/foxy /usr/bin/cmake --build /home/ubuntu/workspaces/diff_robot/build/diff_interface -- -j4 -l4
[2.029s] DEBUG:colcon.colcon_core.event_handler.log_command:Invoking command in '/home/ubuntu/workspaces/diff_robot/build/my_bot': CMAKE_PREFIX_PATH=${CMAKE_PREFIX_PATH}:/opt/ros/foxy /usr/bin/cmake --build /home/ubuntu/workspaces/diff_robot/build/my_bot -- -j4 -l4
[2.190s] DEBUG:colcon.colcon_core.event_handler.log_command:Invoked command in '/home/ubuntu/workspaces/diff_robot/build/my_bot' returned '0': CMAKE_PREFIX_PATH=${CMAKE_PREFIX_PATH}:/opt/ros/foxy /usr/bin/cmake --build /home/ubuntu/workspaces/diff_robot/build/my_bot -- -j4 -l4
[2.379s] DEBUG:colcon.colcon_core.event_handler.log_command:Invoking command in '/home/ubuntu/workspaces/diff_robot/build/my_bot': CMAKE_PREFIX_PATH=${CMAKE_PREFIX_PATH}:/opt/ros/foxy /usr/bin/cmake --install /home/ubuntu/workspaces/diff_robot/build/my_bot
[2.396s] DEBUG:colcon.colcon_core.event_handler.log_command:Invoked command in '/home/ubuntu/workspaces/diff_robot/build/diff_interface' returned '0': CMAKE_PREFIX_PATH=${CMAKE_PREFIX_PATH}:/opt/ros/foxy /usr/bin/cmake --build /home/ubuntu/workspaces/diff_robot/build/diff_interface -- -j4 -l4
[2.522s] Level 1:colcon.colcon_core.environment:create_environment_scripts_only(my_bot)
[2.524s] DEBUG:colcon.colcon_core.event_handler.log_command:Invoked command in '/home/ubuntu/workspaces/diff_robot/build/my_bot' returned '0': CMAKE_PREFIX_PATH=${CMAKE_PREFIX_PATH}:/opt/ros/foxy /usr/bin/cmake --install /home/ubuntu/workspaces/diff_robot/build/my_bot
[2.546s] Level 1:colcon.colcon_core.environment:checking '/home/ubuntu/workspaces/diff_robot/install/my_bot' for CMake module files
[2.549s] Level 1:colcon.colcon_core.environment:checking '/home/ubuntu/workspaces/diff_robot/install/my_bot' for CMake config files
[2.552s] Level 1:colcon.colcon_core.shell:create_environment_hook('my_bot', 'cmake_prefix_path')
[2.558s] INFO:colcon.colcon_core.shell:Creating environment hook '/home/ubuntu/workspaces/diff_robot/install/my_bot/share/my_bot/hook/cmake_prefix_path.ps1'
[2.561s] INFO:colcon.colcon_core.shell:Creating environment descriptor '/home/ubuntu/workspaces/diff_robot/install/my_bot/share/my_bot/hook/cmake_prefix_path.dsv'
[2.564s] INFO:colcon.colcon_core.shell:Creating environment hook '/home/ubuntu/workspaces/diff_robot/install/my_bot/share/my_bot/hook/cmake_prefix_path.sh'
[2.568s] Level 1:colcon.colcon_core.environment:checking '/home/ubuntu/workspaces/diff_robot/install/my_bot/bin'
[2.569s] Level 1:colcon.colcon_core.environment:checking '/home/ubuntu/workspaces/diff_robot/install/my_bot/lib/pkgconfig/my_bot.pc'
[2.570s] Level 1:colcon.colcon_core.environment:checking '/home/ubuntu/workspaces/diff_robot/install/my_bot/lib/python3.8/site-packages'
[2.571s] Level 1:colcon.colcon_core.environment:checking '/home/ubuntu/workspaces/diff_robot/install/my_bot/bin'
[2.577s] INFO:colcon.colcon_core.shell:Creating package script '/home/ubuntu/workspaces/diff_robot/install/my_bot/share/my_bot/package.ps1'
[2.580s] INFO:colcon.colcon_core.shell:Creating package descriptor '/home/ubuntu/workspaces/diff_robot/install/my_bot/share/my_bot/package.dsv'
[2.583s] INFO:colcon.colcon_core.shell:Creating package script '/home/ubuntu/workspaces/diff_robot/install/my_bot/share/my_bot/package.sh'
[2.586s] INFO:colcon.colcon_core.shell:Creating package script '/home/ubuntu/workspaces/diff_robot/install/my_bot/share/my_bot/package.bash'
[2.589s] INFO:colcon.colcon_core.shell:Creating package script '/home/ubuntu/workspaces/diff_robot/install/my_bot/share/my_bot/package.zsh'
[2.592s] Level 1:colcon.colcon_core.environment:create_file_with_runtime_dependencies(/home/ubuntu/workspaces/diff_robot/install/my_bot/share/colcon-core/packages/my_bot)
[2.617s] DEBUG:colcon.colcon_core.event_handler.log_command:Invoking command in '/home/ubuntu/workspaces/diff_robot/build/diff_interface': CMAKE_PREFIX_PATH=${CMAKE_PREFIX_PATH}:/opt/ros/foxy /usr/bin/cmake --install /home/ubuntu/workspaces/diff_robot/build/diff_interface
[2.671s] Level 1:colcon.colcon_core.environment:create_environment_scripts_only(diff_interface)
[2.680s] Level 1:colcon.colcon_core.environment:checking '/home/ubuntu/workspaces/diff_robot/install/diff_interface' for CMake module files
[2.690s] Level 1:colcon.colcon_core.environment:checking '/home/ubuntu/workspaces/diff_robot/install/diff_interface' for CMake config files
[2.692s] DEBUG:colcon.colcon_core.event_handler.log_command:Invoked command in '/home/ubuntu/workspaces/diff_robot/build/diff_interface' returned '0': CMAKE_PREFIX_PATH=${CMAKE_PREFIX_PATH}:/opt/ros/foxy /usr/bin/cmake --install /home/ubuntu/workspaces/diff_robot/build/diff_interface
[2.694s] Level 1:colcon.colcon_core.shell:create_environment_hook('diff_interface', 'cmake_prefix_path')
[2.700s] INFO:colcon.colcon_core.shell:Creating environment hook '/home/ubuntu/workspaces/diff_robot/install/diff_interface/share/diff_interface/hook/cmake_prefix_path.ps1'
[2.702s] INFO:colcon.colcon_core.shell:Creating environment descriptor '/home/ubuntu/workspaces/diff_robot/install/diff_interface/share/diff_interface/hook/cmake_prefix_path.dsv'
[2.705s] INFO:colcon.colcon_core.shell:Creating environment hook '/home/ubuntu/workspaces/diff_robot/install/diff_interface/share/diff_interface/hook/cmake_prefix_path.sh'
[2.707s] Level 1:colcon.colcon_core.environment:checking '/home/ubuntu/workspaces/diff_robot/install/diff_interface/lib'
[2.709s] Level 1:colcon.colcon_core.shell:create_environment_hook('diff_interface', 'ld_library_path_lib')
[2.714s] INFO:colcon.colcon_core.shell:Creating environment hook '/home/ubuntu/workspaces/diff_robot/install/diff_interface/share/diff_interface/hook/ld_library_path_lib.ps1'
[2.716s] INFO:colcon.colcon_core.shell:Creating environment descriptor '/home/ubuntu/workspaces/diff_robot/install/diff_interface/share/diff_interface/hook/ld_library_path_lib.dsv'
[2.718s] INFO:colcon.colcon_core.shell:Creating environment hook '/home/ubuntu/workspaces/diff_robot/install/diff_interface/share/diff_interface/hook/ld_library_path_lib.sh'
[2.720s] Level 1:colcon.colcon_core.environment:checking '/home/ubuntu/workspaces/diff_robot/install/diff_interface/bin'
[2.720s] Level 1:colcon.colcon_core.environment:checking '/home/ubuntu/workspaces/diff_robot/install/diff_interface/lib/pkgconfig/diff_interface.pc'
[2.721s] Level 1:colcon.colcon_core.environment:checking '/home/ubuntu/workspaces/diff_robot/install/diff_interface/lib/python3.8/site-packages'
[2.721s] Level 1:colcon.colcon_core.environment:checking '/home/ubuntu/workspaces/diff_robot/install/diff_interface/bin'
[2.727s] INFO:colcon.colcon_core.shell:Creating package script '/home/ubuntu/workspaces/diff_robot/install/diff_interface/share/diff_interface/package.ps1'
[2.729s] INFO:colcon.colcon_core.shell:Creating package descriptor '/home/ubuntu/workspaces/diff_robot/install/diff_interface/share/diff_interface/package.dsv'
[2.731s] INFO:colcon.colcon_core.shell:Creating package script '/home/ubuntu/workspaces/diff_robot/install/diff_interface/share/diff_interface/package.sh'
[2.733s] INFO:colcon.colcon_core.shell:Creating package script '/home/ubuntu/workspaces/diff_robot/install/diff_interface/share/diff_interface/package.bash'
[2.735s] INFO:colcon.colcon_core.shell:Creating package script '/home/ubuntu/workspaces/diff_robot/install/diff_interface/share/diff_interface/package.zsh'
[2.736s] Level 1:colcon.colcon_core.environment:create_file_with_runtime_dependencies(/home/ubuntu/workspaces/diff_robot/install/diff_interface/share/colcon-core/packages/diff_interface)
[2.754s] Level 1:colcon.colcon_core.environment:create_environment_scripts_only(my_bot)
[2.764s] Level 1:colcon.colcon_core.environment:checking '/home/ubuntu/workspaces/diff_robot/install/my_bot' for CMake module files
[2.767s] Level 1:colcon.colcon_core.environment:checking '/home/ubuntu/workspaces/diff_robot/install/my_bot' for CMake config files
[2.770s] Level 1:colcon.colcon_core.shell:create_environment_hook('my_bot', 'cmake_prefix_path')
[2.778s] INFO:colcon.colcon_core.shell:Creating environment hook '/home/ubuntu/workspaces/diff_robot/install/my_bot/share/my_bot/hook/cmake_prefix_path.ps1'
[2.780s] INFO:colcon.colcon_core.shell:Creating environment descriptor '/home/ubuntu/workspaces/diff_robot/install/my_bot/share/my_bot/hook/cmake_prefix_path.dsv'
[2.783s] INFO:colcon.colcon_core.shell:Creating environment hook '/home/ubuntu/workspaces/diff_robot/install/my_bot/share/my_bot/hook/cmake_prefix_path.sh'
[2.786s] Level 1:colcon.colcon_core.environment:checking '/home/ubuntu/workspaces/diff_robot/install/my_bot/bin'
[2.787s] Level 1:colcon.colcon_core.environment:checking '/home/ubuntu/workspaces/diff_robot/install/my_bot/lib/pkgconfig/my_bot.pc'
[2.787s] Level 1:colcon.colcon_core.environment:checking '/home/ubuntu/workspaces/diff_robot/install/my_bot/lib/python3.8/site-packages'
[2.788s] Level 1:colcon.colcon_core.environment:checking '/home/ubuntu/workspaces/diff_robot/install/my_bot/bin'
[2.795s] INFO:colcon.colcon_core.shell:Creating package script '/home/ubuntu/workspaces/diff_robot/install/my_bot/share/my_bot/package.ps1'
[2.799s] INFO:colcon.colcon_core.shell:Creating package descriptor '/home/ubuntu/workspaces/diff_robot/install/my_bot/share/my_bot/package.dsv'
[2.802s] INFO:colcon.colcon_core.shell:Creating package script '/home/ubuntu/workspaces/diff_robot/install/my_bot/share/my_bot/package.sh'
[2.805s] INFO:colcon.colcon_core.shell:Creating package script '/home/ubuntu/workspaces/diff_robot/install/my_bot/share/my_bot/package.bash'
[2.808s] INFO:colcon.colcon_core.shell:Creating package script '/home/ubuntu/workspaces/diff_robot/install/my_bot/share/my_bot/package.zsh'
[2.811s] Level 1:colcon.colcon_core.environment:create_file_with_runtime_dependencies(/home/ubuntu/workspaces/diff_robot/install/my_bot/share/colcon-core/packages/my_bot)
[2.870s] Level 1:colcon.colcon_core.environment:create_environment_scripts_only(diff_interface)
[2.880s] Level 1:colcon.colcon_core.environment:checking '/home/ubuntu/workspaces/diff_robot/install/diff_interface' for CMake module files
[2.884s] Level 1:colcon.colcon_core.environment:checking '/home/ubuntu/workspaces/diff_robot/install/diff_interface' for CMake config files
[2.887s] Level 1:colcon.colcon_core.shell:create_environment_hook('diff_interface', 'cmake_prefix_path')
[2.893s] INFO:colcon.colcon_core.shell:Creating environment hook '/home/ubuntu/workspaces/diff_robot/install/diff_interface/share/diff_interface/hook/cmake_prefix_path.ps1'
[2.896s] INFO:colcon.colcon_core.shell:Creating environment descriptor '/home/ubuntu/workspaces/diff_robot/install/diff_interface/share/diff_interface/hook/cmake_prefix_path.dsv'
[2.898s] INFO:colcon.colcon_core.shell:Creating environment hook '/home/ubuntu/workspaces/diff_robot/install/diff_interface/share/diff_interface/hook/cmake_prefix_path.sh'
[2.901s] Level 1:colcon.colcon_core.environment:checking '/home/ubuntu/workspaces/diff_robot/install/diff_interface/lib'
[2.902s] Level 1:colcon.colcon_core.shell:create_environment_hook('diff_interface', 'ld_library_path_lib')
[2.907s] INFO:colcon.colcon_core.shell:Creating environment hook '/home/ubuntu/workspaces/diff_robot/install/diff_interface/share/diff_interface/hook/ld_library_path_lib.ps1'
[2.910s] INFO:colcon.colcon_core.shell:Creating environment descriptor '/home/ubuntu/workspaces/diff_robot/install/diff_interface/share/diff_interface/hook/ld_library_path_lib.dsv'
[2.911s] INFO:colcon.colcon_core.shell:Creating environment hook '/home/ubuntu/workspaces/diff_robot/install/diff_interface/share/diff_interface/hook/ld_library_path_lib.sh'
[2.913s] Level 1:colcon.colcon_core.environment:checking '/home/ubuntu/workspaces/diff_robot/install/diff_interface/bin'
[2.914s] Level 1:colcon.colcon_core.environment:checking '/home/ubuntu/workspaces/diff_robot/install/diff_interface/lib/pkgconfig/diff_interface.pc'
[2.914s] Level 1:colcon.colcon_core.environment:checking '/home/ubuntu/workspaces/diff_robot/install/diff_interface/lib/python3.8/site-packages'
[2.915s] Level 1:colcon.colcon_core.environment:checking '/home/ubuntu/workspaces/diff_robot/install/diff_interface/bin'
[2.921s] INFO:colcon.colcon_core.shell:Creating package script '/home/ubuntu/workspaces/diff_robot/install/diff_interface/share/diff_interface/package.ps1'
[2.924s] INFO:colcon.colcon_core.shell:Creating package descriptor '/home/ubuntu/workspaces/diff_robot/install/diff_interface/share/diff_interface/package.dsv'
[2.926s] INFO:colcon.colcon_core.shell:Creating package script '/home/ubuntu/workspaces/diff_robot/install/diff_interface/share/diff_interface/package.sh'
[2.928s] INFO:colcon.colcon_core.shell:Creating package script '/home/ubuntu/workspaces/diff_robot/install/diff_interface/share/diff_interface/package.bash'
[2.930s] INFO:colcon.colcon_core.shell:Creating package script '/home/ubuntu/workspaces/diff_robot/install/diff_interface/share/diff_interface/package.zsh'
[2.932s] Level 1:colcon.colcon_core.environment:create_file_with_runtime_dependencies(/home/ubuntu/workspaces/diff_robot/install/diff_interface/share/colcon-core/packages/diff_interface)
[2.934s] DEBUG:colcon.colcon_parallel_executor.executor.parallel:closing loop
[2.935s] DEBUG:colcon.colcon_parallel_executor.executor.parallel:loop closed
[2.936s] DEBUG:colcon.colcon_parallel_executor.executor.parallel:run_until_complete finished with '0'
[2.936s] DEBUG:colcon.colcon_core.event_reactor:joining thread
[2.958s] INFO:colcon.colcon_core.plugin_system:Skipping extension 'colcon_notification.desktop_notification.terminal_notifier': Not used on non-Darwin systems
[2.958s] INFO:colcon.colcon_core.plugin_system:Skipping extension 'colcon_notification.desktop_notification.win32': Not used on non-Windows systems
[2.958s] INFO:colcon.colcon_notification.desktop_notification:Sending desktop notification using 'notify2'
[2.963s] DEBUG:colcon.colcon_notification.desktop_notification.notify2:Failed to initialize notify2: org.freedesktop.DBus.Error.ServiceUnknown: The name org.freedesktop.Notifications was not provided by any .service files
[2.963s] DEBUG:colcon.colcon_core.event_reactor:joined thread
[2.971s] INFO:colcon.colcon_core.shell:Creating prefix script '/home/ubuntu/workspaces/diff_robot/install/local_setup.ps1'
[2.975s] INFO:colcon.colcon_core.shell:Creating prefix util module '/home/ubuntu/workspaces/diff_robot/install/_local_setup_util_ps1.py'
[2.984s] INFO:colcon.colcon_core.shell:Creating prefix chain script '/home/ubuntu/workspaces/diff_robot/install/setup.ps1'
[2.989s] INFO:colcon.colcon_core.shell:Creating prefix script '/home/ubuntu/workspaces/diff_robot/install/local_setup.sh'
[2.992s] INFO:colcon.colcon_core.shell:Creating prefix util module '/home/ubuntu/workspaces/diff_robot/install/_local_setup_util_sh.py'
[2.994s] INFO:colcon.colcon_core.shell:Creating prefix chain script '/home/ubuntu/workspaces/diff_robot/install/setup.sh'
[2.999s] INFO:colcon.colcon_core.shell:Creating prefix script '/home/ubuntu/workspaces/diff_robot/install/local_setup.bash'
[3.001s] INFO:colcon.colcon_core.shell:Creating prefix chain script '/home/ubuntu/workspaces/diff_robot/install/setup.bash'
[3.008s] INFO:colcon.colcon_core.shell:Creating prefix script '/home/ubuntu/workspaces/diff_robot/install/local_setup.zsh'
[3.010s] INFO:colcon.colcon_core.shell:Creating prefix chain script '/home/ubuntu/workspaces/diff_robot/install/setup.zsh'
