[0.102s] Invoking command in '/home/ubuntu/workspaces/diff_robot/build/diff_interface': CMAKE_PREFIX_PATH=${CMAKE_PREFIX_PATH}:/opt/ros/foxy /usr/bin/cmake --build /home/ubuntu/workspaces/diff_robot/build/diff_interface -- -j4 -l4
[0.307s] [35m[1mScanning dependencies of target diff_interface[0m
[0.480s] [ 33%] [32mBuilding CXX object CMakeFiles/diff_interface.dir/src/diffdrive_MyBot.cpp.o[0m
[5.974s] In file included from [01m[K/home/ubuntu/workspaces/diff_robot/src/diff_interface/include/diff_interface/diffdrive_MyBot.h:16[m[K,
[5.975s]                  from [01m[K/home/ubuntu/workspaces/diff_robot/src/diff_interface/src/diffdrive_MyBot.cpp:1[m[K:
[5.976s] [01m[K/home/ubuntu/workspaces/diff_robot/src/diff_interface/include/diff_interface/motor_control.h:12:12:[m[K [01;31m[Kerror: [m[Kno matching function for call to ‘[01m[Kre_decoder::re_decoder()[m[K’
[5.976s]    12 | re_decoder [01;31m[Kdec[m[K;
[5.977s]       |            [01;31m[K^~~[m[K
[5.983s] In file included from [01m[K/home/ubuntu/workspaces/diff_robot/src/diff_interface/include/diff_interface/motor_control.h:4[m[K,
[5.984s]                  from [01m[K/home/ubuntu/workspaces/diff_robot/src/diff_interface/include/diff_interface/diffdrive_MyBot.h:16[m[K,
[5.984s]                  from [01m[K/home/ubuntu/workspaces/diff_robot/src/diff_interface/src/diffdrive_MyBot.cpp:1[m[K:
[5.985s] [01m[K/home/ubuntu/workspaces/diff_robot/src/diff_interface/include/diff_interface/rotary_encoder.hpp:22:4:[m[K [01;36m[Knote: [m[Kcandidate: ‘[01m[Kre_decoder::re_decoder(int, int, re_decoderCB_t)[m[K’
[5.986s]    22 |    [01;36m[Kre_decoder[m[K(int gpioA, int gpioB, re_decoderCB_t callback);
[5.987s]       |    [01;36m[K^~~~~~~~~~[m[K
[5.987s] [01m[K/home/ubuntu/workspaces/diff_robot/src/diff_interface/include/diff_interface/rotary_encoder.hpp:22:4:[m[K [01;36m[Knote: [m[K  candidate expects 3 arguments, 0 provided
[5.988s] [01m[K/home/ubuntu/workspaces/diff_robot/src/diff_interface/include/diff_interface/rotary_encoder.hpp:8:7:[m[K [01;36m[Knote: [m[Kcandidate: ‘[01m[Kconstexpr re_decoder::re_decoder(const re_decoder&)[m[K’
[5.989s]     8 | class [01;36m[Kre_decoder[m[K
[5.989s]       |       [01;36m[K^~~~~~~~~~[m[K
[5.990s] [01m[K/home/ubuntu/workspaces/diff_robot/src/diff_interface/include/diff_interface/rotary_encoder.hpp:8:7:[m[K [01;36m[Knote: [m[K  candidate expects 1 argument, 0 provided
[5.991s] [01m[K/home/ubuntu/workspaces/diff_robot/src/diff_interface/include/diff_interface/rotary_encoder.hpp:8:7:[m[K [01;36m[Knote: [m[Kcandidate: ‘[01m[Kconstexpr re_decoder::re_decoder(re_decoder&&)[m[K’
[5.991s] [01m[K/home/ubuntu/workspaces/diff_robot/src/diff_interface/include/diff_interface/rotary_encoder.hpp:8:7:[m[K [01;36m[Knote: [m[K  candidate expects 1 argument, 0 provided
[6.000s] In file included from [01m[K/home/ubuntu/workspaces/diff_robot/src/diff_interface/include/diff_interface/diffdrive_MyBot.h:16[m[K,
[6.001s]                  from [01m[K/home/ubuntu/workspaces/diff_robot/src/diff_interface/src/diffdrive_MyBot.cpp:1[m[K:
[6.002s] [01m[K/home/ubuntu/workspaces/diff_robot/src/diff_interface/include/diff_interface/motor_control.h:13:12:[m[K [01;31m[Kerror: [m[Kno matching function for call to ‘[01m[Kre_decoder::re_decoder()[m[K’
[6.003s]    13 | re_decoder [01;31m[Kdec1[m[K;
[6.003s]       |            [01;31m[K^~~~[m[K
[6.004s] In file included from [01m[K/home/ubuntu/workspaces/diff_robot/src/diff_interface/include/diff_interface/motor_control.h:4[m[K,
[6.005s]                  from [01m[K/home/ubuntu/workspaces/diff_robot/src/diff_interface/include/diff_interface/diffdrive_MyBot.h:16[m[K,
[6.006s]                  from [01m[K/home/ubuntu/workspaces/diff_robot/src/diff_interface/src/diffdrive_MyBot.cpp:1[m[K:
[6.006s] [01m[K/home/ubuntu/workspaces/diff_robot/src/diff_interface/include/diff_interface/rotary_encoder.hpp:22:4:[m[K [01;36m[Knote: [m[Kcandidate: ‘[01m[Kre_decoder::re_decoder(int, int, re_decoderCB_t)[m[K’
[6.007s]    22 |    [01;36m[Kre_decoder[m[K(int gpioA, int gpioB, re_decoderCB_t callback);
[6.008s]       |    [01;36m[K^~~~~~~~~~[m[K
[6.009s] [01m[K/home/ubuntu/workspaces/diff_robot/src/diff_interface/include/diff_interface/rotary_encoder.hpp:22:4:[m[K [01;36m[Knote: [m[K  candidate expects 3 arguments, 0 provided
[6.010s] [01m[K/home/ubuntu/workspaces/diff_robot/src/diff_interface/include/diff_interface/rotary_encoder.hpp:8:7:[m[K [01;36m[Knote: [m[Kcandidate: ‘[01m[Kconstexpr re_decoder::re_decoder(const re_decoder&)[m[K’
[6.010s]     8 | class [01;36m[Kre_decoder[m[K
[6.011s]       |       [01;36m[K^~~~~~~~~~[m[K
[6.012s] [01m[K/home/ubuntu/workspaces/diff_robot/src/diff_interface/include/diff_interface/rotary_encoder.hpp:8:7:[m[K [01;36m[Knote: [m[K  candidate expects 1 argument, 0 provided
[6.012s] [01m[K/home/ubuntu/workspaces/diff_robot/src/diff_interface/include/diff_interface/rotary_encoder.hpp:8:7:[m[K [01;36m[Knote: [m[Kcandidate: ‘[01m[Kconstexpr re_decoder::re_decoder(re_decoder&&)[m[K’
[6.013s] [01m[K/home/ubuntu/workspaces/diff_robot/src/diff_interface/include/diff_interface/rotary_encoder.hpp:8:7:[m[K [01;36m[Knote: [m[K  candidate expects 1 argument, 0 provided
[6.014s] [01m[K/home/ubuntu/workspaces/diff_robot/src/diff_interface/src/diffdrive_MyBot.cpp:[m[K In destructor ‘[01m[Kvirtual DiffDriveMyBot::~DiffDriveMyBot()[m[K’:
[6.015s] [01m[K/home/ubuntu/workspaces/diff_robot/src/diff_interface/src/diffdrive_MyBot.cpp:15:16:[m[K [01;31m[Kerror: [m[Kexpected ‘[01m[K;[m[K’ before ‘[01m[K}[m[K’ token
[6.015s]    15 |   stop_encoders
[6.016s]       |                [01;31m[K^[m[K
[6.017s]       |                [32m[K;[m[K
[6.018s]    16 | [32m[K}[m[K
[6.018s]       | [32m[K~[m[K               
[6.019s] [01m[K/home/ubuntu/workspaces/diff_robot/src/diff_interface/src/diffdrive_MyBot.cpp:15:3:[m[K [01;35m[Kwarning: [m[Kstatement is a reference, not call, to function ‘[01m[Kstop_encoders[m[K’ [[01;35m[K-Waddress[m[K]
[6.020s]    15 |   [01;35m[Kstop_encoders[m[K
[6.021s]       |   [01;35m[K^~~~~~~~~~~~~[m[K
[6.022s] [01m[K/home/ubuntu/workspaces/diff_robot/src/diff_interface/src/diffdrive_MyBot.cpp:15:3:[m[K [01;35m[Kwarning: [m[Kstatement has no effect [[01;35m[K-Wunused-value[m[K]
[8.883s] make[2]: *** [CMakeFiles/diff_interface.dir/build.make:63: CMakeFiles/diff_interface.dir/src/diffdrive_MyBot.cpp.o] Error 1
[8.886s] make[1]: *** [CMakeFiles/Makefile2:78: CMakeFiles/diff_interface.dir/all] Error 2
[8.886s] make: *** [Makefile:141: all] Error 2
[8.897s] Invoked command in '/home/ubuntu/workspaces/diff_robot/build/diff_interface' returned '2': CMAKE_PREFIX_PATH=${CMAKE_PREFIX_PATH}:/opt/ros/foxy /usr/bin/cmake --build /home/ubuntu/workspaces/diff_robot/build/diff_interface -- -j4 -l4
