[0.099s] Invoking command in '/home/ubuntu/workspaces/diff_robot/build/diff_interface': CMAKE_PREFIX_PATH=${CMAKE_PREFIX_PATH}:/opt/ros/foxy /usr/bin/cmake --build /home/ubuntu/workspaces/diff_robot/build/diff_interface -- -j4 -l4
[0.299s] [35m[1mScanning dependencies of target diff_interface[0m
[0.502s] [ 20%] [32mBuilding CXX object CMakeFiles/diff_interface.dir/src/diffdrive_MyBot.cpp.o[0m
[0.503s] [ 40%] [32mBuilding CXX object CMakeFiles/diff_interface.dir/src/motor_control.cpp.o[0m
[1.031s] In file included from [01m[K/home/ubuntu/workspaces/diff_robot/src/diff_interface/include/diff_interface/diffdrive_MyBot.h:16[m[K,
[1.032s]                  from [01m[K/home/ubuntu/workspaces/diff_robot/src/diff_interface/src/diffdrive_MyBot.cpp:1[m[K:
[1.032s] [01m[K/home/ubuntu/workspaces/diff_robot/src/diff_interface/include/diff_interface/motor_control.h:7:10:[m[K [01;31m[Kfatal error: [m[Kpigpio_if2.h: No such file or directory
[1.032s]     7 | #include [01;31m[K<pigpio_if2.h>[m[K
[1.033s]       |          [01;31m[K^~~~~~~~~~~~~~[m[K
[1.037s] compilation terminated.
[1.040s] make[2]: *** [CMakeFiles/diff_interface.dir/build.make:63: CMakeFiles/diff_interface.dir/src/diffdrive_MyBot.cpp.o] Error 1
[1.040s] make[2]: *** Waiting for unfinished jobs....
[1.084s] In file included from [01m[K/home/ubuntu/workspaces/diff_robot/src/diff_interface/src/motor_control.cpp:1[m[K:
[1.088s] [01m[K/home/ubuntu/workspaces/diff_robot/src/diff_interface/include/diff_interface/motor_control.h:7:10:[m[K [01;31m[Kfatal error: [m[Kpigpio_if2.h: No such file or directory
[1.091s]     7 | #include [01;31m[K<pigpio_if2.h>[m[K
[1.093s]       |          [01;31m[K^~~~~~~~~~~~~~[m[K
[1.094s] compilation terminated.
[1.095s] make[2]: *** [CMakeFiles/diff_interface.dir/build.make:89: CMakeFiles/diff_interface.dir/src/motor_control.cpp.o] Error 1
[1.096s] make[1]: *** [CMakeFiles/Makefile2:78: CMakeFiles/diff_interface.dir/all] Error 2
[1.105s] make: *** [Makefile:141: all] Error 2
[1.110s] Invoked command in '/home/ubuntu/workspaces/diff_robot/build/diff_interface' returned '2': CMAKE_PREFIX_PATH=${CMAKE_PREFIX_PATH}:/opt/ros/foxy /usr/bin/cmake --build /home/ubuntu/workspaces/diff_robot/build/diff_interface -- -j4 -l4
