In file included from [01m[K/home/ubuntu/workspaces/diff_robot/src/diff_interface/src/motor_control.cpp:1[m[K:
[01m[K/home/ubuntu/workspaces/diff_robot/src/diff_interface/include/diff_interface/motor_control.h:21:9:[m[K [01;31m[Kerror: [m[K‘[01m[Krclcpp[m[K’ does not name a type
   21 |         [01;31m[Krclcpp[m[K::Logger logger_;
      |         [01;31m[K^~~~~~[m[K
[01m[K/home/ubuntu/workspaces/diff_robot/src/diff_interface/src/motor_control.cpp:[m[K In constructor ‘[01m[Kmotor_control::motor_control()[m[K’:
[01m[K/home/ubuntu/workspaces/diff_robot/src/diff_interface/src/motor_control.cpp:4:7:[m[K [01;31m[Kerror: [m[Kclass ‘[01m[Kmotor_control[m[K’ does not have any field named ‘[01m[Klogger_[m[K’
    4 |     : [01;31m[Klogger_[m[K(rclcpp::get_logger("motor_control"))
      |       [01;31m[K^~~~~~~[m[K
[01m[K/home/ubuntu/workspaces/diff_robot/src/diff_interface/src/motor_control.cpp:4:15:[m[K [01;31m[Kerror: [m[K‘[01m[Krclcpp[m[K’ has not been declared
    4 |     : logger_([01;31m[Krclcpp[m[K::get_logger("motor_control"))
      |               [01;31m[K^~~~~~[m[K
[01m[K/home/ubuntu/workspaces/diff_robot/src/diff_interface/src/motor_control.cpp:[m[K In member function ‘[01m[Kint motor_control::stop_encoders()[m[K’:
[01m[K/home/ubuntu/workspaces/diff_robot/src/diff_interface/src/motor_control.cpp:43:17:[m[K [01;31m[Kerror: [m[K‘[01m[Klogger_[m[K’ was not declared in this scope
   43 |     RCLCPP_INFO([01;31m[Klogger_[m[K, ("Cleaning up encoders"));
      |                 [01;31m[K^~~~~~~[m[K
[01m[K/home/ubuntu/workspaces/diff_robot/src/diff_interface/src/motor_control.cpp:43:5:[m[K [01;31m[Kerror: [m[K‘[01m[KRCLCPP_INFO[m[K’ was not declared in this scope
   43 |     [01;31m[KRCLCPP_INFO[m[K(logger_, ("Cleaning up encoders"));
      |     [01;31m[K^~~~~~~~~~~[m[K
make[2]: *** [CMakeFiles/diff_interface.dir/build.make:89: CMakeFiles/diff_interface.dir/src/motor_control.cpp.o] Error 1
make[2]: *** Waiting for unfinished jobs....
make[1]: *** [CMakeFiles/Makefile2:78: CMakeFiles/diff_interface.dir/all] Error 2
make: *** [Makefile:141: all] Error 2
