[0.100s] Invoking command in '/home/ubuntu/workspaces/diff_robot/build/diff_interface': CMAKE_PREFIX_PATH=${CMAKE_PREFIX_PATH}:/opt/ros/foxy /usr/bin/cmake --build /home/ubuntu/workspaces/diff_robot/build/diff_interface -- -j4 -l4
[0.309s] [35m[1mScanning dependencies of target diff_interface[0m
[0.491s] [ 20%] [32mBuilding CXX object CMakeFiles/diff_interface.dir/src/diffdrive_MyBot.cpp.o[0m
[0.508s] [ 40%] [32mBuilding CXX object CMakeFiles/diff_interface.dir/src/motor_control.cpp.o[0m
[1.506s] In file included from [01m[K/home/ubuntu/workspaces/diff_robot/src/diff_interface/src/motor_control.cpp:1[m[K:
[1.507s] [01m[K/home/ubuntu/workspaces/diff_robot/src/diff_interface/include/diff_interface/motor_control.h:21:9:[m[K [01;31m[Kerror: [m[K‘[01m[Krclcpp[m[K’ does not name a type
[1.508s]    21 |         [01;31m[Krclcpp[m[K::Logger logger_;
[1.509s]       |         [01;31m[K^~~~~~[m[K
[1.511s] [01m[K/home/ubuntu/workspaces/diff_robot/src/diff_interface/src/motor_control.cpp:[m[K In constructor ‘[01m[Kmotor_control::motor_control()[m[K’:
[1.512s] [01m[K/home/ubuntu/workspaces/diff_robot/src/diff_interface/src/motor_control.cpp:4:7:[m[K [01;31m[Kerror: [m[Kclass ‘[01m[Kmotor_control[m[K’ does not have any field named ‘[01m[Klogger_[m[K’
[1.513s]     4 |     : [01;31m[Klogger_[m[K(rclcpp::get_logger("motor_control"))
[1.515s]       |       [01;31m[K^~~~~~~[m[K
[1.516s] [01m[K/home/ubuntu/workspaces/diff_robot/src/diff_interface/src/motor_control.cpp:4:15:[m[K [01;31m[Kerror: [m[K‘[01m[Krclcpp[m[K’ has not been declared
[1.517s]     4 |     : logger_([01;31m[Krclcpp[m[K::get_logger("motor_control"))
[1.518s]       |               [01;31m[K^~~~~~[m[K
[1.518s] [01m[K/home/ubuntu/workspaces/diff_robot/src/diff_interface/src/motor_control.cpp:[m[K In member function ‘[01m[Kint motor_control::stop_encoders()[m[K’:
[1.519s] [01m[K/home/ubuntu/workspaces/diff_robot/src/diff_interface/src/motor_control.cpp:43:17:[m[K [01;31m[Kerror: [m[K‘[01m[Klogger_[m[K’ was not declared in this scope
[1.520s]    43 |     RCLCPP_INFO([01;31m[Klogger_[m[K, ("Cleaning up encoders"));
[1.521s]       |                 [01;31m[K^~~~~~~[m[K
[1.522s] [01m[K/home/ubuntu/workspaces/diff_robot/src/diff_interface/src/motor_control.cpp:43:5:[m[K [01;31m[Kerror: [m[K‘[01m[KRCLCPP_INFO[m[K’ was not declared in this scope
[1.523s]    43 |     [01;31m[KRCLCPP_INFO[m[K(logger_, ("Cleaning up encoders"));
[1.523s]       |     [01;31m[K^~~~~~~~~~~[m[K
[1.653s] make[2]: *** [CMakeFiles/diff_interface.dir/build.make:89: CMakeFiles/diff_interface.dir/src/motor_control.cpp.o] Error 1
[1.654s] make[2]: *** Waiting for unfinished jobs....
[10.489s] make[1]: *** [CMakeFiles/Makefile2:78: CMakeFiles/diff_interface.dir/all] Error 2
[10.490s] make: *** [Makefile:141: all] Error 2
[10.496s] Invoked command in '/home/ubuntu/workspaces/diff_robot/build/diff_interface' returned '2': CMAKE_PREFIX_PATH=${CMAKE_PREFIX_PATH}:/opt/ros/foxy /usr/bin/cmake --build /home/ubuntu/workspaces/diff_robot/build/diff_interface -- -j4 -l4
