[0.100s] Invoking command in '/home/ubuntu/workspaces/diff_robot/build/diff_interface': CMAKE_PREFIX_PATH=${CMAKE_PREFIX_PATH}:/opt/ros/foxy /usr/bin/cmake --build /home/ubuntu/workspaces/diff_robot/build/diff_interface -- -j4 -l4
[0.311s] [35m[1mScanning dependencies of target diff_interface[0m
[0.562s] [ 20%] [32mBuilding CXX object CMakeFiles/diff_interface.dir/src/diffdrive_MyBot.cpp.o[0m
[0.610s] [ 40%] [32mBuilding CXX object CMakeFiles/diff_interface.dir/src/motor_control.cpp.o[0m
[6.224s] In file included from [01m[K/home/ubuntu/workspaces/diff_robot/src/diff_interface/src/motor_control.cpp:1[m[K:
[6.225s] [01m[K/home/ubuntu/workspaces/diff_robot/src/diff_interface/include/diff_interface/motor_control.h:24:16:[m[K [01;31m[Kerror: [m[K‘[01m[Krclcpp::Logger::Logger()[m[K’ is private within this context
[6.225s]    24 | rclcpp::Logger [01;31m[Klogger_[m[K;
[6.226s]       |                [01;31m[K^~~~~~~[m[K
[6.226s] In file included from [01m[K/opt/ros/foxy/include/rclcpp/logging.hpp:23[m[K,
[6.227s]                  from [01m[K/opt/ros/foxy/include/rclcpp/service.hpp:34[m[K,
[6.228s]                  from [01m[K/opt/ros/foxy/include/rclcpp/callback_group.hpp:25[m[K,
[6.228s]                  from [01m[K/opt/ros/foxy/include/rclcpp/any_executable.hpp:20[m[K,
[6.229s]                  from [01m[K/opt/ros/foxy/include/rclcpp/memory_strategy.hpp:24[m[K,
[6.229s]                  from [01m[K/opt/ros/foxy/include/rclcpp/memory_strategies.hpp:18[m[K,
[6.230s]                  from [01m[K/opt/ros/foxy/include/rclcpp/executor_options.hpp:20[m[K,
[6.231s]                  from [01m[K/opt/ros/foxy/include/rclcpp/executor.hpp:33[m[K,
[6.231s]                  from [01m[K/opt/ros/foxy/include/rclcpp/executors/multi_threaded_executor.hpp:26[m[K,
[6.232s]                  from [01m[K/opt/ros/foxy/include/rclcpp/executors.hpp:21[m[K,
[6.233s]                  from [01m[K/opt/ros/foxy/include/rclcpp/rclcpp.hpp:146[m[K,
[6.233s]                  from [01m[K/home/ubuntu/workspaces/diff_robot/src/diff_interface/include/diff_interface/motor_control.h:6[m[K,
[6.234s]                  from [01m[K/home/ubuntu/workspaces/diff_robot/src/diff_interface/src/motor_control.cpp:1[m[K:
[6.234s] [01m[K/opt/ros/foxy/include/rclcpp/logger.hpp:88:3:[m[K [01;36m[Knote: [m[Kdeclared private here
[6.235s]    88 |   [01;36m[KLogger[m[K()
[6.236s]       |   [01;36m[K^~~~~~[m[K
[6.237s] [01m[K/home/ubuntu/workspaces/diff_robot/src/diff_interface/src/motor_control.cpp:[m[K In constructor ‘[01m[Kmotor_control::motor_control()[m[K’:
[6.237s] [01m[K/home/ubuntu/workspaces/diff_robot/src/diff_interface/src/motor_control.cpp:4:7:[m[K [01;31m[Kerror: [m[Kclass ‘[01m[Kmotor_control[m[K’ does not have any field named ‘[01m[Klogger_[m[K’
[6.238s]     4 |     : [01;31m[Klogger_[m[K(rclcpp::get_logger("motor_control"))
[6.238s]       |       [01;31m[K^~~~~~~[m[K
[6.323s] In file included from [01m[K/home/ubuntu/workspaces/diff_robot/src/diff_interface/include/diff_interface/diffdrive_MyBot.h:16[m[K,
[6.324s]                  from [01m[K/home/ubuntu/workspaces/diff_robot/src/diff_interface/src/diffdrive_MyBot.cpp:1[m[K:
[6.324s] [01m[K/home/ubuntu/workspaces/diff_robot/src/diff_interface/include/diff_interface/motor_control.h:24:16:[m[K [01;31m[Kerror: [m[K‘[01m[Krclcpp::Logger::Logger()[m[K’ is private within this context
[6.325s]    24 | rclcpp::Logger [01;31m[Klogger_[m[K;
[6.326s]       |                [01;31m[K^~~~~~~[m[K
[6.326s] In file included from [01m[K/opt/ros/foxy/include/rclcpp/logging.hpp:23[m[K,
[6.327s]                  from [01m[K/opt/ros/foxy/include/rclcpp/service.hpp:34[m[K,
[6.328s]                  from [01m[K/opt/ros/foxy/include/rclcpp/callback_group.hpp:25[m[K,
[6.329s]                  from [01m[K/opt/ros/foxy/include/rclcpp/any_executable.hpp:20[m[K,
[6.329s]                  from [01m[K/opt/ros/foxy/include/rclcpp/memory_strategy.hpp:24[m[K,
[6.330s]                  from [01m[K/opt/ros/foxy/include/rclcpp/memory_strategies.hpp:18[m[K,
[6.330s]                  from [01m[K/opt/ros/foxy/include/rclcpp/executor_options.hpp:20[m[K,
[6.331s]                  from [01m[K/opt/ros/foxy/include/rclcpp/executor.hpp:33[m[K,
[6.332s]                  from [01m[K/opt/ros/foxy/include/rclcpp/executors/multi_threaded_executor.hpp:26[m[K,
[6.332s]                  from [01m[K/opt/ros/foxy/include/rclcpp/executors.hpp:21[m[K,
[6.333s]                  from [01m[K/opt/ros/foxy/include/rclcpp/rclcpp.hpp:146[m[K,
[6.334s]                  from [01m[K/home/ubuntu/workspaces/diff_robot/src/diff_interface/include/diff_interface/diffdrive_MyBot.h:5[m[K,
[6.334s]                  from [01m[K/home/ubuntu/workspaces/diff_robot/src/diff_interface/src/diffdrive_MyBot.cpp:1[m[K:
[6.335s] [01m[K/opt/ros/foxy/include/rclcpp/logger.hpp:88:3:[m[K [01;36m[Knote: [m[Kdeclared private here
[6.336s]    88 |   [01;36m[KLogger[m[K()
[6.336s]       |   [01;36m[K^~~~~~[m[K
[7.673s] make[2]: *** [CMakeFiles/diff_interface.dir/build.make:89: CMakeFiles/diff_interface.dir/src/motor_control.cpp.o] Error 1
[7.674s] make[2]: *** Waiting for unfinished jobs....
[8.904s] make[2]: *** [CMakeFiles/diff_interface.dir/build.make:63: CMakeFiles/diff_interface.dir/src/diffdrive_MyBot.cpp.o] Error 1
[8.905s] make[1]: *** [CMakeFiles/Makefile2:78: CMakeFiles/diff_interface.dir/all] Error 2
[8.905s] make: *** [Makefile:141: all] Error 2
[8.911s] Invoked command in '/home/ubuntu/workspaces/diff_robot/build/diff_interface' returned '2': CMAKE_PREFIX_PATH=${CMAKE_PREFIX_PATH}:/opt/ros/foxy /usr/bin/cmake --build /home/ubuntu/workspaces/diff_robot/build/diff_interface -- -j4 -l4
