[3.234s] DEBUG:colcon:Command line arguments: ['/usr/bin/colcon', 'list', '-p', '--base-paths', '/home/ubuntu/workspaces/diff_robot']
[3.235s] DEBUG:colcon:Parsed command line arguments: Namespace(allow_overriding=[], base_paths=['/home/ubuntu/workspaces/diff_robot'], build_base='build', ignore_user_meta=False, log_base=None, log_level=None, main=<bound method ListVerb.main of <colcon_package_information.verb.list.ListVerb object at 0xffffbc233340>>, metas=['./colcon.meta'], names_only=False, packages_above=None, packages_above_and_dependencies=None, packages_above_depth=None, packages_end=None, packages_ignore=None, packages_ignore_regex=None, packages_select=None, packages_select_build_failed=False, packages_select_by_dep=None, packages_select_regex=None, packages_select_test_failures=False, packages_skip=None, packages_skip_build_finished=False, packages_skip_by_dep=None, packages_skip_regex=None, packages_skip_test_passed=False, packages_skip_up_to=None, packages_start=None, packages_up_to=None, packages_up_to_regex=None, paths=None, paths_only=True, topological_graph=False, topological_graph_density=False, topological_graph_dot=False, topological_graph_dot_cluster=False, topological_graph_dot_include_skipped=False, topological_graph_legend=False, topological_order=False, verb_extension=<colcon_package_information.verb.list.ListVerb object at 0xffffbc233340>, verb_name='list', verb_parser=<colcon_defaults.argument_parser.defaults.DefaultArgumentsDecorator object at 0xffffbc156cd0>)
[3.460s] Level 1:colcon.colcon_core.package_discovery:discover_packages(colcon_meta) check parameters
[3.462s] Level 1:colcon.colcon_core.package_discovery:discover_packages(recursive) check parameters
[3.465s] Level 1:colcon.colcon_core.package_discovery:discover_packages(ignore) check parameters
[3.466s] Level 1:colcon.colcon_core.package_discovery:discover_packages(path) check parameters
[3.467s] Level 1:colcon.colcon_core.package_discovery:discover_packages(recursive) discover
[3.468s] INFO:colcon.colcon_core.package_discovery:Crawling recursively for packages in '/home/ubuntu/workspaces/diff_robot'
[3.469s] Level 1:colcon.colcon_core.package_identification:_identify(/home/ubuntu/workspaces/diff_robot) by extensions ['ignore', 'ignore_ament_install']
[3.471s] Level 1:colcon.colcon_core.package_identification:_identify(/home/ubuntu/workspaces/diff_robot) by extension 'ignore'
[3.476s] Level 1:colcon.colcon_core.package_identification:_identify(/home/ubuntu/workspaces/diff_robot) by extension 'ignore_ament_install'
[3.478s] Level 1:colcon.colcon_core.package_identification:_identify(/home/ubuntu/workspaces/diff_robot) by extensions ['colcon_pkg']
[3.480s] Level 1:colcon.colcon_core.package_identification:_identify(/home/ubuntu/workspaces/diff_robot) by extension 'colcon_pkg'
[3.481s] Level 1:colcon.colcon_core.package_identification:_identify(/home/ubuntu/workspaces/diff_robot) by extensions ['colcon_meta']
[3.485s] Level 1:colcon.colcon_core.package_identification:_identify(/home/ubuntu/workspaces/diff_robot) by extension 'colcon_meta'
[3.486s] Level 1:colcon.colcon_core.package_identification:_identify(/home/ubuntu/workspaces/diff_robot) by extensions ['ros']
[3.487s] Level 1:colcon.colcon_core.package_identification:_identify(/home/ubuntu/workspaces/diff_robot) by extension 'ros'
[3.575s] Level 1:colcon.colcon_core.package_identification:_identify(/home/ubuntu/workspaces/diff_robot) by extensions ['cmake', 'python']
[3.576s] Level 1:colcon.colcon_core.package_identification:_identify(/home/ubuntu/workspaces/diff_robot) by extension 'cmake'
[3.576s] Level 1:colcon.colcon_core.package_identification:_identify(/home/ubuntu/workspaces/diff_robot) by extension 'python'
[3.577s] Level 1:colcon.colcon_core.package_identification:_identify(/home/ubuntu/workspaces/diff_robot) by extensions ['python_setup_py']
[3.577s] Level 1:colcon.colcon_core.package_identification:_identify(/home/ubuntu/workspaces/diff_robot) by extension 'python_setup_py'
[3.578s] Level 1:colcon.colcon_core.package_identification:_identify(/home/ubuntu/workspaces/diff_robot/build) by extensions ['ignore', 'ignore_ament_install']
[3.579s] Level 1:colcon.colcon_core.package_identification:_identify(/home/ubuntu/workspaces/diff_robot/build) by extension 'ignore'
[3.580s] Level 1:colcon.colcon_core.package_identification:_identify(/home/ubuntu/workspaces/diff_robot/build) ignored
[3.582s] Level 1:colcon.colcon_core.package_identification:_identify(/home/ubuntu/workspaces/diff_robot/install) by extensions ['ignore', 'ignore_ament_install']
[3.583s] Level 1:colcon.colcon_core.package_identification:_identify(/home/ubuntu/workspaces/diff_robot/install) by extension 'ignore'
[3.584s] Level 1:colcon.colcon_core.package_identification:_identify(/home/ubuntu/workspaces/diff_robot/install) ignored
[3.586s] Level 1:colcon.colcon_core.package_identification:_identify(/home/ubuntu/workspaces/diff_robot/log) by extensions ['ignore', 'ignore_ament_install']
[3.587s] Level 1:colcon.colcon_core.package_identification:_identify(/home/ubuntu/workspaces/diff_robot/log) by extension 'ignore'
[3.588s] Level 1:colcon.colcon_core.package_identification:_identify(/home/ubuntu/workspaces/diff_robot/log) ignored
[3.590s] Level 1:colcon.colcon_core.package_identification:_identify(/home/ubuntu/workspaces/diff_robot/src) by extensions ['ignore', 'ignore_ament_install']
[3.591s] Level 1:colcon.colcon_core.package_identification:_identify(/home/ubuntu/workspaces/diff_robot/src) by extension 'ignore'
[3.592s] Level 1:colcon.colcon_core.package_identification:_identify(/home/ubuntu/workspaces/diff_robot/src) by extension 'ignore_ament_install'
[3.597s] Level 1:colcon.colcon_core.package_identification:_identify(/home/ubuntu/workspaces/diff_robot/src) by extensions ['colcon_pkg']
[3.598s] Level 1:colcon.colcon_core.package_identification:_identify(/home/ubuntu/workspaces/diff_robot/src) by extension 'colcon_pkg'
[3.599s] Level 1:colcon.colcon_core.package_identification:_identify(/home/ubuntu/workspaces/diff_robot/src) by extensions ['colcon_meta']
[3.601s] Level 1:colcon.colcon_core.package_identification:_identify(/home/ubuntu/workspaces/diff_robot/src) by extension 'colcon_meta'
[3.603s] Level 1:colcon.colcon_core.package_identification:_identify(/home/ubuntu/workspaces/diff_robot/src) by extensions ['ros']
[3.604s] Level 1:colcon.colcon_core.package_identification:_identify(/home/ubuntu/workspaces/diff_robot/src) by extension 'ros'
[3.605s] Level 1:colcon.colcon_core.package_identification:_identify(/home/ubuntu/workspaces/diff_robot/src) by extensions ['cmake', 'python']
[3.606s] Level 1:colcon.colcon_core.package_identification:_identify(/home/ubuntu/workspaces/diff_robot/src) by extension 'cmake'
[3.609s] Level 1:colcon.colcon_core.package_identification:_identify(/home/ubuntu/workspaces/diff_robot/src) by extension 'python'
[3.617s] Level 1:colcon.colcon_core.package_identification:_identify(/home/ubuntu/workspaces/diff_robot/src) by extensions ['python_setup_py']
[3.620s] Level 1:colcon.colcon_core.package_identification:_identify(/home/ubuntu/workspaces/diff_robot/src) by extension 'python_setup_py'
[3.624s] Level 1:colcon.colcon_core.package_identification:_identify(/home/ubuntu/workspaces/diff_robot/src/diff_interface) by extensions ['ignore', 'ignore_ament_install']
[3.625s] Level 1:colcon.colcon_core.package_identification:_identify(/home/ubuntu/workspaces/diff_robot/src/diff_interface) by extension 'ignore'
[3.626s] Level 1:colcon.colcon_core.package_identification:_identify(/home/ubuntu/workspaces/diff_robot/src/diff_interface) by extension 'ignore_ament_install'
[3.627s] Level 1:colcon.colcon_core.package_identification:_identify(/home/ubuntu/workspaces/diff_robot/src/diff_interface) by extensions ['colcon_pkg']
[3.628s] Level 1:colcon.colcon_core.package_identification:_identify(/home/ubuntu/workspaces/diff_robot/src/diff_interface) by extension 'colcon_pkg'
[3.629s] Level 1:colcon.colcon_core.package_identification:_identify(/home/ubuntu/workspaces/diff_robot/src/diff_interface) by extensions ['colcon_meta']
[3.630s] Level 1:colcon.colcon_core.package_identification:_identify(/home/ubuntu/workspaces/diff_robot/src/diff_interface) by extension 'colcon_meta'
[3.631s] Level 1:colcon.colcon_core.package_identification:_identify(/home/ubuntu/workspaces/diff_robot/src/diff_interface) by extensions ['ros']
[3.631s] Level 1:colcon.colcon_core.package_identification:_identify(/home/ubuntu/workspaces/diff_robot/src/diff_interface) by extension 'ros'
[3.691s] DEBUG:colcon.colcon_core.package_identification:Package '/home/ubuntu/workspaces/diff_robot/src/diff_interface' with type 'ros.ament_cmake' and name 'diff_interface'
[3.694s] Level 1:colcon.colcon_core.package_identification:_identify(/home/ubuntu/workspaces/diff_robot/src/icarus_pi) by extensions ['ignore', 'ignore_ament_install']
[3.710s] Level 1:colcon.colcon_core.package_identification:_identify(/home/ubuntu/workspaces/diff_robot/src/icarus_pi) by extension 'ignore'
[3.711s] Level 1:colcon.colcon_core.package_identification:_identify(/home/ubuntu/workspaces/diff_robot/src/icarus_pi) by extension 'ignore_ament_install'
[3.711s] Level 1:colcon.colcon_core.package_identification:_identify(/home/ubuntu/workspaces/diff_robot/src/icarus_pi) by extensions ['colcon_pkg']
[3.712s] Level 1:colcon.colcon_core.package_identification:_identify(/home/ubuntu/workspaces/diff_robot/src/icarus_pi) by extension 'colcon_pkg'
[3.713s] Level 1:colcon.colcon_core.package_identification:_identify(/home/ubuntu/workspaces/diff_robot/src/icarus_pi) by extensions ['colcon_meta']
[3.713s] Level 1:colcon.colcon_core.package_identification:_identify(/home/ubuntu/workspaces/diff_robot/src/icarus_pi) by extension 'colcon_meta'
[3.714s] Level 1:colcon.colcon_core.package_identification:_identify(/home/ubuntu/workspaces/diff_robot/src/icarus_pi) by extensions ['ros']
[3.714s] Level 1:colcon.colcon_core.package_identification:_identify(/home/ubuntu/workspaces/diff_robot/src/icarus_pi) by extension 'ros'
[3.718s] DEBUG:colcon.colcon_core.package_identification:Package '/home/ubuntu/workspaces/diff_robot/src/icarus_pi' with type 'ros.ament_cmake' and name 'icarus_pi'
[3.718s] Level 1:colcon.colcon_core.package_discovery:discover_packages(recursive) using defaults
