[0.097s] Invoking command in '/home/ubuntu/workspaces/diff_robot/build/diff_interface': CMAKE_PREFIX_PATH=/opt/ros/foxy /usr/bin/cmake /home/ubuntu/workspaces/diff_robot/src/diff_interface -DCMAKE_INSTALL_PREFIX=/home/ubuntu/workspaces/diff_robot/install/diff_interface
[0.190s] -- Found ament_cmake: 0.9.12 (/opt/ros/foxy/share/ament_cmake/cmake)
[0.316s] -- Using PYTHON_EXECUTABLE: /usr/bin/python3
[1.458s] -- Found hardware_interface: 0.11.0 (/opt/ros/foxy/share/hardware_interface/cmake)
[1.772s] -- Using all available rosidl_typesupport_c: rosidl_typesupport_fastrtps_c;rosidl_typesupport_introspection_c
[1.836s] -- Found rosidl_adapter: 1.3.1 (/opt/ros/foxy/share/rosidl_adapter/cmake)
[2.461s] -- Found OpenSSL: /usr/lib/aarch64-linux-gnu/libcrypto.so (found version "1.1.1f")  
[2.727s] -- Found FastRTPS: /opt/ros/foxy/include  
[3.382s] -- Using all available rosidl_typesupport_cpp: rosidl_typesupport_fastrtps_cpp;rosidl_typesupport_introspection_cpp
[5.659s] -- Found controller_manager: 0.11.0 (/opt/ros/foxy/share/controller_manager/cmake)
[6.070s] -- Found rmw_implementation_cmake: 1.0.4 (/opt/ros/foxy/share/rmw_implementation_cmake/cmake)
[6.080s] -- Using RMW implementation 'rmw_fastrtps_cpp' as default
[6.087s] -- Looking for pthread.h
[6.430s] -- Looking for pthread.h - found
[6.432s] -- Performing Test CMAKE_HAVE_LIBC_PTHREAD
[6.763s] -- Performing Test CMAKE_HAVE_LIBC_PTHREAD - Failed
[6.764s] -- Looking for pthread_create in pthreads
[7.021s] -- Looking for pthread_create in pthreads - not found
[7.022s] -- Looking for pthread_create in pthread
[7.333s] -- Looking for pthread_create in pthread - found
[7.339s] -- Found Threads: TRUE  
[8.859s] -- Found ament_lint_auto: 0.9.8 (/opt/ros/foxy/share/ament_lint_auto/cmake)
[9.306s] -- Added test 'copyright' to check source files copyright and LICENSE
[9.314s] -- Added test 'cppcheck' to perform static code analysis on C / C++ code
[9.315s] -- Configured cppcheck include dirs: 
[9.316s] -- Configured cppcheck exclude dirs and/or files: 
[9.324s] -- Added test 'cpplint' to check C / C++ code against the Google style
[9.327s] -- Configured cpplint exclude dirs and/or files: 
[9.330s] -- Added test 'lint_cmake' to check CMake code style
[9.336s] -- Added test 'uncrustify' to check C / C++ code style
[9.339s] -- Configured uncrustify additional arguments: 
[9.340s] -- Added test 'xmllint' to check XML markup files
[9.366s] -- Configuring done
[9.380s] -- Generating done
[9.387s] -- Build files have been written to: /home/ubuntu/workspaces/diff_robot/build/diff_interface
[9.421s] Invoked command in '/home/ubuntu/workspaces/diff_robot/build/diff_interface' returned '0': CMAKE_PREFIX_PATH=/opt/ros/foxy /usr/bin/cmake /home/ubuntu/workspaces/diff_robot/src/diff_interface -DCMAKE_INSTALL_PREFIX=/home/ubuntu/workspaces/diff_robot/install/diff_interface
[9.432s] Invoking command in '/home/ubuntu/workspaces/diff_robot/build/diff_interface': CMAKE_PREFIX_PATH=/opt/ros/foxy /usr/bin/cmake --build /home/ubuntu/workspaces/diff_robot/build/diff_interface -- -j4 -l4
[9.634s] Invoked command in '/home/ubuntu/workspaces/diff_robot/build/diff_interface' returned '0': CMAKE_PREFIX_PATH=/opt/ros/foxy /usr/bin/cmake --build /home/ubuntu/workspaces/diff_robot/build/diff_interface -- -j4 -l4
[9.732s] Invoking command in '/home/ubuntu/workspaces/diff_robot/build/diff_interface': CMAKE_PREFIX_PATH=/opt/ros/foxy /usr/bin/cmake --install /home/ubuntu/workspaces/diff_robot/build/diff_interface
[9.768s] -- Install configuration: ""
[9.769s] -- Installing: /home/ubuntu/workspaces/diff_robot/install/diff_interface/share/ament_index/resource_index/package_run_dependencies/diff_interface
[9.771s] -- Installing: /home/ubuntu/workspaces/diff_robot/install/diff_interface/share/ament_index/resource_index/parent_prefix_path/diff_interface
[9.772s] -- Installing: /home/ubuntu/workspaces/diff_robot/install/diff_interface/share/diff_interface/environment/ament_prefix_path.sh
[9.774s] -- Installing: /home/ubuntu/workspaces/diff_robot/install/diff_interface/share/diff_interface/environment/ament_prefix_path.dsv
[9.775s] -- Installing: /home/ubuntu/workspaces/diff_robot/install/diff_interface/share/diff_interface/environment/path.sh
[9.776s] -- Installing: /home/ubuntu/workspaces/diff_robot/install/diff_interface/share/diff_interface/environment/path.dsv
[9.781s] -- Installing: /home/ubuntu/workspaces/diff_robot/install/diff_interface/share/diff_interface/local_setup.bash
[9.782s] -- Installing: /home/ubuntu/workspaces/diff_robot/install/diff_interface/share/diff_interface/local_setup.sh
[9.782s] -- Installing: /home/ubuntu/workspaces/diff_robot/install/diff_interface/share/diff_interface/local_setup.zsh
[9.783s] -- Installing: /home/ubuntu/workspaces/diff_robot/install/diff_interface/share/diff_interface/local_setup.dsv
[9.783s] -- Installing: /home/ubuntu/workspaces/diff_robot/install/diff_interface/share/diff_interface/package.dsv
[9.784s] -- Installing: /home/ubuntu/workspaces/diff_robot/install/diff_interface/share/ament_index/resource_index/packages/diff_interface
[9.785s] -- Installing: /home/ubuntu/workspaces/diff_robot/install/diff_interface/share/diff_interface/cmake/diff_interfaceConfig.cmake
[9.786s] -- Installing: /home/ubuntu/workspaces/diff_robot/install/diff_interface/share/diff_interface/cmake/diff_interfaceConfig-version.cmake
[9.787s] -- Installing: /home/ubuntu/workspaces/diff_robot/install/diff_interface/share/diff_interface/package.xml
[9.806s] Invoked command in '/home/ubuntu/workspaces/diff_robot/build/diff_interface' returned '0': CMAKE_PREFIX_PATH=/opt/ros/foxy /usr/bin/cmake --install /home/ubuntu/workspaces/diff_robot/build/diff_interface
