In file included from [01m[K/home/ubuntu/workspaces/diff_robot/src/diff_interface/include/diff_interface/diffdrive_MyBot.h:16[m[K,
                 from [01m[K/home/ubuntu/workspaces/diff_robot/src/diff_interface/src/diffdrive_MyBot.cpp:1[m[K:
[01m[K/home/ubuntu/workspaces/diff_robot/src/diff_interface/include/diff_interface/motor_control.h:12:12:[m[K [01;31m[Kerror: [m[Kno matching function for call to ‘[01m[Kre_decoder::re_decoder()[m[K’
   12 | re_decoder [01;31m[Kdec[m[K;
      |            [01;31m[K^~~[m[K
In file included from [01m[K/home/ubuntu/workspaces/diff_robot/src/diff_interface/include/diff_interface/motor_control.h:4[m[K,
                 from [01m[K/home/ubuntu/workspaces/diff_robot/src/diff_interface/include/diff_interface/diffdrive_MyBot.h:16[m[K,
                 from [01m[K/home/ubuntu/workspaces/diff_robot/src/diff_interface/src/diffdrive_MyBot.cpp:1[m[K:
[01m[K/home/ubuntu/workspaces/diff_robot/src/diff_interface/include/diff_interface/rotary_encoder.hpp:22:4:[m[K [01;36m[Knote: [m[Kcandidate: ‘[01m[Kre_decoder::re_decoder(int, int, re_decoderCB_t)[m[K’
   22 |    [01;36m[Kre_decoder[m[K(int gpioA, int gpioB, re_decoderCB_t callback);
      |    [01;36m[K^~~~~~~~~~[m[K
[01m[K/home/ubuntu/workspaces/diff_robot/src/diff_interface/include/diff_interface/rotary_encoder.hpp:22:4:[m[K [01;36m[Knote: [m[K  candidate expects 3 arguments, 0 provided
[01m[K/home/ubuntu/workspaces/diff_robot/src/diff_interface/include/diff_interface/rotary_encoder.hpp:8:7:[m[K [01;36m[Knote: [m[Kcandidate: ‘[01m[Kconstexpr re_decoder::re_decoder(const re_decoder&)[m[K’
    8 | class [01;36m[Kre_decoder[m[K
      |       [01;36m[K^~~~~~~~~~[m[K
[01m[K/home/ubuntu/workspaces/diff_robot/src/diff_interface/include/diff_interface/rotary_encoder.hpp:8:7:[m[K [01;36m[Knote: [m[K  candidate expects 1 argument, 0 provided
[01m[K/home/ubuntu/workspaces/diff_robot/src/diff_interface/include/diff_interface/rotary_encoder.hpp:8:7:[m[K [01;36m[Knote: [m[Kcandidate: ‘[01m[Kconstexpr re_decoder::re_decoder(re_decoder&&)[m[K’
[01m[K/home/ubuntu/workspaces/diff_robot/src/diff_interface/include/diff_interface/rotary_encoder.hpp:8:7:[m[K [01;36m[Knote: [m[K  candidate expects 1 argument, 0 provided
In file included from [01m[K/home/ubuntu/workspaces/diff_robot/src/diff_interface/include/diff_interface/diffdrive_MyBot.h:16[m[K,
                 from [01m[K/home/ubuntu/workspaces/diff_robot/src/diff_interface/src/diffdrive_MyBot.cpp:1[m[K:
[01m[K/home/ubuntu/workspaces/diff_robot/src/diff_interface/include/diff_interface/motor_control.h:13:12:[m[K [01;31m[Kerror: [m[Kno matching function for call to ‘[01m[Kre_decoder::re_decoder()[m[K’
   13 | re_decoder [01;31m[Kdec1[m[K;
      |            [01;31m[K^~~~[m[K
In file included from [01m[K/home/ubuntu/workspaces/diff_robot/src/diff_interface/include/diff_interface/motor_control.h:4[m[K,
                 from [01m[K/home/ubuntu/workspaces/diff_robot/src/diff_interface/include/diff_interface/diffdrive_MyBot.h:16[m[K,
                 from [01m[K/home/ubuntu/workspaces/diff_robot/src/diff_interface/src/diffdrive_MyBot.cpp:1[m[K:
[01m[K/home/ubuntu/workspaces/diff_robot/src/diff_interface/include/diff_interface/rotary_encoder.hpp:22:4:[m[K [01;36m[Knote: [m[Kcandidate: ‘[01m[Kre_decoder::re_decoder(int, int, re_decoderCB_t)[m[K’
   22 |    [01;36m[Kre_decoder[m[K(int gpioA, int gpioB, re_decoderCB_t callback);
      |    [01;36m[K^~~~~~~~~~[m[K
[01m[K/home/ubuntu/workspaces/diff_robot/src/diff_interface/include/diff_interface/rotary_encoder.hpp:22:4:[m[K [01;36m[Knote: [m[K  candidate expects 3 arguments, 0 provided
[01m[K/home/ubuntu/workspaces/diff_robot/src/diff_interface/include/diff_interface/rotary_encoder.hpp:8:7:[m[K [01;36m[Knote: [m[Kcandidate: ‘[01m[Kconstexpr re_decoder::re_decoder(const re_decoder&)[m[K’
    8 | class [01;36m[Kre_decoder[m[K
      |       [01;36m[K^~~~~~~~~~[m[K
[01m[K/home/ubuntu/workspaces/diff_robot/src/diff_interface/include/diff_interface/rotary_encoder.hpp:8:7:[m[K [01;36m[Knote: [m[K  candidate expects 1 argument, 0 provided
[01m[K/home/ubuntu/workspaces/diff_robot/src/diff_interface/include/diff_interface/rotary_encoder.hpp:8:7:[m[K [01;36m[Knote: [m[Kcandidate: ‘[01m[Kconstexpr re_decoder::re_decoder(re_decoder&&)[m[K’
[01m[K/home/ubuntu/workspaces/diff_robot/src/diff_interface/include/diff_interface/rotary_encoder.hpp:8:7:[m[K [01;36m[Knote: [m[K  candidate expects 1 argument, 0 provided
[01m[K/home/ubuntu/workspaces/diff_robot/src/diff_interface/src/diffdrive_MyBot.cpp:[m[K In destructor ‘[01m[Kvirtual DiffDriveMyBot::~DiffDriveMyBot()[m[K’:
[01m[K/home/ubuntu/workspaces/diff_robot/src/diff_interface/src/diffdrive_MyBot.cpp:15:3:[m[K [01;35m[Kwarning: [m[Kstatement is a reference, not call, to function ‘[01m[Kstop_encoders[m[K’ [[01;35m[K-Waddress[m[K]
   15 |   [01;35m[Kstop_encoders[m[K;
      |   [01;35m[K^~~~~~~~~~~~~[m[K
[01m[K/home/ubuntu/workspaces/diff_robot/src/diff_interface/src/diffdrive_MyBot.cpp:15:3:[m[K [01;35m[Kwarning: [m[Kstatement has no effect [[01;35m[K-Wunused-value[m[K]
make[2]: *** [CMakeFiles/diff_interface.dir/build.make:63: CMakeFiles/diff_interface.dir/src/diffdrive_MyBot.cpp.o] Error 1
make[1]: *** [CMakeFiles/Makefile2:78: CMakeFiles/diff_interface.dir/all] Error 2
make: *** [Makefile:141: all] Error 2
