[0.101s] Invoking command in '/home/ubuntu/workspaces/diff_robot/build/diff_interface': CMAKE_PREFIX_PATH=${CMAKE_PREFIX_PATH}:/opt/ros/foxy /usr/bin/cmake --build /home/ubuntu/workspaces/diff_robot/build/diff_interface -- -j4 -l4
[0.303s] [35m[1mScanning dependencies of target diff_interface[0m
[0.481s] [ 33%] [32mBuilding CXX object CMakeFiles/diff_interface.dir/src/diffdrive_MyBot.cpp.o[0m
[5.934s] In file included from [01m[K/home/ubuntu/workspaces/diff_robot/src/diff_interface/include/diff_interface/diffdrive_MyBot.h:16[m[K,
[5.935s]                  from [01m[K/home/ubuntu/workspaces/diff_robot/src/diff_interface/src/diffdrive_MyBot.cpp:1[m[K:
[5.935s] [01m[K/home/ubuntu/workspaces/diff_robot/src/diff_interface/include/diff_interface/motor_control.h:12:12:[m[K [01;31m[Kerror: [m[Kno matching function for call to ‘[01m[Kre_decoder::re_decoder()[m[K’
[5.936s]    12 | re_decoder [01;31m[Kdec[m[K;
[5.936s]       |            [01;31m[K^~~[m[K
[5.936s] In file included from [01m[K/home/ubuntu/workspaces/diff_robot/src/diff_interface/include/diff_interface/motor_control.h:4[m[K,
[5.937s]                  from [01m[K/home/ubuntu/workspaces/diff_robot/src/diff_interface/include/diff_interface/diffdrive_MyBot.h:16[m[K,
[5.937s]                  from [01m[K/home/ubuntu/workspaces/diff_robot/src/diff_interface/src/diffdrive_MyBot.cpp:1[m[K:
[5.938s] [01m[K/home/ubuntu/workspaces/diff_robot/src/diff_interface/include/diff_interface/rotary_encoder.hpp:22:4:[m[K [01;36m[Knote: [m[Kcandidate: ‘[01m[Kre_decoder::re_decoder(int, int, re_decoderCB_t)[m[K’
[5.938s]    22 |    [01;36m[Kre_decoder[m[K(int gpioA, int gpioB, re_decoderCB_t callback);
[5.939s]       |    [01;36m[K^~~~~~~~~~[m[K
[5.939s] [01m[K/home/ubuntu/workspaces/diff_robot/src/diff_interface/include/diff_interface/rotary_encoder.hpp:22:4:[m[K [01;36m[Knote: [m[K  candidate expects 3 arguments, 0 provided
[5.939s] [01m[K/home/ubuntu/workspaces/diff_robot/src/diff_interface/include/diff_interface/rotary_encoder.hpp:8:7:[m[K [01;36m[Knote: [m[Kcandidate: ‘[01m[Kconstexpr re_decoder::re_decoder(const re_decoder&)[m[K’
[5.940s]     8 | class [01;36m[Kre_decoder[m[K
[5.940s]       |       [01;36m[K^~~~~~~~~~[m[K
[5.941s] [01m[K/home/ubuntu/workspaces/diff_robot/src/diff_interface/include/diff_interface/rotary_encoder.hpp:8:7:[m[K [01;36m[Knote: [m[K  candidate expects 1 argument, 0 provided
[5.941s] [01m[K/home/ubuntu/workspaces/diff_robot/src/diff_interface/include/diff_interface/rotary_encoder.hpp:8:7:[m[K [01;36m[Knote: [m[Kcandidate: ‘[01m[Kconstexpr re_decoder::re_decoder(re_decoder&&)[m[K’
[5.942s] [01m[K/home/ubuntu/workspaces/diff_robot/src/diff_interface/include/diff_interface/rotary_encoder.hpp:8:7:[m[K [01;36m[Knote: [m[K  candidate expects 1 argument, 0 provided
[5.942s] In file included from [01m[K/home/ubuntu/workspaces/diff_robot/src/diff_interface/include/diff_interface/diffdrive_MyBot.h:16[m[K,
[5.943s]                  from [01m[K/home/ubuntu/workspaces/diff_robot/src/diff_interface/src/diffdrive_MyBot.cpp:1[m[K:
[5.943s] [01m[K/home/ubuntu/workspaces/diff_robot/src/diff_interface/include/diff_interface/motor_control.h:13:12:[m[K [01;31m[Kerror: [m[Kno matching function for call to ‘[01m[Kre_decoder::re_decoder()[m[K’
[5.944s]    13 | re_decoder [01;31m[Kdec1[m[K;
[5.944s]       |            [01;31m[K^~~~[m[K
[5.945s] In file included from [01m[K/home/ubuntu/workspaces/diff_robot/src/diff_interface/include/diff_interface/motor_control.h:4[m[K,
[5.945s]                  from [01m[K/home/ubuntu/workspaces/diff_robot/src/diff_interface/include/diff_interface/diffdrive_MyBot.h:16[m[K,
[5.946s]                  from [01m[K/home/ubuntu/workspaces/diff_robot/src/diff_interface/src/diffdrive_MyBot.cpp:1[m[K:
[5.946s] [01m[K/home/ubuntu/workspaces/diff_robot/src/diff_interface/include/diff_interface/rotary_encoder.hpp:22:4:[m[K [01;36m[Knote: [m[Kcandidate: ‘[01m[Kre_decoder::re_decoder(int, int, re_decoderCB_t)[m[K’
[5.947s]    22 |    [01;36m[Kre_decoder[m[K(int gpioA, int gpioB, re_decoderCB_t callback);
[5.947s]       |    [01;36m[K^~~~~~~~~~[m[K
[5.947s] [01m[K/home/ubuntu/workspaces/diff_robot/src/diff_interface/include/diff_interface/rotary_encoder.hpp:22:4:[m[K [01;36m[Knote: [m[K  candidate expects 3 arguments, 0 provided
[5.948s] [01m[K/home/ubuntu/workspaces/diff_robot/src/diff_interface/include/diff_interface/rotary_encoder.hpp:8:7:[m[K [01;36m[Knote: [m[Kcandidate: ‘[01m[Kconstexpr re_decoder::re_decoder(const re_decoder&)[m[K’
[5.948s]     8 | class [01;36m[Kre_decoder[m[K
[5.949s]       |       [01;36m[K^~~~~~~~~~[m[K
[5.950s] [01m[K/home/ubuntu/workspaces/diff_robot/src/diff_interface/include/diff_interface/rotary_encoder.hpp:8:7:[m[K [01;36m[Knote: [m[K  candidate expects 1 argument, 0 provided
[5.950s] [01m[K/home/ubuntu/workspaces/diff_robot/src/diff_interface/include/diff_interface/rotary_encoder.hpp:8:7:[m[K [01;36m[Knote: [m[Kcandidate: ‘[01m[Kconstexpr re_decoder::re_decoder(re_decoder&&)[m[K’
[5.950s] [01m[K/home/ubuntu/workspaces/diff_robot/src/diff_interface/include/diff_interface/rotary_encoder.hpp:8:7:[m[K [01;36m[Knote: [m[K  candidate expects 1 argument, 0 provided
[5.951s] [01m[K/home/ubuntu/workspaces/diff_robot/src/diff_interface/src/diffdrive_MyBot.cpp:[m[K In destructor ‘[01m[Kvirtual DiffDriveMyBot::~DiffDriveMyBot()[m[K’:
[5.951s] [01m[K/home/ubuntu/workspaces/diff_robot/src/diff_interface/src/diffdrive_MyBot.cpp:15:3:[m[K [01;35m[Kwarning: [m[Kstatement is a reference, not call, to function ‘[01m[Kstop_encoders[m[K’ [[01;35m[K-Waddress[m[K]
[5.952s]    15 |   [01;35m[Kstop_encoders[m[K;
[5.952s]       |   [01;35m[K^~~~~~~~~~~~~[m[K
[5.953s] [01m[K/home/ubuntu/workspaces/diff_robot/src/diff_interface/src/diffdrive_MyBot.cpp:15:3:[m[K [01;35m[Kwarning: [m[Kstatement has no effect [[01;35m[K-Wunused-value[m[K]
[8.427s] make[2]: *** [CMakeFiles/diff_interface.dir/build.make:63: CMakeFiles/diff_interface.dir/src/diffdrive_MyBot.cpp.o] Error 1
[8.427s] make[1]: *** [CMakeFiles/Makefile2:78: CMakeFiles/diff_interface.dir/all] Error 2
[8.428s] make: *** [Makefile:141: all] Error 2
[8.434s] Invoked command in '/home/ubuntu/workspaces/diff_robot/build/diff_interface' returned '2': CMAKE_PREFIX_PATH=${CMAKE_PREFIX_PATH}:/opt/ros/foxy /usr/bin/cmake --build /home/ubuntu/workspaces/diff_robot/build/diff_interface -- -j4 -l4
