[0.098s] Invoking command in '/home/ubuntu/workspaces/diff_robot/build/diff_interface': CMAKE_PREFIX_PATH=${CMAKE_PREFIX_PATH}:/opt/ros/foxy /usr/bin/cmake --build /home/ubuntu/workspaces/diff_robot/build/diff_interface -- -j4 -l4
[0.293s] [35m[1mScanning dependencies of target diff_interface[0m
[0.406s] [ 20%] [32mBuilding CXX object CMakeFiles/diff_interface.dir/src/rotary_encoder.cpp.o[0m
[0.589s] [01m[K/home/ubuntu/workspaces/diff_robot/src/diff_interface/src/rotary_encoder.cpp:[m[K In function ‘[01m[Kvoid _cb(int, int, unsigned int, uint32_t, void*)[m[K’:
[0.590s] [01m[K/home/ubuntu/workspaces/diff_robot/src/diff_interface/src/rotary_encoder.cpp:51:8:[m[K [01;35m[Kwarning: [m[Kunused parameter ‘[01m[Kpi[m[K’ [[01;35m[K-Wunused-parameter[m[K]
[0.591s]    51 |    [01;35m[Kint pi[m[K, int gpio, unsigned level, uint32_t tick, void *user)
[0.592s]       |    [01;35m[K~~~~^~[m[K
[0.593s] [01m[K/home/ubuntu/workspaces/diff_robot/src/diff_interface/src/rotary_encoder.cpp:51:47:[m[K [01;35m[Kwarning: [m[Kunused parameter ‘[01m[Ktick[m[K’ [[01;35m[K-Wunused-parameter[m[K]
[0.593s]    51 |    int pi, int gpio, unsigned level, [01;35m[Kuint32_t tick[m[K, void *user)
[0.594s]       |                                      [01;35m[K~~~~~~~~~^~~~[m[K
[0.727s] [ 40%] [32m[1mLinking CXX shared library libdiff_interface.so[0m
[1.778s] [100%] Built target diff_interface
[1.818s] Invoked command in '/home/ubuntu/workspaces/diff_robot/build/diff_interface' returned '0': CMAKE_PREFIX_PATH=${CMAKE_PREFIX_PATH}:/opt/ros/foxy /usr/bin/cmake --build /home/ubuntu/workspaces/diff_robot/build/diff_interface -- -j4 -l4
[1.975s] Invoking command in '/home/ubuntu/workspaces/diff_robot/build/diff_interface': CMAKE_PREFIX_PATH=${CMAKE_PREFIX_PATH}:/opt/ros/foxy /usr/bin/cmake --install /home/ubuntu/workspaces/diff_robot/build/diff_interface
[2.014s] -- Install configuration: ""
[2.016s] -- Up-to-date: /home/ubuntu/workspaces/diff_robot/install/diff_interface/share/diff_interface/robot_hardware.xml
[2.016s] -- Installing: /home/ubuntu/workspaces/diff_robot/install/diff_interface/lib/libdiff_interface.so
[2.022s] -- Set runtime path of "/home/ubuntu/workspaces/diff_robot/install/diff_interface/lib/libdiff_interface.so" to ""
[2.022s] -- Up-to-date: /home/ubuntu/workspaces/diff_robot/install/diff_interface/share/diff_interface/controllers
[2.023s] -- Up-to-date: /home/ubuntu/workspaces/diff_robot/install/diff_interface/share/diff_interface/controllers/robot_controller_example.yaml
[2.023s] -- Up-to-date: /home/ubuntu/workspaces/diff_robot/install/diff_interface/share/diff_interface
[2.024s] -- Up-to-date: /home/ubuntu/workspaces/diff_robot/install/diff_interface/share/diff_interface/test_robot.launch.py
[2.025s] -- Up-to-date: /home/ubuntu/workspaces/diff_robot/install/diff_interface/share/diff_interface/environment/library_path.sh
[2.026s] -- Up-to-date: /home/ubuntu/workspaces/diff_robot/install/diff_interface/share/diff_interface/environment/library_path.dsv
[2.026s] -- Up-to-date: /home/ubuntu/workspaces/diff_robot/install/diff_interface/share/ament_index/resource_index/package_run_dependencies/diff_interface
[2.027s] -- Up-to-date: /home/ubuntu/workspaces/diff_robot/install/diff_interface/share/ament_index/resource_index/parent_prefix_path/diff_interface
[2.027s] -- Up-to-date: /home/ubuntu/workspaces/diff_robot/install/diff_interface/share/diff_interface/environment/ament_prefix_path.sh
[2.028s] -- Up-to-date: /home/ubuntu/workspaces/diff_robot/install/diff_interface/share/diff_interface/environment/ament_prefix_path.dsv
[2.028s] -- Up-to-date: /home/ubuntu/workspaces/diff_robot/install/diff_interface/share/diff_interface/environment/path.sh
[2.029s] -- Up-to-date: /home/ubuntu/workspaces/diff_robot/install/diff_interface/share/diff_interface/environment/path.dsv
[2.029s] -- Up-to-date: /home/ubuntu/workspaces/diff_robot/install/diff_interface/share/diff_interface/local_setup.bash
[2.030s] -- Up-to-date: /home/ubuntu/workspaces/diff_robot/install/diff_interface/share/diff_interface/local_setup.sh
[2.030s] -- Up-to-date: /home/ubuntu/workspaces/diff_robot/install/diff_interface/share/diff_interface/local_setup.zsh
[2.031s] -- Up-to-date: /home/ubuntu/workspaces/diff_robot/install/diff_interface/share/diff_interface/local_setup.dsv
[2.031s] -- Installing: /home/ubuntu/workspaces/diff_robot/install/diff_interface/share/diff_interface/package.dsv
[2.032s] -- Up-to-date: /home/ubuntu/workspaces/diff_robot/install/diff_interface/share/ament_index/resource_index/packages/diff_interface
[2.032s] -- Up-to-date: /home/ubuntu/workspaces/diff_robot/install/diff_interface/share/ament_index/resource_index/hardware_interface__pluginlib__plugin/diff_interface
[2.033s] -- Up-to-date: /home/ubuntu/workspaces/diff_robot/install/diff_interface/share/diff_interface/cmake/ament_cmake_export_libraries-extras.cmake
[2.033s] -- Up-to-date: /home/ubuntu/workspaces/diff_robot/install/diff_interface/share/diff_interface/cmake/ament_cmake_export_dependencies-extras.cmake
[2.034s] -- Up-to-date: /home/ubuntu/workspaces/diff_robot/install/diff_interface/share/diff_interface/cmake/diff_interfaceConfig.cmake
[2.035s] -- Up-to-date: /home/ubuntu/workspaces/diff_robot/install/diff_interface/share/diff_interface/cmake/diff_interfaceConfig-version.cmake
[2.036s] -- Up-to-date: /home/ubuntu/workspaces/diff_robot/install/diff_interface/share/diff_interface/package.xml
[2.047s] Invoked command in '/home/ubuntu/workspaces/diff_robot/build/diff_interface' returned '0': CMAKE_PREFIX_PATH=${CMAKE_PREFIX_PATH}:/opt/ros/foxy /usr/bin/cmake --install /home/ubuntu/workspaces/diff_robot/build/diff_interface
