[0.139s] Invoking command in '/home/ubuntu/workspaces/diff_robot/build/diff_interface': CMAKE_PREFIX_PATH=${CMAKE_PREFIX_PATH}:/opt/ros/foxy /usr/bin/cmake --build /home/ubuntu/workspaces/diff_robot/build/diff_interface -- -j4 -l4
[0.391s] [35m[1mScanning dependencies of target diff_interface[0m
[0.621s] [ 33%] [32mBuilding CXX object CMakeFiles/diff_interface.dir/src/diffdrive_MyBot.cpp.o[0m
[7.434s] In file included from [01m[K/opt/ros/foxy/include/rclcpp/client.hpp:40[m[K,
[7.435s]                  from [01m[K/opt/ros/foxy/include/rclcpp/callback_group.hpp:23[m[K,
[7.435s]                  from [01m[K/opt/ros/foxy/include/rclcpp/any_executable.hpp:20[m[K,
[7.436s]                  from [01m[K/opt/ros/foxy/include/rclcpp/memory_strategy.hpp:24[m[K,
[7.437s]                  from [01m[K/opt/ros/foxy/include/rclcpp/memory_strategies.hpp:18[m[K,
[7.437s]                  from [01m[K/opt/ros/foxy/include/rclcpp/executor_options.hpp:20[m[K,
[7.437s]                  from [01m[K/opt/ros/foxy/include/rclcpp/executor.hpp:33[m[K,
[7.438s]                  from [01m[K/opt/ros/foxy/include/rclcpp/executors/multi_threaded_executor.hpp:26[m[K,
[7.438s]                  from [01m[K/opt/ros/foxy/include/rclcpp/executors.hpp:21[m[K,
[7.439s]                  from [01m[K/opt/ros/foxy/include/rclcpp/rclcpp.hpp:146[m[K,
[7.439s]                  from [01m[K/home/ubuntu/workspaces/diff_robot/src/diff_interface/include/diff_interface/diffdrive_MyBot.h:5[m[K,
[7.440s]                  from [01m[K/home/ubuntu/workspaces/diff_robot/src/diff_interface/src/diffdrive_MyBot.cpp:1[m[K:
[7.440s] [01m[K/home/ubuntu/workspaces/diff_robot/src/diff_interface/src/diffdrive_MyBot.cpp:[m[K In member function ‘[01m[Kvirtual hardware_interface::return_type DiffDriveMyBot::write()[m[K’:
[7.441s] [01m[K/home/ubuntu/workspaces/diff_robot/src/diff_interface/src/diffdrive_MyBot.cpp:131:109:[m[K [01;31m[Kerror: [m[Kexpected primary-expression before ‘[01m[K)[m[K’ token
[7.442s]   131 |   RCLCPP_INFO(logger_, "  Write speed Value:  %f", (l_wheel_.cmd / l_wheel_.rads_per_count / cfg_.loop_rate,[01;31m[K)[m[K);
[7.442s]       |                                                                                                             [01;31m[K^[m[K
[10.611s] make[2]: *** [CMakeFiles/diff_interface.dir/build.make:63: CMakeFiles/diff_interface.dir/src/diffdrive_MyBot.cpp.o] Error 1
[10.613s] make[1]: *** [CMakeFiles/Makefile2:78: CMakeFiles/diff_interface.dir/all] Error 2
[10.614s] make: *** [Makefile:141: all] Error 2
[10.621s] Invoked command in '/home/ubuntu/workspaces/diff_robot/build/diff_interface' returned '2': CMAKE_PREFIX_PATH=${CMAKE_PREFIX_PATH}:/opt/ros/foxy /usr/bin/cmake --build /home/ubuntu/workspaces/diff_robot/build/diff_interface -- -j4 -l4
