[0.107s] Invoking command in '/home/ubuntu/workspaces/diff_robot/build/diff_interface': CMAKE_PREFIX_PATH=${CMAKE_PREFIX_PATH}:/opt/ros/foxy /usr/bin/cmake --build /home/ubuntu/workspaces/diff_robot/build/diff_interface -- -j4 -l4
[0.315s] [35m[1mScanning dependencies of target diff_interface[0m
[0.498s] [ 20%] [32mBuilding CXX object CMakeFiles/diff_interface.dir/src/motor_control.cpp.o[0m
[0.537s] [ 40%] [32mBuilding CXX object CMakeFiles/diff_interface.dir/src/diffdrive_MyBot.cpp.o[0m
[11.101s] [ 60%] [32m[1mLinking CXX shared library libdiff_interface.so[0m
[12.050s] [100%] Built target diff_interface
[12.090s] Invoked command in '/home/ubuntu/workspaces/diff_robot/build/diff_interface' returned '0': CMAKE_PREFIX_PATH=${CMAKE_PREFIX_PATH}:/opt/ros/foxy /usr/bin/cmake --build /home/ubuntu/workspaces/diff_robot/build/diff_interface -- -j4 -l4
[12.258s] Invoking command in '/home/ubuntu/workspaces/diff_robot/build/diff_interface': CMAKE_PREFIX_PATH=${CMAKE_PREFIX_PATH}:/opt/ros/foxy /usr/bin/cmake --install /home/ubuntu/workspaces/diff_robot/build/diff_interface
[12.289s] -- Install configuration: ""
[12.289s] -- Up-to-date: /home/ubuntu/workspaces/diff_robot/install/diff_interface/share/diff_interface/robot_hardware.xml
[12.290s] -- Installing: /home/ubuntu/workspaces/diff_robot/install/diff_interface/lib/libdiff_interface.so
[12.296s] -- Set runtime path of "/home/ubuntu/workspaces/diff_robot/install/diff_interface/lib/libdiff_interface.so" to ""
[12.297s] -- Up-to-date: /home/ubuntu/workspaces/diff_robot/install/diff_interface/share/diff_interface/controllers
[12.297s] -- Up-to-date: /home/ubuntu/workspaces/diff_robot/install/diff_interface/share/diff_interface/controllers/robot_controller_example.yaml
[12.298s] -- Up-to-date: /home/ubuntu/workspaces/diff_robot/install/diff_interface/share/diff_interface
[12.298s] -- Up-to-date: /home/ubuntu/workspaces/diff_robot/install/diff_interface/share/diff_interface/test_robot.launch.py
[12.299s] -- Up-to-date: /home/ubuntu/workspaces/diff_robot/install/diff_interface/share/diff_interface/environment/library_path.sh
[12.299s] -- Up-to-date: /home/ubuntu/workspaces/diff_robot/install/diff_interface/share/diff_interface/environment/library_path.dsv
[12.299s] -- Up-to-date: /home/ubuntu/workspaces/diff_robot/install/diff_interface/share/ament_index/resource_index/package_run_dependencies/diff_interface
[12.300s] -- Up-to-date: /home/ubuntu/workspaces/diff_robot/install/diff_interface/share/ament_index/resource_index/parent_prefix_path/diff_interface
[12.300s] -- Up-to-date: /home/ubuntu/workspaces/diff_robot/install/diff_interface/share/diff_interface/environment/ament_prefix_path.sh
[12.301s] -- Up-to-date: /home/ubuntu/workspaces/diff_robot/install/diff_interface/share/diff_interface/environment/ament_prefix_path.dsv
[12.301s] -- Up-to-date: /home/ubuntu/workspaces/diff_robot/install/diff_interface/share/diff_interface/environment/path.sh
[12.302s] -- Up-to-date: /home/ubuntu/workspaces/diff_robot/install/diff_interface/share/diff_interface/environment/path.dsv
[12.302s] -- Up-to-date: /home/ubuntu/workspaces/diff_robot/install/diff_interface/share/diff_interface/local_setup.bash
[12.303s] -- Up-to-date: /home/ubuntu/workspaces/diff_robot/install/diff_interface/share/diff_interface/local_setup.sh
[12.303s] -- Up-to-date: /home/ubuntu/workspaces/diff_robot/install/diff_interface/share/diff_interface/local_setup.zsh
[12.303s] -- Up-to-date: /home/ubuntu/workspaces/diff_robot/install/diff_interface/share/diff_interface/local_setup.dsv
[12.304s] -- Installing: /home/ubuntu/workspaces/diff_robot/install/diff_interface/share/diff_interface/package.dsv
[12.304s] -- Up-to-date: /home/ubuntu/workspaces/diff_robot/install/diff_interface/share/ament_index/resource_index/packages/diff_interface
[12.305s] -- Up-to-date: /home/ubuntu/workspaces/diff_robot/install/diff_interface/share/ament_index/resource_index/hardware_interface__pluginlib__plugin/diff_interface
[12.305s] -- Up-to-date: /home/ubuntu/workspaces/diff_robot/install/diff_interface/share/diff_interface/cmake/ament_cmake_export_libraries-extras.cmake
[12.306s] -- Up-to-date: /home/ubuntu/workspaces/diff_robot/install/diff_interface/share/diff_interface/cmake/ament_cmake_export_dependencies-extras.cmake
[12.306s] -- Up-to-date: /home/ubuntu/workspaces/diff_robot/install/diff_interface/share/diff_interface/cmake/diff_interfaceConfig.cmake
[12.307s] -- Up-to-date: /home/ubuntu/workspaces/diff_robot/install/diff_interface/share/diff_interface/cmake/diff_interfaceConfig-version.cmake
[12.307s] -- Up-to-date: /home/ubuntu/workspaces/diff_robot/install/diff_interface/share/diff_interface/package.xml
[12.321s] Invoked command in '/home/ubuntu/workspaces/diff_robot/build/diff_interface' returned '0': CMAKE_PREFIX_PATH=${CMAKE_PREFIX_PATH}:/opt/ros/foxy /usr/bin/cmake --install /home/ubuntu/workspaces/diff_robot/build/diff_interface
