[0.110s] Invoking command in '/home/ubuntu/workspaces/diff_robot/build/diff_interface': CMAKE_PREFIX_PATH=${CMAKE_PREFIX_PATH}:/opt/ros/foxy /usr/bin/cmake --build /home/ubuntu/workspaces/diff_robot/build/diff_interface -- -j4 -l4
[0.305s] [35m[1mScanning dependencies of target diff_interface[0m
[0.484s] [ 20%] [32mBuilding CXX object CMakeFiles/diff_interface.dir/src/motor_control.cpp.o[0m
[5.650s] [01m[K/home/ubuntu/workspaces/diff_robot/src/diff_interface/src/motor_control.cpp:9:18:[m[K [01;31m[Kerror: [m[KISO C++ forbids declaration of ‘[01m[Kcallback1[m[K’ with no type [[01;31m[K-fpermissive[m[K]
[5.650s]     9 | callback1(int way[01;31m[K)[m[K
[5.651s]       |                  [01;31m[K^[m[K
[5.655s] In file included from [01m[K/opt/ros/foxy/include/rclcpp/service.hpp:34[m[K,
[5.655s]                  from [01m[K/opt/ros/foxy/include/rclcpp/callback_group.hpp:25[m[K,
[5.656s]                  from [01m[K/opt/ros/foxy/include/rclcpp/any_executable.hpp:20[m[K,
[5.656s]                  from [01m[K/opt/ros/foxy/include/rclcpp/memory_strategy.hpp:24[m[K,
[5.657s]                  from [01m[K/opt/ros/foxy/include/rclcpp/memory_strategies.hpp:18[m[K,
[5.658s]                  from [01m[K/opt/ros/foxy/include/rclcpp/executor_options.hpp:20[m[K,
[5.658s]                  from [01m[K/opt/ros/foxy/include/rclcpp/executor.hpp:33[m[K,
[5.659s]                  from [01m[K/opt/ros/foxy/include/rclcpp/executors/multi_threaded_executor.hpp:26[m[K,
[5.659s]                  from [01m[K/opt/ros/foxy/include/rclcpp/executors.hpp:21[m[K,
[5.660s]                  from [01m[K/opt/ros/foxy/include/rclcpp/rclcpp.hpp:146[m[K,
[5.660s]                  from [01m[K/home/ubuntu/workspaces/diff_robot/src/diff_interface/include/diff_interface/motor_control.h:6[m[K,
[5.661s]                  from [01m[K/home/ubuntu/workspaces/diff_robot/src/diff_interface/src/motor_control.cpp:1[m[K:
[5.662s] [01m[K/home/ubuntu/workspaces/diff_robot/src/diff_interface/src/motor_control.cpp:[m[K In function ‘[01m[Kint callback1(int)[m[K’:
[5.663s] [01m[K/home/ubuntu/workspaces/diff_robot/src/diff_interface/src/motor_control.cpp:15:16:[m[K [01;31m[Kerror: [m[K‘[01m[Klogger_[m[K’ was not declared in this scope
[5.663s]    15 |    RCLCPP_INFO([01;31m[Klogger_[m[K, "pos1= %i \n", pos);
[5.664s]       |                [01;31m[K^~~~~~~[m[K
[5.664s] [01m[K/home/ubuntu/workspaces/diff_robot/src/diff_interface/src/motor_control.cpp:15:4:[m[K [01;31m[Kerror: [m[Ktemplate argument 1 is invalid
[5.664s]    15 |    [01;31m[KRCLCPP_INFO[m[K(logger_, "pos1= %i \n", pos);
[5.665s]       |    [01;31m[K^~~~~~~~~~~[m[K
[5.665s] [01m[K/home/ubuntu/workspaces/diff_robot/src/diff_interface/src/motor_control.cpp:15:4:[m[K [01;31m[Kerror: [m[Ktemplate argument 1 is invalid
[5.666s]    15 |    [01;31m[KRCLCPP_INFO[m[K(logger_, "pos1= %i \n", pos);
[5.666s]       |    [01;31m[K^~~~~~~~~~~[m[K
[5.667s] [01m[K/home/ubuntu/workspaces/diff_robot/src/diff_interface/src/motor_control.cpp:15:4:[m[K [01;31m[Kerror: [m[Ktemplate argument 1 is invalid
[5.668s]    15 |    [01;31m[KRCLCPP_INFO[m[K(logger_, "pos1= %i \n", pos);
[5.669s]       |    [01;31m[K^~~~~~~~~~~[m[K
[5.670s] [01m[K/home/ubuntu/workspaces/diff_robot/src/diff_interface/src/motor_control.cpp:16:1:[m[K [01;35m[Kwarning: [m[Kno return statement in function returning non-void [[01;35m[K-Wreturn-type[m[K]
[5.671s]    16 | [01;35m[K}[m[K
[5.671s]       | [01;35m[K^[m[K
[5.672s] [01m[K/home/ubuntu/workspaces/diff_robot/src/diff_interface/src/motor_control.cpp:[m[K At global scope:
[5.672s] [01m[K/home/ubuntu/workspaces/diff_robot/src/diff_interface/src/motor_control.cpp:18:18:[m[K [01;31m[Kerror: [m[KISO C++ forbids declaration of ‘[01m[Kcallback2[m[K’ with no type [[01;31m[K-fpermissive[m[K]
[5.673s]    18 | callback2(int way[01;31m[K)[m[K
[5.674s]       |                  [01;31m[K^[m[K
[5.674s] In file included from [01m[K/opt/ros/foxy/include/rclcpp/service.hpp:34[m[K,
[5.674s]                  from [01m[K/opt/ros/foxy/include/rclcpp/callback_group.hpp:25[m[K,
[5.675s]                  from [01m[K/opt/ros/foxy/include/rclcpp/any_executable.hpp:20[m[K,
[5.675s]                  from [01m[K/opt/ros/foxy/include/rclcpp/memory_strategy.hpp:24[m[K,
[5.676s]                  from [01m[K/opt/ros/foxy/include/rclcpp/memory_strategies.hpp:18[m[K,
[5.676s]                  from [01m[K/opt/ros/foxy/include/rclcpp/executor_options.hpp:20[m[K,
[5.677s]                  from [01m[K/opt/ros/foxy/include/rclcpp/executor.hpp:33[m[K,
[5.677s]                  from [01m[K/opt/ros/foxy/include/rclcpp/executors/multi_threaded_executor.hpp:26[m[K,
[5.678s]                  from [01m[K/opt/ros/foxy/include/rclcpp/executors.hpp:21[m[K,
[5.678s]                  from [01m[K/opt/ros/foxy/include/rclcpp/rclcpp.hpp:146[m[K,
[5.679s]                  from [01m[K/home/ubuntu/workspaces/diff_robot/src/diff_interface/include/diff_interface/motor_control.h:6[m[K,
[5.679s]                  from [01m[K/home/ubuntu/workspaces/diff_robot/src/diff_interface/src/motor_control.cpp:1[m[K:
[5.680s] [01m[K/home/ubuntu/workspaces/diff_robot/src/diff_interface/src/motor_control.cpp:[m[K In function ‘[01m[Kint callback2(int)[m[K’:
[5.680s] [01m[K/home/ubuntu/workspaces/diff_robot/src/diff_interface/src/motor_control.cpp:24:16:[m[K [01;31m[Kerror: [m[K‘[01m[Klogger_[m[K’ was not declared in this scope
[5.680s]    24 |    RCLCPP_INFO([01;31m[Klogger_[m[K, "pos2= %i \n", pos);
[5.681s]       |                [01;31m[K^~~~~~~[m[K
[5.681s] [01m[K/home/ubuntu/workspaces/diff_robot/src/diff_interface/src/motor_control.cpp:24:4:[m[K [01;31m[Kerror: [m[Ktemplate argument 1 is invalid
[5.682s]    24 |    [01;31m[KRCLCPP_INFO[m[K(logger_, "pos2= %i \n", pos);
[5.682s]       |    [01;31m[K^~~~~~~~~~~[m[K
[5.683s] [01m[K/home/ubuntu/workspaces/diff_robot/src/diff_interface/src/motor_control.cpp:24:4:[m[K [01;31m[Kerror: [m[Ktemplate argument 1 is invalid
[5.683s]    24 |    [01;31m[KRCLCPP_INFO[m[K(logger_, "pos2= %i \n", pos);
[5.684s]       |    [01;31m[K^~~~~~~~~~~[m[K
[5.684s] [01m[K/home/ubuntu/workspaces/diff_robot/src/diff_interface/src/motor_control.cpp:24:4:[m[K [01;31m[Kerror: [m[Ktemplate argument 1 is invalid
[5.684s]    24 |    [01;31m[KRCLCPP_INFO[m[K(logger_, "pos2= %i \n", pos);
[5.685s]       |    [01;31m[K^~~~~~~~~~~[m[K
[5.685s] [01m[K/home/ubuntu/workspaces/diff_robot/src/diff_interface/src/motor_control.cpp:25:1:[m[K [01;35m[Kwarning: [m[Kno return statement in function returning non-void [[01;35m[K-Wreturn-type[m[K]
[5.686s]    25 | [01;35m[K}[m[K
[5.686s]       | [01;35m[K^[m[K
[5.686s] [01m[K/home/ubuntu/workspaces/diff_robot/src/diff_interface/src/motor_control.cpp:[m[K In member function ‘[01m[Kint motor_control::start_encoders()[m[K’:
[5.687s] [01m[K/home/ubuntu/workspaces/diff_robot/src/diff_interface/src/motor_control.cpp:34:33:[m[K [01;31m[Kerror: [m[Kinvalid conversion from ‘[01m[Kint (*)(int)[m[K’ to ‘[01m[Kre_decoderCB_t[m[K’ {aka ‘[01m[Kvoid (*)(int)[m[K’} [[01;31m[K-fpermissive[m[K]
[5.687s]    34 |     dec1 = new re_decoder(7, 8, [01;31m[Kcallback1[m[K);
[5.688s]       |                                 [01;31m[K^~~~~~~~~[m[K
[5.688s]       |                                 [01;31m[K|[m[K
[5.688s]       |                                 [01;31m[Kint (*)(int)[m[K
[5.689s] In file included from [01m[K/home/ubuntu/workspaces/diff_robot/src/diff_interface/include/diff_interface/motor_control.h:4[m[K,
[5.689s]                  from [01m[K/home/ubuntu/workspaces/diff_robot/src/diff_interface/src/motor_control.cpp:1[m[K:
[5.690s] [01m[K/home/ubuntu/workspaces/diff_robot/src/diff_interface/include/diff_interface/rotary_encoder.hpp:22:52:[m[K [01;36m[Knote: [m[K  initializing argument 3 of ‘[01m[Kre_decoder::re_decoder(int, int, re_decoderCB_t)[m[K’
[5.690s]    22 |    re_decoder(int gpioA, int gpioB, [01;36m[Kre_decoderCB_t callback[m[K);
[5.690s]       |                                     [01;36m[K~~~~~~~~~~~~~~~^~~~~~~~[m[K
[5.691s] [01m[K/home/ubuntu/workspaces/diff_robot/src/diff_interface/src/motor_control.cpp:35:35:[m[K [01;31m[Kerror: [m[Kinvalid conversion from ‘[01m[Kint (*)(int)[m[K’ to ‘[01m[Kre_decoderCB_t[m[K’ {aka ‘[01m[Kvoid (*)(int)[m[K’} [[01;31m[K-fpermissive[m[K]
[5.691s]    35 |     dec2 = new re_decoder(17, 18, [01;31m[Kcallback2[m[K);
[5.692s]       |                                   [01;31m[K^~~~~~~~~[m[K
[5.692s]       |                                   [01;31m[K|[m[K
[5.693s]       |                                   [01;31m[Kint (*)(int)[m[K
[5.693s] In file included from [01m[K/home/ubuntu/workspaces/diff_robot/src/diff_interface/include/diff_interface/motor_control.h:4[m[K,
[5.694s]                  from [01m[K/home/ubuntu/workspaces/diff_robot/src/diff_interface/src/motor_control.cpp:1[m[K:
[5.694s] [01m[K/home/ubuntu/workspaces/diff_robot/src/diff_interface/include/diff_interface/rotary_encoder.hpp:22:52:[m[K [01;36m[Knote: [m[K  initializing argument 3 of ‘[01m[Kre_decoder::re_decoder(int, int, re_decoderCB_t)[m[K’
[5.695s]    22 |    re_decoder(int gpioA, int gpioB, [01;36m[Kre_decoderCB_t callback[m[K);
[5.696s]       |                                     [01;36m[K~~~~~~~~~~~~~~~^~~~~~~~[m[K
[6.956s] make[2]: *** [CMakeFiles/diff_interface.dir/build.make:89: CMakeFiles/diff_interface.dir/src/motor_control.cpp.o] Error 1
[6.957s] make[1]: *** [CMakeFiles/Makefile2:78: CMakeFiles/diff_interface.dir/all] Error 2
[6.957s] make: *** [Makefile:141: all] Error 2
[6.963s] Invoked command in '/home/ubuntu/workspaces/diff_robot/build/diff_interface' returned '2': CMAKE_PREFIX_PATH=${CMAKE_PREFIX_PATH}:/opt/ros/foxy /usr/bin/cmake --build /home/ubuntu/workspaces/diff_robot/build/diff_interface -- -j4 -l4
