[35m[1mScanning dependencies of target diff_interface[0m
[ 20%] [32mBuilding CXX object CMakeFiles/diff_interface.dir/src/diffdrive_MyBot.cpp.o[0m
[ 40%] [32mBuilding CXX object CMakeFiles/diff_interface.dir/src/motor_control.cpp.o[0m
[ 60%] [32mBuilding CXX object CMakeFiles/diff_interface.dir/src/rotary_encoder.cpp.o[0m
[01m[K/home/ubuntu/workspaces/diff_robot/src/diff_interface/src/rotary_encoder.cpp:5:10:[m[K [01;31m[Kfatal error: [m[Krotary_encoder.hpp: No such file or directory
    5 | #include [01;31m[K"rotary_encoder.hpp"[m[K
      |          [01;31m[K^~~~~~~~~~~~~~~~~~~~[m[K
compilation terminated.
make[2]: *** [CMakeFiles/diff_interface.dir/build.make:102: CMakeFiles/diff_interface.dir/src/rotary_encoder.cpp.o] Error 1
make[2]: *** Waiting for unfinished jobs....
In file included from [01m[K/opt/ros/foxy/include/rclcpp/client.hpp:40[m[K,
                 from [01m[K/opt/ros/foxy/include/rclcpp/callback_group.hpp:23[m[K,
                 from [01m[K/opt/ros/foxy/include/rclcpp/any_executable.hpp:20[m[K,
                 from [01m[K/opt/ros/foxy/include/rclcpp/memory_strategy.hpp:24[m[K,
                 from [01m[K/opt/ros/foxy/include/rclcpp/memory_strategies.hpp:18[m[K,
                 from [01m[K/opt/ros/foxy/include/rclcpp/executor_options.hpp:20[m[K,
                 from [01m[K/opt/ros/foxy/include/rclcpp/executor.hpp:33[m[K,
                 from [01m[K/opt/ros/foxy/include/rclcpp/executors/multi_threaded_executor.hpp:26[m[K,
                 from [01m[K/opt/ros/foxy/include/rclcpp/executors.hpp:21[m[K,
                 from [01m[K/opt/ros/foxy/include/rclcpp/rclcpp.hpp:146[m[K,
                 from [01m[K/home/ubuntu/workspaces/diff_robot/src/diff_interface/include/diff_interface/motor_control.h:6[m[K,
                 from [01m[K/home/ubuntu/workspaces/diff_robot/src/diff_interface/src/motor_control.cpp:1[m[K:
[01m[K/home/ubuntu/workspaces/diff_robot/src/diff_interface/src/motor_control.cpp:[m[K In member function ‘[01m[Kvoid motor_control::callback1(int)[m[K’:
[01m[K/home/ubuntu/workspaces/diff_robot/src/diff_interface/src/motor_control.cpp:15:26:[m[K [01;35m[Kwarning: [m[Kleft operand of comma operator has no effect [[01;35m[K-Wunused-value[m[K]
   15 |    RCLCPP_INFO(logger_, ([01;35m[K"pos1= %i \n"[m[K, (pos) ));
      |                          [01;35m[K^~~~~~~~~~~~~[m[K
[01m[K/home/ubuntu/workspaces/diff_robot/src/diff_interface/src/motor_control.cpp:15:39:[m[K [01;31m[Kerror: [m[Kinvalid conversion from ‘[01m[Kint[m[K’ to ‘[01m[Kconst char*[m[K’ [[01;31m[K-fpermissive[m[K]
   15 |    RCLCPP_INFO(logger_, [01;31m[K("pos1= %i \n", (pos) )[m[K);
      |                         [01;31m[K~~~~~~~~~~~~~~^~~~~~~~~[m[K
      |                                       [01;31m[K|[m[K
      |                                       [01;31m[Kint[m[K
In file included from [01m[K/opt/ros/foxy/include/rclcpp/client.hpp:36[m[K,
                 from [01m[K/opt/ros/foxy/include/rclcpp/callback_group.hpp:23[m[K,
                 from [01m[K/opt/ros/foxy/include/rclcpp/any_executable.hpp:20[m[K,
                 from [01m[K/opt/ros/foxy/include/rclcpp/memory_strategy.hpp:24[m[K,
                 from [01m[K/opt/ros/foxy/include/rclcpp/memory_strategies.hpp:18[m[K,
                 from [01m[K/opt/ros/foxy/include/rclcpp/executor_options.hpp:20[m[K,
                 from [01m[K/opt/ros/foxy/include/rclcpp/executor.hpp:33[m[K,
                 from [01m[K/opt/ros/foxy/include/rclcpp/executors/multi_threaded_executor.hpp:26[m[K,
                 from [01m[K/opt/ros/foxy/include/rclcpp/executors.hpp:21[m[K,
                 from [01m[K/opt/ros/foxy/include/rclcpp/rclcpp.hpp:146[m[K,
                 from [01m[K/home/ubuntu/workspaces/diff_robot/src/diff_interface/include/diff_interface/motor_control.h:6[m[K,
                 from [01m[K/home/ubuntu/workspaces/diff_robot/src/diff_interface/src/motor_control.cpp:1[m[K:
[01m[K/opt/ros/foxy/include/rclcpp/utilities.hpp:296:27:[m[K [01;36m[Knote: [m[K  initializing argument 1 of ‘[01m[Kconst char* rclcpp::get_c_string(const char*)[m[K’
  296 | get_c_string([01;36m[Kconst char * string_in[m[K);
      |              [01;36m[K~~~~~~~~~~~~~^~~~~~~~~[m[K
In file included from [01m[K/opt/ros/foxy/include/rclcpp/client.hpp:40[m[K,
                 from [01m[K/opt/ros/foxy/include/rclcpp/callback_group.hpp:23[m[K,
                 from [01m[K/opt/ros/foxy/include/rclcpp/any_executable.hpp:20[m[K,
                 from [01m[K/opt/ros/foxy/include/rclcpp/memory_strategy.hpp:24[m[K,
                 from [01m[K/opt/ros/foxy/include/rclcpp/memory_strategies.hpp:18[m[K,
                 from [01m[K/opt/ros/foxy/include/rclcpp/executor_options.hpp:20[m[K,
                 from [01m[K/opt/ros/foxy/include/rclcpp/executor.hpp:33[m[K,
                 from [01m[K/opt/ros/foxy/include/rclcpp/executors/multi_threaded_executor.hpp:26[m[K,
                 from [01m[K/opt/ros/foxy/include/rclcpp/executors.hpp:21[m[K,
                 from [01m[K/opt/ros/foxy/include/rclcpp/rclcpp.hpp:146[m[K,
                 from [01m[K/home/ubuntu/workspaces/diff_robot/src/diff_interface/include/diff_interface/motor_control.h:6[m[K,
                 from [01m[K/home/ubuntu/workspaces/diff_robot/src/diff_interface/src/motor_control.cpp:1[m[K:
[01m[K/home/ubuntu/workspaces/diff_robot/src/diff_interface/src/motor_control.cpp:[m[K In member function ‘[01m[Kvoid motor_control::callback2(int)[m[K’:
[01m[K/home/ubuntu/workspaces/diff_robot/src/diff_interface/src/motor_control.cpp:24:26:[m[K [01;35m[Kwarning: [m[Kleft operand of comma operator has no effect [[01;35m[K-Wunused-value[m[K]
   24 |    RCLCPP_INFO(logger_, ([01;35m[K"pos2= %i \n"[m[K, (pos) ));
      |                          [01;35m[K^~~~~~~~~~~~~[m[K
[01m[K/home/ubuntu/workspaces/diff_robot/src/diff_interface/src/motor_control.cpp:24:39:[m[K [01;31m[Kerror: [m[Kinvalid conversion from ‘[01m[Kint[m[K’ to ‘[01m[Kconst char*[m[K’ [[01;31m[K-fpermissive[m[K]
   24 |    RCLCPP_INFO(logger_, [01;31m[K("pos2= %i \n", (pos) )[m[K);
      |                         [01;31m[K~~~~~~~~~~~~~~^~~~~~~~~[m[K
      |                                       [01;31m[K|[m[K
      |                                       [01;31m[Kint[m[K
In file included from [01m[K/opt/ros/foxy/include/rclcpp/client.hpp:36[m[K,
                 from [01m[K/opt/ros/foxy/include/rclcpp/callback_group.hpp:23[m[K,
                 from [01m[K/opt/ros/foxy/include/rclcpp/any_executable.hpp:20[m[K,
                 from [01m[K/opt/ros/foxy/include/rclcpp/memory_strategy.hpp:24[m[K,
                 from [01m[K/opt/ros/foxy/include/rclcpp/memory_strategies.hpp:18[m[K,
                 from [01m[K/opt/ros/foxy/include/rclcpp/executor_options.hpp:20[m[K,
                 from [01m[K/opt/ros/foxy/include/rclcpp/executor.hpp:33[m[K,
                 from [01m[K/opt/ros/foxy/include/rclcpp/executors/multi_threaded_executor.hpp:26[m[K,
                 from [01m[K/opt/ros/foxy/include/rclcpp/executors.hpp:21[m[K,
                 from [01m[K/opt/ros/foxy/include/rclcpp/rclcpp.hpp:146[m[K,
                 from [01m[K/home/ubuntu/workspaces/diff_robot/src/diff_interface/include/diff_interface/motor_control.h:6[m[K,
                 from [01m[K/home/ubuntu/workspaces/diff_robot/src/diff_interface/src/motor_control.cpp:1[m[K:
[01m[K/opt/ros/foxy/include/rclcpp/utilities.hpp:296:27:[m[K [01;36m[Knote: [m[K  initializing argument 1 of ‘[01m[Kconst char* rclcpp::get_c_string(const char*)[m[K’
  296 | get_c_string([01;36m[Kconst char * string_in[m[K);
      |              [01;36m[K~~~~~~~~~~~~~^~~~~~~~~[m[K
[01m[K/home/ubuntu/workspaces/diff_robot/src/diff_interface/src/motor_control.cpp:[m[K In member function ‘[01m[Kint motor_control::start_encoders()[m[K’:
[01m[K/home/ubuntu/workspaces/diff_robot/src/diff_interface/src/motor_control.cpp:34:50:[m[K [01;31m[Kerror: [m[Krequest for member ‘[01m[Kcallback1[m[K’ in ‘[01m[K(motor_control*)this[m[K’, which is of pointer type ‘[01m[Kmotor_control*[m[K’ (maybe you meant to use ‘[01m[K->[m[K’ ?)
   34 |     re_decoder *dec1 = new re_decoder(7, 8, this.[01;31m[Kcallback1[m[K);
      |                                                  [01;31m[K^~~~~~~~~[m[K
[01m[K/home/ubuntu/workspaces/diff_robot/src/diff_interface/src/motor_control.cpp:35:52:[m[K [01;31m[Kerror: [m[Krequest for member ‘[01m[Kcallback2[m[K’ in ‘[01m[K(motor_control*)this[m[K’, which is of pointer type ‘[01m[Kmotor_control*[m[K’ (maybe you meant to use ‘[01m[K->[m[K’ ?)
   35 |     re_decoder *dec2 = new re_decoder(17, 18, this.[01;31m[Kcallback2[m[K);
      |                                                    [01;31m[K^~~~~~~~~[m[K
[01m[K/home/ubuntu/workspaces/diff_robot/src/diff_interface/src/motor_control.cpp:34:17:[m[K [01;35m[Kwarning: [m[Kunused variable ‘[01m[Kdec1[m[K’ [[01;35m[K-Wunused-variable[m[K]
   34 |     re_decoder *[01;35m[Kdec1[m[K = new re_decoder(7, 8, this.callback1);
      |                 [01;35m[K^~~~[m[K
[01m[K/home/ubuntu/workspaces/diff_robot/src/diff_interface/src/motor_control.cpp:35:17:[m[K [01;35m[Kwarning: [m[Kunused variable ‘[01m[Kdec2[m[K’ [[01;35m[K-Wunused-variable[m[K]
   35 |     re_decoder *[01;35m[Kdec2[m[K = new re_decoder(17, 18, this.callback2);
      |                 [01;35m[K^~~~[m[K
[01m[K/home/ubuntu/workspaces/diff_robot/src/diff_interface/src/diffdrive_MyBot.cpp:[m[K In member function ‘[01m[Kvirtual hardware_interface::return_type DiffDriveMyBot::configure(const hardware_interface::HardwareInfo&)[m[K’:
[01m[K/home/ubuntu/workspaces/diff_robot/src/diff_interface/src/diffdrive_MyBot.cpp:33:5:[m[K [01;31m[Kerror: [m[K‘[01m[Kstop_encoders[m[K’ was not declared in this scope
   33 |     [01;31m[Kstop_encoders[m[K();
      |     [01;31m[K^~~~~~~~~~~~~[m[K
make[2]: *** [CMakeFiles/diff_interface.dir/build.make:89: CMakeFiles/diff_interface.dir/src/motor_control.cpp.o] Error 1
make[2]: *** [CMakeFiles/diff_interface.dir/build.make:63: CMakeFiles/diff_interface.dir/src/diffdrive_MyBot.cpp.o] Error 1
make[1]: *** [CMakeFiles/Makefile2:78: CMakeFiles/diff_interface.dir/all] Error 2
make: *** [Makefile:141: all] Error 2
