[1.241s] DEBUG:colcon:Command line arguments: ['/usr/bin/colcon', 'build']
[1.241s] DEBUG:colcon:Parsed command line arguments: Namespace(allow_overriding=[], ament_cmake_args=None, base_paths=['.'], build_base='build', catkin_cmake_args=None, catkin_skip_building_tests=False, cmake_args=None, cmake_clean_cache=False, cmake_clean_first=False, cmake_force_configure=False, cmake_target=None, cmake_target_skip_unavailable=False, continue_on_error=False, event_handlers=None, executor='parallel', ignore_user_meta=False, install_base='install', log_base=None, log_level=None, main=<bound method BuildVerb.main of <colcon_core.verb.build.BuildVerb object at 0xffffb802e940>>, merge_install=False, metas=['./colcon.meta'], packages_above=None, packages_above_and_dependencies=None, packages_above_depth=None, packages_end=None, packages_ignore=None, packages_ignore_regex=None, packages_select=None, packages_select_build_failed=False, packages_select_by_dep=None, packages_select_regex=None, packages_select_test_failures=False, packages_skip=None, packages_skip_build_finished=False, packages_skip_by_dep=None, packages_skip_regex=None, packages_skip_test_passed=False, packages_skip_up_to=None, packages_start=None, packages_up_to=None, packages_up_to_regex=None, parallel_workers=4, paths=None, symlink_install=False, test_result_base=None, verb_extension=<colcon_core.verb.build.BuildVerb object at 0xffffb802e940>, verb_name='build', verb_parser=<colcon_defaults.argument_parser.defaults.DefaultArgumentsDecorator object at 0xffffb802eeb0>)
[1.343s] Level 1:colcon.colcon_core.package_discovery:discover_packages(colcon_meta) check parameters
[1.343s] Level 1:colcon.colcon_core.package_discovery:discover_packages(recursive) check parameters
[1.343s] Level 1:colcon.colcon_core.package_discovery:discover_packages(ignore) check parameters
[1.344s] Level 1:colcon.colcon_core.package_discovery:discover_packages(path) check parameters
[1.344s] Level 1:colcon.colcon_core.package_discovery:discover_packages(colcon_meta) discover
[1.344s] Level 1:colcon.colcon_core.package_discovery:discover_packages(recursive) discover
[1.345s] INFO:colcon.colcon_core.package_discovery:Crawling recursively for packages in '/home/ubuntu/workspaces/diff_robot'
[1.345s] Level 1:colcon.colcon_core.package_identification:_identify(.) by extensions ['ignore', 'ignore_ament_install']
[1.346s] Level 1:colcon.colcon_core.package_identification:_identify(.) by extension 'ignore'
[1.347s] Level 1:colcon.colcon_core.package_identification:_identify(.) by extension 'ignore_ament_install'
[1.347s] Level 1:colcon.colcon_core.package_identification:_identify(.) by extensions ['colcon_pkg']
[1.347s] Level 1:colcon.colcon_core.package_identification:_identify(.) by extension 'colcon_pkg'
[1.347s] Level 1:colcon.colcon_core.package_identification:_identify(.) by extensions ['colcon_meta']
[1.348s] Level 1:colcon.colcon_core.package_identification:_identify(.) by extension 'colcon_meta'
[1.348s] Level 1:colcon.colcon_core.package_identification:_identify(.) by extensions ['ros']
[1.348s] Level 1:colcon.colcon_core.package_identification:_identify(.) by extension 'ros'
[1.420s] Level 1:colcon.colcon_core.package_identification:_identify(.) by extensions ['cmake', 'python']
[1.420s] Level 1:colcon.colcon_core.package_identification:_identify(.) by extension 'cmake'
[1.421s] Level 1:colcon.colcon_core.package_identification:_identify(.) by extension 'python'
[1.421s] Level 1:colcon.colcon_core.package_identification:_identify(.) by extensions ['python_setup_py']
[1.421s] Level 1:colcon.colcon_core.package_identification:_identify(.) by extension 'python_setup_py'
[1.421s] Level 1:colcon.colcon_core.package_identification:_identify(build) by extensions ['ignore', 'ignore_ament_install']
[1.422s] Level 1:colcon.colcon_core.package_identification:_identify(build) by extension 'ignore'
[1.422s] Level 1:colcon.colcon_core.package_identification:_identify(build) ignored
[1.423s] Level 1:colcon.colcon_core.package_identification:_identify(install) by extensions ['ignore', 'ignore_ament_install']
[1.423s] Level 1:colcon.colcon_core.package_identification:_identify(install) by extension 'ignore'
[1.423s] Level 1:colcon.colcon_core.package_identification:_identify(install) ignored
[1.425s] Level 1:colcon.colcon_core.package_identification:_identify(log) by extensions ['ignore', 'ignore_ament_install']
[1.425s] Level 1:colcon.colcon_core.package_identification:_identify(log) by extension 'ignore'
[1.425s] Level 1:colcon.colcon_core.package_identification:_identify(log) ignored
[1.426s] Level 1:colcon.colcon_core.package_identification:_identify(src) by extensions ['ignore', 'ignore_ament_install']
[1.426s] Level 1:colcon.colcon_core.package_identification:_identify(src) by extension 'ignore'
[1.426s] Level 1:colcon.colcon_core.package_identification:_identify(src) by extension 'ignore_ament_install'
[1.426s] Level 1:colcon.colcon_core.package_identification:_identify(src) by extensions ['colcon_pkg']
[1.426s] Level 1:colcon.colcon_core.package_identification:_identify(src) by extension 'colcon_pkg'
[1.427s] Level 1:colcon.colcon_core.package_identification:_identify(src) by extensions ['colcon_meta']
[1.427s] Level 1:colcon.colcon_core.package_identification:_identify(src) by extension 'colcon_meta'
[1.427s] Level 1:colcon.colcon_core.package_identification:_identify(src) by extensions ['ros']
[1.427s] Level 1:colcon.colcon_core.package_identification:_identify(src) by extension 'ros'
[1.427s] Level 1:colcon.colcon_core.package_identification:_identify(src) by extensions ['cmake', 'python']
[1.428s] Level 1:colcon.colcon_core.package_identification:_identify(src) by extension 'cmake'
[1.428s] Level 1:colcon.colcon_core.package_identification:_identify(src) by extension 'python'
[1.428s] Level 1:colcon.colcon_core.package_identification:_identify(src) by extensions ['python_setup_py']
[1.428s] Level 1:colcon.colcon_core.package_identification:_identify(src) by extension 'python_setup_py'
[1.429s] Level 1:colcon.colcon_core.package_identification:_identify(src/diff_interface) by extensions ['ignore', 'ignore_ament_install']
[1.429s] Level 1:colcon.colcon_core.package_identification:_identify(src/diff_interface) by extension 'ignore'
[1.429s] Level 1:colcon.colcon_core.package_identification:_identify(src/diff_interface) by extension 'ignore_ament_install'
[1.429s] Level 1:colcon.colcon_core.package_identification:_identify(src/diff_interface) by extensions ['colcon_pkg']
[1.430s] Level 1:colcon.colcon_core.package_identification:_identify(src/diff_interface) by extension 'colcon_pkg'
[1.430s] Level 1:colcon.colcon_core.package_identification:_identify(src/diff_interface) by extensions ['colcon_meta']
[1.430s] Level 1:colcon.colcon_core.package_identification:_identify(src/diff_interface) by extension 'colcon_meta'
[1.430s] Level 1:colcon.colcon_core.package_identification:_identify(src/diff_interface) by extensions ['ros']
[1.430s] Level 1:colcon.colcon_core.package_identification:_identify(src/diff_interface) by extension 'ros'
[1.439s] DEBUG:colcon.colcon_core.package_identification:Package 'src/diff_interface' with type 'ros.ament_cmake' and name 'diff_interface'
[1.440s] Level 1:colcon.colcon_core.package_identification:_identify(src/my_bot) by extensions ['ignore', 'ignore_ament_install']
[1.440s] Level 1:colcon.colcon_core.package_identification:_identify(src/my_bot) by extension 'ignore'
[1.441s] Level 1:colcon.colcon_core.package_identification:_identify(src/my_bot) by extension 'ignore_ament_install'
[1.441s] Level 1:colcon.colcon_core.package_identification:_identify(src/my_bot) by extensions ['colcon_pkg']
[1.441s] Level 1:colcon.colcon_core.package_identification:_identify(src/my_bot) by extension 'colcon_pkg'
[1.441s] Level 1:colcon.colcon_core.package_identification:_identify(src/my_bot) by extensions ['colcon_meta']
[1.441s] Level 1:colcon.colcon_core.package_identification:_identify(src/my_bot) by extension 'colcon_meta'
[1.442s] Level 1:colcon.colcon_core.package_identification:_identify(src/my_bot) by extensions ['ros']
[1.442s] Level 1:colcon.colcon_core.package_identification:_identify(src/my_bot) by extension 'ros'
[1.444s] DEBUG:colcon.colcon_core.package_identification:Package 'src/my_bot' with type 'ros.ament_cmake' and name 'my_bot'
[1.444s] Level 1:colcon.colcon_core.package_discovery:discover_packages(recursive) using defaults
[1.444s] Level 1:colcon.colcon_core.package_discovery:discover_packages(ignore) discover
[1.444s] Level 1:colcon.colcon_core.package_discovery:discover_packages(ignore) using defaults
[1.444s] Level 1:colcon.colcon_core.package_discovery:discover_packages(path) discover
[1.444s] Level 1:colcon.colcon_core.package_discovery:discover_packages(path) using defaults
[1.528s] Level 1:colcon.colcon_core.package_discovery:discover_packages(prefix_path) check parameters
[1.529s] Level 1:colcon.colcon_core.package_discovery:discover_packages(prefix_path) discover
[1.540s] DEBUG:colcon.colcon_installed_package_information.package_discovery:Found 2 installed packages in /home/ubuntu/workspaces/diff_robot/install
[1.551s] DEBUG:colcon.colcon_installed_package_information.package_discovery:Found 283 installed packages in /opt/ros/foxy
[1.558s] Level 1:colcon.colcon_core.package_discovery:discover_packages(prefix_path) using defaults
[1.857s] Level 5:colcon.colcon_core.verb:set package 'diff_interface' build argument 'cmake_args' from command line to 'None'
[1.857s] Level 5:colcon.colcon_core.verb:set package 'diff_interface' build argument 'cmake_target' from command line to 'None'
[1.857s] Level 5:colcon.colcon_core.verb:set package 'diff_interface' build argument 'cmake_target_skip_unavailable' from command line to 'False'
[1.858s] Level 5:colcon.colcon_core.verb:set package 'diff_interface' build argument 'cmake_clean_cache' from command line to 'False'
[1.858s] Level 5:colcon.colcon_core.verb:set package 'diff_interface' build argument 'cmake_clean_first' from command line to 'False'
[1.858s] Level 5:colcon.colcon_core.verb:set package 'diff_interface' build argument 'cmake_force_configure' from command line to 'False'
[1.858s] Level 5:colcon.colcon_core.verb:set package 'diff_interface' build argument 'ament_cmake_args' from command line to 'None'
[1.858s] Level 5:colcon.colcon_core.verb:set package 'diff_interface' build argument 'catkin_cmake_args' from command line to 'None'
[1.858s] Level 5:colcon.colcon_core.verb:set package 'diff_interface' build argument 'catkin_skip_building_tests' from command line to 'False'
[1.858s] DEBUG:colcon.colcon_core.verb:Building package 'diff_interface' with the following arguments: {'ament_cmake_args': None, 'build_base': '/home/ubuntu/workspaces/diff_robot/build/diff_interface', 'catkin_cmake_args': None, 'catkin_skip_building_tests': False, 'cmake_args': None, 'cmake_clean_cache': False, 'cmake_clean_first': False, 'cmake_force_configure': False, 'cmake_target': None, 'cmake_target_skip_unavailable': False, 'install_base': '/home/ubuntu/workspaces/diff_robot/install/diff_interface', 'merge_install': False, 'path': '/home/ubuntu/workspaces/diff_robot/src/diff_interface', 'symlink_install': False, 'test_result_base': None}
[1.862s] Level 5:colcon.colcon_core.verb:set package 'my_bot' build argument 'cmake_args' from command line to 'None'
[1.863s] Level 5:colcon.colcon_core.verb:set package 'my_bot' build argument 'cmake_target' from command line to 'None'
[1.863s] Level 5:colcon.colcon_core.verb:set package 'my_bot' build argument 'cmake_target_skip_unavailable' from command line to 'False'
[1.863s] Level 5:colcon.colcon_core.verb:set package 'my_bot' build argument 'cmake_clean_cache' from command line to 'False'
[1.863s] Level 5:colcon.colcon_core.verb:set package 'my_bot' build argument 'cmake_clean_first' from command line to 'False'
[1.863s] Level 5:colcon.colcon_core.verb:set package 'my_bot' build argument 'cmake_force_configure' from command line to 'False'
[1.863s] Level 5:colcon.colcon_core.verb:set package 'my_bot' build argument 'ament_cmake_args' from command line to 'None'
[1.863s] Level 5:colcon.colcon_core.verb:set package 'my_bot' build argument 'catkin_cmake_args' from command line to 'None'
[1.863s] Level 5:colcon.colcon_core.verb:set package 'my_bot' build argument 'catkin_skip_building_tests' from command line to 'False'
[1.864s] DEBUG:colcon.colcon_core.verb:Building package 'my_bot' with the following arguments: {'ament_cmake_args': None, 'build_base': '/home/ubuntu/workspaces/diff_robot/build/my_bot', 'catkin_cmake_args': None, 'catkin_skip_building_tests': False, 'cmake_args': None, 'cmake_clean_cache': False, 'cmake_clean_first': False, 'cmake_force_configure': False, 'cmake_target': None, 'cmake_target_skip_unavailable': False, 'install_base': '/home/ubuntu/workspaces/diff_robot/install/my_bot', 'merge_install': False, 'path': '/home/ubuntu/workspaces/diff_robot/src/my_bot', 'symlink_install': False, 'test_result_base': None}
[1.866s] INFO:colcon.colcon_core.executor:Executing jobs using 'parallel' executor
[1.879s] DEBUG:colcon.colcon_parallel_executor.executor.parallel:run_until_complete
[1.881s] INFO:colcon.colcon_ros.task.ament_cmake.build:Building ROS package in '/home/ubuntu/workspaces/diff_robot/src/diff_interface' with build type 'ament_cmake'
[1.881s] INFO:colcon.colcon_cmake.task.cmake.build:Building CMake package in '/home/ubuntu/workspaces/diff_robot/src/diff_interface'
[1.898s] INFO:colcon.colcon_core.plugin_system:Skipping extension 'colcon_core.shell.bat': Not used on non-Windows systems
[1.899s] INFO:colcon.colcon_core.shell:Skip shell extension 'powershell' for command environment: Not usable outside of PowerShell
[1.899s] DEBUG:colcon.colcon_core.shell:Skip shell extension 'dsv' for command environment
[1.925s] INFO:colcon.colcon_ros.task.ament_cmake.build:Building ROS package in '/home/ubuntu/workspaces/diff_robot/src/my_bot' with build type 'ament_cmake'
[1.927s] INFO:colcon.colcon_cmake.task.cmake.build:Building CMake package in '/home/ubuntu/workspaces/diff_robot/src/my_bot'
[1.933s] INFO:colcon.colcon_core.shell:Skip shell extension 'powershell' for command environment: Not usable outside of PowerShell
[1.934s] DEBUG:colcon.colcon_core.shell:Skip shell extension 'dsv' for command environment
[1.980s] DEBUG:colcon.colcon_core.event_handler.log_command:Invoking command in '/home/ubuntu/workspaces/diff_robot/build/diff_interface': CMAKE_PREFIX_PATH=${CMAKE_PREFIX_PATH}:/opt/ros/foxy /usr/bin/cmake --build /home/ubuntu/workspaces/diff_robot/build/diff_interface -- -j4 -l4
[2.016s] DEBUG:colcon.colcon_core.event_handler.log_command:Invoking command in '/home/ubuntu/workspaces/diff_robot/build/my_bot': CMAKE_PREFIX_PATH=${CMAKE_PREFIX_PATH}:/opt/ros/foxy /usr/bin/cmake --build /home/ubuntu/workspaces/diff_robot/build/my_bot -- -j4 -l4
[2.174s] DEBUG:colcon.colcon_core.event_handler.log_command:Invoked command in '/home/ubuntu/workspaces/diff_robot/build/my_bot' returned '0': CMAKE_PREFIX_PATH=${CMAKE_PREFIX_PATH}:/opt/ros/foxy /usr/bin/cmake --build /home/ubuntu/workspaces/diff_robot/build/my_bot -- -j4 -l4
[2.303s] DEBUG:colcon.colcon_core.event_handler.log_command:Invoking command in '/home/ubuntu/workspaces/diff_robot/build/my_bot': CMAKE_PREFIX_PATH=${CMAKE_PREFIX_PATH}:/opt/ros/foxy /usr/bin/cmake --install /home/ubuntu/workspaces/diff_robot/build/my_bot
[2.465s] Level 1:colcon.colcon_core.environment:create_environment_scripts_only(my_bot)
[2.474s] DEBUG:colcon.colcon_core.event_handler.log_command:Invoked command in '/home/ubuntu/workspaces/diff_robot/build/my_bot' returned '0': CMAKE_PREFIX_PATH=${CMAKE_PREFIX_PATH}:/opt/ros/foxy /usr/bin/cmake --install /home/ubuntu/workspaces/diff_robot/build/my_bot
[2.498s] Level 1:colcon.colcon_core.environment:checking '/home/ubuntu/workspaces/diff_robot/install/my_bot' for CMake module files
[2.503s] Level 1:colcon.colcon_core.environment:checking '/home/ubuntu/workspaces/diff_robot/install/my_bot' for CMake config files
[2.507s] Level 1:colcon.colcon_core.shell:create_environment_hook('my_bot', 'cmake_prefix_path')
[2.515s] INFO:colcon.colcon_core.shell:Creating environment hook '/home/ubuntu/workspaces/diff_robot/install/my_bot/share/my_bot/hook/cmake_prefix_path.ps1'
[2.519s] INFO:colcon.colcon_core.shell:Creating environment descriptor '/home/ubuntu/workspaces/diff_robot/install/my_bot/share/my_bot/hook/cmake_prefix_path.dsv'
[2.522s] INFO:colcon.colcon_core.shell:Creating environment hook '/home/ubuntu/workspaces/diff_robot/install/my_bot/share/my_bot/hook/cmake_prefix_path.sh'
[2.528s] Level 1:colcon.colcon_core.environment:checking '/home/ubuntu/workspaces/diff_robot/install/my_bot/bin'
[2.528s] Level 1:colcon.colcon_core.environment:checking '/home/ubuntu/workspaces/diff_robot/install/my_bot/lib/pkgconfig/my_bot.pc'
[2.530s] Level 1:colcon.colcon_core.environment:checking '/home/ubuntu/workspaces/diff_robot/install/my_bot/lib/python3.8/site-packages'
[2.531s] Level 1:colcon.colcon_core.environment:checking '/home/ubuntu/workspaces/diff_robot/install/my_bot/bin'
[2.541s] INFO:colcon.colcon_core.shell:Creating package script '/home/ubuntu/workspaces/diff_robot/install/my_bot/share/my_bot/package.ps1'
[2.546s] INFO:colcon.colcon_core.shell:Creating package descriptor '/home/ubuntu/workspaces/diff_robot/install/my_bot/share/my_bot/package.dsv'
[2.550s] INFO:colcon.colcon_core.shell:Creating package script '/home/ubuntu/workspaces/diff_robot/install/my_bot/share/my_bot/package.sh'
[2.555s] INFO:colcon.colcon_core.shell:Creating package script '/home/ubuntu/workspaces/diff_robot/install/my_bot/share/my_bot/package.bash'
[2.560s] INFO:colcon.colcon_core.shell:Creating package script '/home/ubuntu/workspaces/diff_robot/install/my_bot/share/my_bot/package.zsh'
[2.563s] Level 1:colcon.colcon_core.environment:create_file_with_runtime_dependencies(/home/ubuntu/workspaces/diff_robot/install/my_bot/share/colcon-core/packages/my_bot)
[2.837s] Level 1:colcon.colcon_core.environment:create_environment_scripts_only(my_bot)
[2.847s] Level 1:colcon.colcon_core.environment:checking '/home/ubuntu/workspaces/diff_robot/install/my_bot' for CMake module files
[2.850s] Level 1:colcon.colcon_core.environment:checking '/home/ubuntu/workspaces/diff_robot/install/my_bot' for CMake config files
[2.853s] Level 1:colcon.colcon_core.shell:create_environment_hook('my_bot', 'cmake_prefix_path')
[2.860s] INFO:colcon.colcon_core.shell:Creating environment hook '/home/ubuntu/workspaces/diff_robot/install/my_bot/share/my_bot/hook/cmake_prefix_path.ps1'
[2.862s] INFO:colcon.colcon_core.shell:Creating environment descriptor '/home/ubuntu/workspaces/diff_robot/install/my_bot/share/my_bot/hook/cmake_prefix_path.dsv'
[2.864s] INFO:colcon.colcon_core.shell:Creating environment hook '/home/ubuntu/workspaces/diff_robot/install/my_bot/share/my_bot/hook/cmake_prefix_path.sh'
[2.867s] Level 1:colcon.colcon_core.environment:checking '/home/ubuntu/workspaces/diff_robot/install/my_bot/bin'
[2.868s] Level 1:colcon.colcon_core.environment:checking '/home/ubuntu/workspaces/diff_robot/install/my_bot/lib/pkgconfig/my_bot.pc'
[2.869s] Level 1:colcon.colcon_core.environment:checking '/home/ubuntu/workspaces/diff_robot/install/my_bot/lib/python3.8/site-packages'
[2.870s] Level 1:colcon.colcon_core.environment:checking '/home/ubuntu/workspaces/diff_robot/install/my_bot/bin'
[2.876s] INFO:colcon.colcon_core.shell:Creating package script '/home/ubuntu/workspaces/diff_robot/install/my_bot/share/my_bot/package.ps1'
[2.879s] INFO:colcon.colcon_core.shell:Creating package descriptor '/home/ubuntu/workspaces/diff_robot/install/my_bot/share/my_bot/package.dsv'
[2.881s] INFO:colcon.colcon_core.shell:Creating package script '/home/ubuntu/workspaces/diff_robot/install/my_bot/share/my_bot/package.sh'
[2.884s] INFO:colcon.colcon_core.shell:Creating package script '/home/ubuntu/workspaces/diff_robot/install/my_bot/share/my_bot/package.bash'
[2.887s] INFO:colcon.colcon_core.shell:Creating package script '/home/ubuntu/workspaces/diff_robot/install/my_bot/share/my_bot/package.zsh'
[2.889s] Level 1:colcon.colcon_core.environment:create_file_with_runtime_dependencies(/home/ubuntu/workspaces/diff_robot/install/my_bot/share/colcon-core/packages/my_bot)
[2.994s] DEBUG:colcon.colcon_core.event_handler.log_command:Invoked command in '/home/ubuntu/workspaces/diff_robot/build/diff_interface' returned '2': CMAKE_PREFIX_PATH=${CMAKE_PREFIX_PATH}:/opt/ros/foxy /usr/bin/cmake --build /home/ubuntu/workspaces/diff_robot/build/diff_interface -- -j4 -l4
[3.143s] Level 1:colcon.colcon_core.environment:create_environment_scripts_only(diff_interface)
[3.152s] Level 1:colcon.colcon_core.environment:checking '/home/ubuntu/workspaces/diff_robot/install/diff_interface' for CMake module files
[3.155s] Level 1:colcon.colcon_core.environment:checking '/home/ubuntu/workspaces/diff_robot/install/diff_interface' for CMake config files
[3.158s] Level 1:colcon.colcon_core.shell:create_environment_hook('diff_interface', 'cmake_prefix_path')
[3.163s] INFO:colcon.colcon_core.shell:Creating environment hook '/home/ubuntu/workspaces/diff_robot/install/diff_interface/share/diff_interface/hook/cmake_prefix_path.ps1'
[3.165s] INFO:colcon.colcon_core.shell:Creating environment descriptor '/home/ubuntu/workspaces/diff_robot/install/diff_interface/share/diff_interface/hook/cmake_prefix_path.dsv'
[3.167s] INFO:colcon.colcon_core.shell:Creating environment hook '/home/ubuntu/workspaces/diff_robot/install/diff_interface/share/diff_interface/hook/cmake_prefix_path.sh'
[3.169s] Level 1:colcon.colcon_core.environment:checking '/home/ubuntu/workspaces/diff_robot/install/diff_interface/lib'
[3.170s] Level 1:colcon.colcon_core.shell:create_environment_hook('diff_interface', 'ld_library_path_lib')
[3.175s] INFO:colcon.colcon_core.shell:Creating environment hook '/home/ubuntu/workspaces/diff_robot/install/diff_interface/share/diff_interface/hook/ld_library_path_lib.ps1'
[3.177s] INFO:colcon.colcon_core.shell:Creating environment descriptor '/home/ubuntu/workspaces/diff_robot/install/diff_interface/share/diff_interface/hook/ld_library_path_lib.dsv'
[3.179s] INFO:colcon.colcon_core.shell:Creating environment hook '/home/ubuntu/workspaces/diff_robot/install/diff_interface/share/diff_interface/hook/ld_library_path_lib.sh'
[3.180s] Level 1:colcon.colcon_core.environment:checking '/home/ubuntu/workspaces/diff_robot/install/diff_interface/bin'
[3.181s] Level 1:colcon.colcon_core.environment:checking '/home/ubuntu/workspaces/diff_robot/install/diff_interface/lib/pkgconfig/diff_interface.pc'
[3.182s] Level 1:colcon.colcon_core.environment:checking '/home/ubuntu/workspaces/diff_robot/install/diff_interface/lib/python3.8/site-packages'
[3.182s] Level 1:colcon.colcon_core.environment:checking '/home/ubuntu/workspaces/diff_robot/install/diff_interface/bin'
[3.188s] INFO:colcon.colcon_core.shell:Creating package script '/home/ubuntu/workspaces/diff_robot/install/diff_interface/share/diff_interface/package.ps1'
[3.190s] INFO:colcon.colcon_core.shell:Creating package descriptor '/home/ubuntu/workspaces/diff_robot/install/diff_interface/share/diff_interface/package.dsv'
[3.193s] INFO:colcon.colcon_core.shell:Creating package script '/home/ubuntu/workspaces/diff_robot/install/diff_interface/share/diff_interface/package.sh'
[3.195s] INFO:colcon.colcon_core.shell:Creating package script '/home/ubuntu/workspaces/diff_robot/install/diff_interface/share/diff_interface/package.bash'
[3.197s] INFO:colcon.colcon_core.shell:Creating package script '/home/ubuntu/workspaces/diff_robot/install/diff_interface/share/diff_interface/package.zsh'
[3.199s] Level 1:colcon.colcon_core.environment:create_file_with_runtime_dependencies(/home/ubuntu/workspaces/diff_robot/install/diff_interface/share/colcon-core/packages/diff_interface)
[3.201s] DEBUG:colcon.colcon_parallel_executor.executor.parallel:closing loop
[3.202s] DEBUG:colcon.colcon_parallel_executor.executor.parallel:loop closed
[3.203s] DEBUG:colcon.colcon_parallel_executor.executor.parallel:run_until_complete finished with '2'
[3.203s] DEBUG:colcon.colcon_core.event_reactor:joining thread
[3.226s] INFO:colcon.colcon_core.plugin_system:Skipping extension 'colcon_notification.desktop_notification.terminal_notifier': Not used on non-Darwin systems
[3.226s] INFO:colcon.colcon_core.plugin_system:Skipping extension 'colcon_notification.desktop_notification.win32': Not used on non-Windows systems
[3.227s] INFO:colcon.colcon_notification.desktop_notification:Sending desktop notification using 'notify2'
[3.231s] DEBUG:colcon.colcon_notification.desktop_notification.notify2:Failed to initialize notify2: org.freedesktop.DBus.Error.ServiceUnknown: The name org.freedesktop.Notifications was not provided by any .service files
[3.231s] DEBUG:colcon.colcon_core.event_reactor:joined thread
[3.236s] INFO:colcon.colcon_core.shell:Creating prefix script '/home/ubuntu/workspaces/diff_robot/install/local_setup.ps1'
[3.240s] INFO:colcon.colcon_core.shell:Creating prefix util module '/home/ubuntu/workspaces/diff_robot/install/_local_setup_util_ps1.py'
[3.245s] INFO:colcon.colcon_core.shell:Creating prefix chain script '/home/ubuntu/workspaces/diff_robot/install/setup.ps1'
[3.252s] INFO:colcon.colcon_core.shell:Creating prefix script '/home/ubuntu/workspaces/diff_robot/install/local_setup.sh'
[3.254s] INFO:colcon.colcon_core.shell:Creating prefix util module '/home/ubuntu/workspaces/diff_robot/install/_local_setup_util_sh.py'
[3.256s] INFO:colcon.colcon_core.shell:Creating prefix chain script '/home/ubuntu/workspaces/diff_robot/install/setup.sh'
[3.262s] INFO:colcon.colcon_core.shell:Creating prefix script '/home/ubuntu/workspaces/diff_robot/install/local_setup.bash'
[3.265s] INFO:colcon.colcon_core.shell:Creating prefix chain script '/home/ubuntu/workspaces/diff_robot/install/setup.bash'
[3.270s] INFO:colcon.colcon_core.shell:Creating prefix script '/home/ubuntu/workspaces/diff_robot/install/local_setup.zsh'
[3.272s] INFO:colcon.colcon_core.shell:Creating prefix chain script '/home/ubuntu/workspaces/diff_robot/install/setup.zsh'
